<?xml version="1.0" encoding="UTF-8"?>
<coverage generated="1692730626073" clover="3.2.0">
  <project timestamp="1692730626074" name="All files">
    <metrics statements="2266" coveredstatements="2264" conditionals="300" coveredconditionals="279" methods="113" coveredmethods="111" elements="2679" coveredelements="2654" complexity="0" loc="2266" ncloc="2266" packages="12" files="40" classes="40"/>
    <package name="src">
      <metrics statements="95" coveredstatements="95" conditionals="3" coveredconditionals="3" methods="1" coveredmethods="1"/>
      <file name="App.tsx" path="C:\Dev\OC2-prep\TypescriptTest\ts-test\src\App.tsx">
        <metrics statements="95" coveredstatements="95" conditionals="3" coveredconditionals="3" methods="1" coveredmethods="1"/>
        <line num="1" count="1" type="stmt"/>
        <line num="2" count="1" type="stmt"/>
        <line num="3" count="1" type="stmt"/>
        <line num="4" count="1" type="stmt"/>
        <line num="5" count="1" type="stmt"/>
        <line num="6" count="1" type="stmt"/>
        <line num="7" count="1" type="stmt"/>
        <line num="8" count="1" type="stmt"/>
        <line num="9" count="1" type="stmt"/>
        <line num="10" count="1" type="stmt"/>
        <line num="11" count="1" type="stmt"/>
        <line num="12" count="1" type="stmt"/>
        <line num="13" count="1" type="stmt"/>
        <line num="14" count="1" type="stmt"/>
        <line num="15" count="1" type="stmt"/>
        <line num="16" count="1" type="stmt"/>
        <line num="17" count="1" type="stmt"/>
        <line num="18" count="1" type="stmt"/>
        <line num="19" count="1" type="stmt"/>
        <line num="20" count="1" type="stmt"/>
        <line num="21" count="1" type="stmt"/>
        <line num="22" count="1" type="stmt"/>
        <line num="23" count="1" type="stmt"/>
        <line num="24" count="1" type="stmt"/>
        <line num="25" count="1" type="stmt"/>
        <line num="26" count="1" type="stmt"/>
        <line num="27" count="1" type="stmt"/>
        <line num="28" count="1" type="stmt"/>
        <line num="29" count="1" type="stmt"/>
        <line num="30" count="1" type="stmt"/>
        <line num="31" count="1" type="stmt"/>
        <line num="32" count="1" type="stmt"/>
        <line num="33" count="1" type="stmt"/>
        <line num="34" count="27" type="cond" truecount="1" falsecount="0"/>
        <line num="35" count="27" type="stmt"/>
        <line num="36" count="27" type="stmt"/>
        <line num="37" count="27" type="stmt"/>
        <line num="38" count="27" type="stmt"/>
        <line num="39" count="27" type="stmt"/>
        <line num="40" count="27" type="stmt"/>
        <line num="41" count="27" type="stmt"/>
        <line num="42" count="27" type="stmt"/>
        <line num="43" count="27" type="stmt"/>
        <line num="44" count="27" type="stmt"/>
        <line num="45" count="27" type="stmt"/>
        <line num="46" count="27" type="stmt"/>
        <line num="47" count="27" type="stmt"/>
        <line num="48" count="27" type="stmt"/>
        <line num="49" count="27" type="stmt"/>
        <line num="50" count="27" type="stmt"/>
        <line num="51" count="27" type="stmt"/>
        <line num="52" count="27" type="stmt"/>
        <line num="53" count="27" type="stmt"/>
        <line num="54" count="27" type="stmt"/>
        <line num="55" count="27" type="stmt"/>
        <line num="56" count="27" type="stmt"/>
        <line num="57" count="27" type="stmt"/>
        <line num="58" count="27" type="stmt"/>
        <line num="59" count="27" type="stmt"/>
        <line num="60" count="27" type="stmt"/>
        <line num="61" count="27" type="stmt"/>
        <line num="62" count="27" type="stmt"/>
        <line num="63" count="27" type="stmt"/>
        <line num="64" count="27" type="stmt"/>
        <line num="65" count="27" type="stmt"/>
        <line num="66" count="27" type="stmt"/>
        <line num="67" count="27" type="stmt"/>
        <line num="68" count="27" type="cond" truecount="1" falsecount="0"/>
        <line num="69" count="9" type="stmt"/>
        <line num="70" count="9" type="stmt"/>
        <line num="71" count="9" type="stmt"/>
        <line num="72" count="9" type="stmt"/>
        <line num="73" count="9" type="stmt"/>
        <line num="74" count="9" type="stmt"/>
        <line num="75" count="9" type="stmt"/>
        <line num="76" count="9" type="stmt"/>
        <line num="77" count="9" type="stmt"/>
        <line num="78" count="9" type="stmt"/>
        <line num="79" count="9" type="stmt"/>
        <line num="80" count="9" type="cond" truecount="1" falsecount="0"/>
        <line num="81" count="17" type="stmt"/>
        <line num="82" count="17" type="stmt"/>
        <line num="83" count="17" type="stmt"/>
        <line num="84" count="17" type="stmt"/>
        <line num="85" count="27" type="stmt"/>
        <line num="86" count="27" type="stmt"/>
        <line num="87" count="27" type="stmt"/>
        <line num="88" count="27" type="stmt"/>
        <line num="89" count="1" type="stmt"/>
        <line num="90" count="1" type="stmt"/>
        <line num="91" count="1" type="stmt"/>
        <line num="92" count="1" type="stmt"/>
        <line num="93" count="1" type="stmt"/>
        <line num="94" count="1" type="stmt"/>
        <line num="95" count="1" type="stmt"/>
      </file>
    </package>
    <package name="src.components">
      <metrics statements="386" coveredstatements="386" conditionals="65" coveredconditionals="58" methods="20" coveredmethods="19"/>
      <file name="Balance.tsx" path="C:\Dev\OC2-prep\TypescriptTest\ts-test\src\components\Balance.tsx">
        <metrics statements="36" coveredstatements="36" conditionals="1" coveredconditionals="1" methods="1" coveredmethods="1"/>
        <line num="1" count="1" type="stmt"/>
        <line num="2" count="1" type="stmt"/>
        <line num="3" count="1" type="cond" truecount="1" falsecount="0"/>
        <line num="4" count="26" type="stmt"/>
        <line num="5" count="26" type="stmt"/>
        <line num="6" count="26" type="stmt"/>
        <line num="7" count="26" type="stmt"/>
        <line num="8" count="26" type="stmt"/>
        <line num="9" count="26" type="stmt"/>
        <line num="10" count="26" type="stmt"/>
        <line num="11" count="26" type="stmt"/>
        <line num="12" count="26" type="stmt"/>
        <line num="13" count="26" type="stmt"/>
        <line num="14" count="26" type="stmt"/>
        <line num="15" count="26" type="stmt"/>
        <line num="16" count="26" type="stmt"/>
        <line num="17" count="26" type="stmt"/>
        <line num="18" count="26" type="stmt"/>
        <line num="19" count="26" type="stmt"/>
        <line num="20" count="26" type="stmt"/>
        <line num="21" count="26" type="stmt"/>
        <line num="22" count="26" type="stmt"/>
        <line num="23" count="26" type="stmt"/>
        <line num="24" count="26" type="stmt"/>
        <line num="25" count="26" type="stmt"/>
        <line num="26" count="26" type="stmt"/>
        <line num="27" count="1" type="stmt"/>
        <line num="28" count="1" type="stmt"/>
        <line num="29" count="1" type="stmt"/>
        <line num="30" count="1" type="stmt"/>
        <line num="31" count="1" type="stmt"/>
        <line num="32" count="1" type="stmt"/>
        <line num="33" count="1" type="stmt"/>
        <line num="34" count="1" type="stmt"/>
        <line num="35" count="1" type="stmt"/>
        <line num="36" count="1" type="stmt"/>
      </file>
      <file name="CreditCards.tsx" path="C:\Dev\OC2-prep\TypescriptTest\ts-test\src\components\CreditCards.tsx">
        <metrics statements="36" coveredstatements="36" conditionals="1" coveredconditionals="1" methods="1" coveredmethods="1"/>
        <line num="1" count="1" type="stmt"/>
        <line num="2" count="1" type="stmt"/>
        <line num="3" count="1" type="stmt"/>
        <line num="4" count="1" type="stmt"/>
        <line num="5" count="26" type="cond" truecount="1" falsecount="0"/>
        <line num="6" count="26" type="stmt"/>
        <line num="7" count="26" type="stmt"/>
        <line num="8" count="26" type="stmt"/>
        <line num="9" count="26" type="stmt"/>
        <line num="10" count="26" type="stmt"/>
        <line num="11" count="26" type="stmt"/>
        <line num="12" count="26" type="stmt"/>
        <line num="13" count="26" type="stmt"/>
        <line num="14" count="26" type="stmt"/>
        <line num="15" count="26" type="stmt"/>
        <line num="16" count="26" type="stmt"/>
        <line num="17" count="26" type="stmt"/>
        <line num="18" count="26" type="stmt"/>
        <line num="19" count="26" type="stmt"/>
        <line num="20" count="26" type="stmt"/>
        <line num="21" count="26" type="stmt"/>
        <line num="22" count="26" type="stmt"/>
        <line num="23" count="26" type="stmt"/>
        <line num="24" count="26" type="stmt"/>
        <line num="25" count="26" type="stmt"/>
        <line num="26" count="26" type="stmt"/>
        <line num="27" count="26" type="stmt"/>
        <line num="28" count="26" type="stmt"/>
        <line num="29" count="26" type="stmt"/>
        <line num="30" count="26" type="stmt"/>
        <line num="31" count="26" type="stmt"/>
        <line num="32" count="26" type="stmt"/>
        <line num="33" count="26" type="stmt"/>
        <line num="34" count="26" type="stmt"/>
        <line num="35" count="1" type="stmt"/>
        <line num="36" count="1" type="stmt"/>
      </file>
      <file name="CreditCardsOptions.tsx" path="C:\Dev\OC2-prep\TypescriptTest\ts-test\src\components\CreditCardsOptions.tsx">
        <metrics statements="13" coveredstatements="13" conditionals="1" coveredconditionals="1" methods="1" coveredmethods="1"/>
        <line num="1" count="1" type="stmt"/>
        <line num="2" count="1" type="stmt"/>
        <line num="3" count="1" type="stmt"/>
        <line num="4" count="1" type="stmt"/>
        <line num="5" count="1" type="stmt"/>
        <line num="6" count="1" type="stmt"/>
        <line num="7" count="78" type="cond" truecount="1" falsecount="0"/>
        <line num="8" count="78" type="stmt"/>
        <line num="9" count="78" type="stmt"/>
        <line num="10" count="78" type="stmt"/>
        <line num="11" count="78" type="stmt"/>
        <line num="12" count="1" type="stmt"/>
        <line num="13" count="1" type="stmt"/>
      </file>
      <file name="Cryptos.tsx" path="C:\Dev\OC2-prep\TypescriptTest\ts-test\src\components\Cryptos.tsx">
        <metrics statements="35" coveredstatements="35" conditionals="10" coveredconditionals="8" methods="2" coveredmethods="2"/>
        <line num="1" count="1" type="stmt"/>
        <line num="2" count="1" type="stmt"/>
        <line num="3" count="1" type="stmt"/>
        <line num="4" count="1" type="stmt"/>
        <line num="5" count="1" type="stmt"/>
        <line num="6" count="1" type="cond" truecount="1" falsecount="0"/>
        <line num="7" count="26" type="stmt"/>
        <line num="8" count="26" type="stmt"/>
        <line num="9" count="26" type="stmt"/>
        <line num="10" count="26" type="cond" truecount="1" falsecount="0"/>
        <line num="11" count="52" type="stmt"/>
        <line num="12" count="52" type="stmt"/>
        <line num="13" count="52" type="stmt"/>
        <line num="14" count="52" type="stmt"/>
        <line num="15" count="52" type="stmt"/>
        <line num="16" count="26" type="stmt"/>
        <line num="17" count="26" type="stmt"/>
        <line num="18" count="26" type="stmt"/>
        <line num="19" count="26" type="stmt"/>
        <line num="20" count="26" type="stmt"/>
        <line num="21" count="26" type="stmt"/>
        <line num="22" count="1" type="stmt"/>
        <line num="23" count="1" type="cond" truecount="1" falsecount="0"/>
        <line num="24" count="52" type="stmt"/>
        <line num="25" count="52" type="cond" truecount="2" falsecount="0"/>
        <line num="26" count="52" type="stmt"/>
        <line num="27" count="52" type="cond" truecount="0" falsecount="1"/>
        <line num="28" count="52" type="cond" truecount="0" falsecount="1"/>
        <line num="29" count="52" type="cond" truecount="2" falsecount="0"/>
        <line num="30" count="52" type="cond" truecount="1" falsecount="0"/>
        <line num="31" count="52" type="stmt"/>
        <line num="32" count="52" type="stmt"/>
        <line num="33" count="52" type="stmt"/>
        <line num="34" count="1" type="stmt"/>
        <line num="35" count="1" type="stmt"/>
      </file>
      <file name="Header.tsx" path="C:\Dev\OC2-prep\TypescriptTest\ts-test\src\components\Header.tsx">
        <metrics statements="37" coveredstatements="37" conditionals="3" coveredconditionals="3" methods="1" coveredmethods="1"/>
        <line num="1" count="1" type="stmt"/>
        <line num="2" count="1" type="stmt"/>
        <line num="3" count="1" type="stmt"/>
        <line num="4" count="1" type="stmt"/>
        <line num="5" count="1" type="stmt"/>
        <line num="6" count="61" type="cond" truecount="1" falsecount="0"/>
        <line num="7" count="61" type="stmt"/>
        <line num="8" count="61" type="cond" truecount="2" falsecount="0"/>
        <line num="9" count="61" type="stmt"/>
        <line num="10" count="61" type="stmt"/>
        <line num="11" count="61" type="stmt"/>
        <line num="12" count="61" type="stmt"/>
        <line num="13" count="61" type="stmt"/>
        <line num="14" count="61" type="stmt"/>
        <line num="15" count="61" type="stmt"/>
        <line num="16" count="61" type="stmt"/>
        <line num="17" count="61" type="stmt"/>
        <line num="18" count="61" type="stmt"/>
        <line num="19" count="61" type="stmt"/>
        <line num="20" count="61" type="stmt"/>
        <line num="21" count="61" type="stmt"/>
        <line num="22" count="61" type="stmt"/>
        <line num="23" count="61" type="stmt"/>
        <line num="24" count="61" type="stmt"/>
        <line num="25" count="61" type="stmt"/>
        <line num="26" count="61" type="stmt"/>
        <line num="27" count="61" type="stmt"/>
        <line num="28" count="61" type="stmt"/>
        <line num="29" count="1" type="stmt"/>
        <line num="30" count="1" type="stmt"/>
        <line num="31" count="1" type="stmt"/>
        <line num="32" count="1" type="stmt"/>
        <line num="33" count="1" type="stmt"/>
        <line num="34" count="1" type="stmt"/>
        <line num="35" count="1" type="stmt"/>
        <line num="36" count="1" type="stmt"/>
        <line num="37" count="1" type="stmt"/>
      </file>
      <file name="MessagingHorizontalMenu.tsx" path="C:\Dev\OC2-prep\TypescriptTest\ts-test\src\components\MessagingHorizontalMenu.tsx">
        <metrics statements="17" coveredstatements="17" conditionals="7" coveredconditionals="7" methods="1" coveredmethods="1"/>
        <line num="1" count="1" type="stmt"/>
        <line num="2" count="1" type="stmt"/>
        <line num="3" count="1" type="stmt"/>
        <line num="4" count="27" type="cond" truecount="1" falsecount="0"/>
        <line num="5" count="27" type="stmt"/>
        <line num="6" count="27" type="stmt"/>
        <line num="7" count="27" type="cond" truecount="2" falsecount="0"/>
        <line num="8" count="27" type="cond" truecount="2" falsecount="0"/>
        <line num="9" count="27" type="cond" truecount="2" falsecount="0"/>
        <line num="10" count="27" type="stmt"/>
        <line num="11" count="27" type="stmt"/>
        <line num="12" count="1" type="stmt"/>
        <line num="13" count="1" type="stmt"/>
        <line num="14" count="1" type="stmt"/>
        <line num="15" count="1" type="stmt"/>
        <line num="16" count="1" type="stmt"/>
        <line num="17" count="1" type="stmt"/>
      </file>
      <file name="Modal.tsx" path="C:\Dev\OC2-prep\TypescriptTest\ts-test\src\components\Modal.tsx">
        <metrics statements="32" coveredstatements="32" conditionals="10" coveredconditionals="7" methods="2" coveredmethods="2"/>
        <line num="1" count="1" type="stmt"/>
        <line num="2" count="1" type="stmt"/>
        <line num="3" count="1" type="stmt"/>
        <line num="4" count="26" type="cond" truecount="1" falsecount="0"/>
        <line num="5" count="26" type="stmt"/>
        <line num="6" count="26" type="stmt"/>
        <line num="7" count="26" type="stmt"/>
        <line num="8" count="26" type="stmt"/>
        <line num="9" count="26" type="cond" truecount="1" falsecount="0"/>
        <line num="10" count="26" type="cond" truecount="2" falsecount="1"/>
        <line num="11" count="26" type="cond" truecount="0" falsecount="1"/>
        <line num="12" count="26" type="stmt"/>
        <line num="13" count="26" type="stmt"/>
        <line num="14" count="26" type="stmt"/>
        <line num="15" count="26" type="stmt"/>
        <line num="16" count="26" type="cond" truecount="1" falsecount="0"/>
        <line num="17" count="9" type="cond" truecount="1" falsecount="1"/>
        <line num="18" count="9" type="stmt"/>
        <line num="19" count="9" type="cond" truecount="1" falsecount="0"/>
        <line num="20" count="17" type="stmt"/>
        <line num="21" count="26" type="stmt"/>
        <line num="22" count="26" type="stmt"/>
        <line num="23" count="1" type="stmt"/>
        <line num="24" count="1" type="stmt"/>
        <line num="25" count="1" type="stmt"/>
        <line num="26" count="1" type="stmt"/>
        <line num="27" count="1" type="stmt"/>
        <line num="28" count="1" type="stmt"/>
        <line num="29" count="1" type="stmt"/>
        <line num="30" count="1" type="stmt"/>
        <line num="31" count="1" type="stmt"/>
        <line num="32" count="1" type="stmt"/>
      </file>
      <file name="RecurringDebits.tsx" path="C:\Dev\OC2-prep\TypescriptTest\ts-test\src\components\RecurringDebits.tsx">
        <metrics statements="43" coveredstatements="43" conditionals="7" coveredconditionals="6" methods="2" coveredmethods="2"/>
        <line num="1" count="1" type="stmt"/>
        <line num="2" count="1" type="stmt"/>
        <line num="3" count="1" type="stmt"/>
        <line num="4" count="1" type="stmt"/>
        <line num="5" count="1" type="stmt"/>
        <line num="6" count="1" type="cond" truecount="1" falsecount="0"/>
        <line num="7" count="26" type="stmt"/>
        <line num="8" count="26" type="stmt"/>
        <line num="9" count="26" type="stmt"/>
        <line num="10" count="26" type="stmt"/>
        <line num="11" count="26" type="cond" truecount="1" falsecount="0"/>
        <line num="12" count="52" type="stmt"/>
        <line num="13" count="52" type="stmt"/>
        <line num="14" count="52" type="stmt"/>
        <line num="15" count="52" type="stmt"/>
        <line num="16" count="52" type="stmt"/>
        <line num="17" count="52" type="stmt"/>
        <line num="18" count="26" type="stmt"/>
        <line num="19" count="26" type="stmt"/>
        <line num="20" count="26" type="stmt"/>
        <line num="21" count="26" type="stmt"/>
        <line num="22" count="26" type="stmt"/>
        <line num="23" count="1" type="stmt"/>
        <line num="24" count="1" type="cond" truecount="1" falsecount="0"/>
        <line num="25" count="52" type="stmt"/>
        <line num="26" count="52" type="stmt"/>
        <line num="27" count="52" type="stmt"/>
        <line num="28" count="52" type="stmt"/>
        <line num="29" count="52" type="cond" truecount="2" falsecount="0"/>
        <line num="30" count="52" type="stmt"/>
        <line num="31" count="52" type="stmt"/>
        <line num="32" count="52" type="stmt"/>
        <line num="33" count="52" type="cond" truecount="0" falsecount="1"/>
        <line num="34" count="52" type="stmt"/>
        <line num="35" count="52" type="stmt"/>
        <line num="36" count="52" type="cond" truecount="1" falsecount="0"/>
        <line num="37" count="52" type="stmt"/>
        <line num="38" count="52" type="stmt"/>
        <line num="39" count="52" type="stmt"/>
        <line num="40" count="52" type="stmt"/>
        <line num="41" count="52" type="stmt"/>
        <line num="42" count="1" type="stmt"/>
        <line num="43" count="1" type="stmt"/>
      </file>
      <file name="Transactions.tsx" path="C:\Dev\OC2-prep\TypescriptTest\ts-test\src\components\Transactions.tsx">
        <metrics statements="46" coveredstatements="46" conditionals="5" coveredconditionals="5" methods="2" coveredmethods="2"/>
        <line num="1" count="1" type="stmt"/>
        <line num="2" count="1" type="stmt"/>
        <line num="3" count="1" type="stmt"/>
        <line num="4" count="1" type="stmt"/>
        <line num="5" count="1" type="stmt"/>
        <line num="6" count="1" type="stmt"/>
        <line num="7" count="1" type="cond" truecount="1" falsecount="0"/>
        <line num="8" count="26" type="stmt"/>
        <line num="9" count="26" type="stmt"/>
        <line num="10" count="26" type="stmt"/>
        <line num="11" count="26" type="stmt"/>
        <line num="12" count="26" type="stmt"/>
        <line num="13" count="26" type="stmt"/>
        <line num="14" count="26" type="cond" truecount="1" falsecount="0"/>
        <line num="15" count="156" type="stmt"/>
        <line num="16" count="156" type="stmt"/>
        <line num="17" count="156" type="stmt"/>
        <line num="18" count="156" type="stmt"/>
        <line num="19" count="156" type="stmt"/>
        <line num="20" count="26" type="stmt"/>
        <line num="21" count="26" type="stmt"/>
        <line num="22" count="26" type="stmt"/>
        <line num="23" count="26" type="stmt"/>
        <line num="24" count="26" type="stmt"/>
        <line num="25" count="1" type="stmt"/>
        <line num="26" count="1" type="cond" truecount="1" falsecount="0"/>
        <line num="27" count="156" type="stmt"/>
        <line num="28" count="156" type="stmt"/>
        <line num="29" count="156" type="stmt"/>
        <line num="30" count="156" type="stmt"/>
        <line num="31" count="156" type="stmt"/>
        <line num="32" count="156" type="stmt"/>
        <line num="33" count="156" type="stmt"/>
        <line num="34" count="156" type="stmt"/>
        <line num="35" count="156" type="cond" truecount="2" falsecount="0"/>
        <line num="36" count="156" type="stmt"/>
        <line num="37" count="156" type="stmt"/>
        <line num="38" count="156" type="stmt"/>
        <line num="39" count="156" type="stmt"/>
        <line num="40" count="156" type="stmt"/>
        <line num="41" count="156" type="stmt"/>
        <line num="42" count="156" type="stmt"/>
        <line num="43" count="156" type="stmt"/>
        <line num="44" count="156" type="stmt"/>
        <line num="45" count="1" type="stmt"/>
        <line num="46" count="1" type="stmt"/>
      </file>
      <file name="Transfer.tsx" path="C:\Dev\OC2-prep\TypescriptTest\ts-test\src\components\Transfer.tsx">
        <metrics statements="61" coveredstatements="61" conditionals="9" coveredconditionals="8" methods="6" coveredmethods="5"/>
        <line num="1" count="1" type="stmt"/>
        <line num="2" count="1" type="stmt"/>
        <line num="3" count="1" type="stmt"/>
        <line num="4" count="1" type="stmt"/>
        <line num="5" count="1" type="stmt"/>
        <line num="6" count="1" type="cond" truecount="1" falsecount="0"/>
        <line num="7" count="26" type="stmt"/>
        <line num="8" count="26" type="cond" truecount="1" falsecount="0"/>
        <line num="9" count="52" type="cond" truecount="1" falsecount="0"/>
        <line num="10" count="52" type="stmt"/>
        <line num="11" count="26" type="stmt"/>
        <line num="12" count="26" type="stmt"/>
        <line num="13" count="26" type="stmt"/>
        <line num="14" count="26" type="stmt"/>
        <line num="15" count="26" type="stmt"/>
        <line num="16" count="26" type="cond" truecount="1" falsecount="0"/>
        <line num="17" count="26" type="stmt"/>
        <line num="18" count="26" type="stmt"/>
        <line num="19" count="26" type="stmt"/>
        <line num="20" count="26" type="stmt"/>
        <line num="21" count="26" type="stmt"/>
        <line num="22" count="26" type="stmt"/>
        <line num="23" count="26" type="stmt"/>
        <line num="24" count="26" type="stmt"/>
        <line num="25" count="26" type="stmt"/>
        <line num="26" count="26" type="stmt"/>
        <line num="27" count="26" type="stmt"/>
        <line num="28" count="26" type="cond" truecount="1" falsecount="0"/>
        <line num="29" count="2" type="stmt"/>
        <line num="30" count="2" type="stmt"/>
        <line num="31" count="26" type="stmt"/>
        <line num="32" count="26" type="stmt"/>
        <line num="33" count="26" type="stmt"/>
        <line num="34" count="26" type="stmt"/>
        <line num="35" count="26" type="cond" truecount="1" falsecount="0"/>
        <line num="36" count="104" type="stmt"/>
        <line num="37" count="104" type="cond" truecount="0" falsecount="1"/>
        <line num="38" count="104" type="stmt"/>
        <line num="39" count="26" type="stmt"/>
        <line num="40" count="26" type="stmt"/>
        <line num="41" count="26" type="cond" truecount="1" falsecount="0"/>
        <line num="42" count="26" type="stmt"/>
        <line num="43" count="26" type="cond" truecount="1" falsecount="0"/>
        <line num="44" count="4" type="stmt"/>
        <line num="45" count="4" type="stmt"/>
        <line num="46" count="4" type="stmt"/>
        <line num="47" count="26" type="stmt"/>
        <line num="48" count="26" type="stmt"/>
        <line num="49" count="26" type="stmt"/>
        <line num="50" count="26" type="stmt"/>
        <line num="51" count="26" type="stmt"/>
        <line num="52" count="26" type="stmt"/>
        <line num="53" count="26" type="stmt"/>
        <line num="54" count="1" type="stmt"/>
        <line num="55" count="1" type="stmt"/>
        <line num="56" count="1" type="stmt"/>
        <line num="57" count="1" type="stmt"/>
        <line num="58" count="1" type="stmt"/>
        <line num="59" count="1" type="stmt"/>
        <line num="60" count="1" type="stmt"/>
        <line num="61" count="1" type="stmt"/>
      </file>
      <file name="VMenu.tsx" path="C:\Dev\OC2-prep\TypescriptTest\ts-test\src\components\VMenu.tsx">
        <metrics statements="30" coveredstatements="30" conditionals="11" coveredconditionals="11" methods="1" coveredmethods="1"/>
        <line num="1" count="1" type="stmt"/>
        <line num="2" count="1" type="stmt"/>
        <line num="3" count="1" type="stmt"/>
        <line num="4" count="1" type="stmt"/>
        <line num="5" count="1" type="stmt"/>
        <line num="6" count="1" type="stmt"/>
        <line num="7" count="1" type="stmt"/>
        <line num="8" count="1" type="stmt"/>
        <line num="9" count="1" type="stmt"/>
        <line num="10" count="60" type="cond" truecount="1" falsecount="0"/>
        <line num="11" count="60" type="stmt"/>
        <line num="12" count="60" type="stmt"/>
        <line num="13" count="60" type="stmt"/>
        <line num="14" count="60" type="cond" truecount="2" falsecount="0"/>
        <line num="15" count="60" type="stmt"/>
        <line num="16" count="60" type="stmt"/>
        <line num="17" count="60" type="cond" truecount="2" falsecount="0"/>
        <line num="18" count="60" type="cond" truecount="2" falsecount="0"/>
        <line num="19" count="60" type="cond" truecount="2" falsecount="0"/>
        <line num="20" count="60" type="cond" truecount="2" falsecount="0"/>
        <line num="21" count="60" type="stmt"/>
        <line num="22" count="60" type="stmt"/>
        <line num="23" count="60" type="stmt"/>
        <line num="24" count="60" type="stmt"/>
        <line num="25" count="1" type="stmt"/>
        <line num="26" count="1" type="stmt"/>
        <line num="27" count="1" type="stmt"/>
        <line num="28" count="1" type="stmt"/>
        <line num="29" count="1" type="stmt"/>
        <line num="30" count="1" type="stmt"/>
      </file>
    </package>
    <package name="src.components.Messaging">
      <metrics statements="200" coveredstatements="200" conditionals="40" coveredconditionals="40" methods="19" coveredmethods="18"/>
      <file name="ContactsList.tsx" path="C:\Dev\OC2-prep\TypescriptTest\ts-test\src\components\Messaging\ContactsList.tsx">
        <metrics statements="51" coveredstatements="51" conditionals="1" coveredconditionals="1" methods="1" coveredmethods="1"/>
        <line num="1" count="1" type="stmt"/>
        <line num="2" count="1" type="stmt"/>
        <line num="3" count="1" type="cond" truecount="1" falsecount="0"/>
        <line num="4" count="1" type="stmt"/>
        <line num="5" count="1" type="stmt"/>
        <line num="6" count="1" type="stmt"/>
        <line num="7" count="1" type="stmt"/>
        <line num="8" count="1" type="stmt"/>
        <line num="9" count="1" type="stmt"/>
        <line num="10" count="1" type="stmt"/>
        <line num="11" count="1" type="stmt"/>
        <line num="12" count="1" type="stmt"/>
        <line num="13" count="1" type="stmt"/>
        <line num="14" count="1" type="stmt"/>
        <line num="15" count="1" type="stmt"/>
        <line num="16" count="1" type="stmt"/>
        <line num="17" count="1" type="stmt"/>
        <line num="18" count="1" type="stmt"/>
        <line num="19" count="1" type="stmt"/>
        <line num="20" count="1" type="stmt"/>
        <line num="21" count="1" type="stmt"/>
        <line num="22" count="1" type="stmt"/>
        <line num="23" count="1" type="stmt"/>
        <line num="24" count="1" type="stmt"/>
        <line num="25" count="1" type="stmt"/>
        <line num="26" count="1" type="stmt"/>
        <line num="27" count="1" type="stmt"/>
        <line num="28" count="1" type="stmt"/>
        <line num="29" count="1" type="stmt"/>
        <line num="30" count="1" type="stmt"/>
        <line num="31" count="1" type="stmt"/>
        <line num="32" count="1" type="stmt"/>
        <line num="33" count="1" type="stmt"/>
        <line num="34" count="1" type="stmt"/>
        <line num="35" count="1" type="stmt"/>
        <line num="36" count="1" type="stmt"/>
        <line num="37" count="1" type="stmt"/>
        <line num="38" count="1" type="stmt"/>
        <line num="39" count="1" type="stmt"/>
        <line num="40" count="1" type="stmt"/>
        <line num="41" count="1" type="stmt"/>
        <line num="42" count="1" type="stmt"/>
        <line num="43" count="1" type="stmt"/>
        <line num="44" count="1" type="stmt"/>
        <line num="45" count="1" type="stmt"/>
        <line num="46" count="1" type="stmt"/>
        <line num="47" count="1" type="stmt"/>
        <line num="48" count="1" type="stmt"/>
        <line num="49" count="1" type="stmt"/>
        <line num="50" count="1" type="stmt"/>
        <line num="51" count="1" type="stmt"/>
      </file>
      <file name="InboxTable.tsx" path="C:\Dev\OC2-prep\TypescriptTest\ts-test\src\components\Messaging\InboxTable.tsx">
        <metrics statements="98" coveredstatements="98" conditionals="33" coveredconditionals="33" methods="13" coveredmethods="12"/>
        <line num="1" count="1" type="stmt"/>
        <line num="2" count="1" type="stmt"/>
        <line num="3" count="1" type="stmt"/>
        <line num="4" count="1" type="stmt"/>
        <line num="5" count="1" type="stmt"/>
        <line num="6" count="1" type="stmt"/>
        <line num="7" count="1" type="stmt"/>
        <line num="8" count="42" type="cond" truecount="1" falsecount="0"/>
        <line num="9" count="42" type="stmt"/>
        <line num="10" count="42" type="stmt"/>
        <line num="11" count="42" type="cond" truecount="1" falsecount="0"/>
        <line num="12" count="42" type="cond" truecount="1" falsecount="0"/>
        <line num="13" count="42" type="cond" truecount="1" falsecount="0"/>
        <line num="14" count="42" type="cond" truecount="1" falsecount="0"/>
        <line num="15" count="42" type="cond" truecount="1" falsecount="0"/>
        <line num="16" count="42" type="stmt"/>
        <line num="17" count="42" type="stmt"/>
        <line num="18" count="42" type="cond" truecount="1" falsecount="0"/>
        <line num="19" count="623" type="cond" truecount="2" falsecount="0"/>
        <line num="20" count="33" type="stmt"/>
        <line num="21" count="623" type="stmt"/>
        <line num="22" count="42" type="stmt"/>
        <line num="23" count="42" type="stmt"/>
        <line num="24" count="42" type="stmt"/>
        <line num="25" count="42" type="stmt"/>
        <line num="26" count="42" type="stmt"/>
        <line num="27" count="42" type="stmt"/>
        <line num="28" count="42" type="stmt"/>
        <line num="29" count="42" type="stmt"/>
        <line num="30" count="42" type="cond" truecount="1" falsecount="0"/>
        <line num="31" count="42" type="stmt"/>
        <line num="32" count="42" type="cond" truecount="2" falsecount="0"/>
        <line num="33" count="42" type="cond" truecount="1" falsecount="0"/>
        <line num="34" count="42" type="stmt"/>
        <line num="35" count="42" type="stmt"/>
        <line num="36" count="42" type="stmt"/>
        <line num="37" count="42" type="cond" truecount="1" falsecount="0"/>
        <line num="38" count="42" type="cond" truecount="1" falsecount="0"/>
        <line num="39" count="42" type="cond" truecount="1" falsecount="0"/>
        <line num="40" count="42" type="stmt"/>
        <line num="41" count="42" type="stmt"/>
        <line num="42" count="42" type="stmt"/>
        <line num="43" count="42" type="stmt"/>
        <line num="44" count="42" type="stmt"/>
        <line num="45" count="42" type="stmt"/>
        <line num="46" count="42" type="cond" truecount="1" falsecount="0"/>
        <line num="47" count="623" type="stmt"/>
        <line num="48" count="623" type="cond" truecount="1" falsecount="0"/>
        <line num="49" count="623" type="cond" truecount="2" falsecount="0"/>
        <line num="50" count="623" type="cond" truecount="1" falsecount="0"/>
        <line num="51" count="623" type="stmt"/>
        <line num="52" count="623" type="stmt"/>
        <line num="53" count="623" type="stmt"/>
        <line num="54" count="623" type="cond" truecount="1" falsecount="0"/>
        <line num="55" count="284" type="stmt"/>
        <line num="56" count="284" type="stmt"/>
        <line num="57" count="284" type="stmt"/>
        <line num="58" count="284" type="stmt"/>
        <line num="59" count="623" type="stmt"/>
        <line num="60" count="623" type="stmt"/>
        <line num="61" count="623" type="stmt"/>
        <line num="62" count="623" type="stmt"/>
        <line num="63" count="623" type="stmt"/>
        <line num="64" count="623" type="cond" truecount="1" falsecount="0"/>
        <line num="65" count="623" type="stmt"/>
        <line num="66" count="623" type="stmt"/>
        <line num="67" count="42" type="stmt"/>
        <line num="68" count="42" type="stmt"/>
        <line num="69" count="42" type="stmt"/>
        <line num="70" count="42" type="stmt"/>
        <line num="71" count="42" type="cond" truecount="2" falsecount="0"/>
        <line num="72" count="42" type="stmt"/>
        <line num="73" count="42" type="cond" truecount="2" falsecount="0"/>
        <line num="74" count="42" type="cond" truecount="1" falsecount="0"/>
        <line num="75" count="42" type="stmt"/>
        <line num="76" count="42" type="cond" truecount="2" falsecount="0"/>
        <line num="77" count="42" type="cond" truecount="2" falsecount="0"/>
        <line num="78" count="42" type="stmt"/>
        <line num="79" count="42" type="stmt"/>
        <line num="80" count="42" type="stmt"/>
        <line num="81" count="42" type="stmt"/>
        <line num="82" count="42" type="stmt"/>
        <line num="83" count="1" type="stmt"/>
        <line num="84" count="1" type="stmt"/>
        <line num="85" count="1" type="stmt"/>
        <line num="86" count="1" type="stmt"/>
        <line num="87" count="1" type="stmt"/>
        <line num="88" count="623" type="cond" truecount="1" falsecount="0"/>
        <line num="89" count="623" type="stmt"/>
        <line num="90" count="623" type="stmt"/>
        <line num="91" count="1" type="stmt"/>
        <line num="92" count="1" type="stmt"/>
        <line num="93" count="1" type="stmt"/>
        <line num="94" count="1" type="stmt"/>
        <line num="95" count="1" type="stmt"/>
        <line num="96" count="1" type="stmt"/>
        <line num="97" count="1" type="stmt"/>
        <line num="98" count="1" type="stmt"/>
      </file>
      <file name="NewMessage.tsx" path="C:\Dev\OC2-prep\TypescriptTest\ts-test\src\components\Messaging\NewMessage.tsx">
        <metrics statements="30" coveredstatements="30" conditionals="2" coveredconditionals="2" methods="1" coveredmethods="1"/>
        <line num="1" count="1" type="stmt"/>
        <line num="2" count="1" type="stmt"/>
        <line num="3" count="1" type="cond" truecount="1" falsecount="0"/>
        <line num="4" count="1" type="stmt"/>
        <line num="5" count="1" type="stmt"/>
        <line num="6" count="1" type="stmt"/>
        <line num="7" count="1" type="stmt"/>
        <line num="8" count="1" type="stmt"/>
        <line num="9" count="1" type="stmt"/>
        <line num="10" count="1" type="stmt"/>
        <line num="11" count="1" type="cond" truecount="1" falsecount="0"/>
        <line num="12" count="1" type="stmt"/>
        <line num="13" count="1" type="stmt"/>
        <line num="14" count="1" type="stmt"/>
        <line num="15" count="1" type="stmt"/>
        <line num="16" count="1" type="stmt"/>
        <line num="17" count="1" type="stmt"/>
        <line num="18" count="1" type="stmt"/>
        <line num="19" count="1" type="stmt"/>
        <line num="20" count="1" type="stmt"/>
        <line num="21" count="1" type="stmt"/>
        <line num="22" count="1" type="stmt"/>
        <line num="23" count="1" type="stmt"/>
        <line num="24" count="1" type="stmt"/>
        <line num="25" count="1" type="stmt"/>
        <line num="26" count="1" type="stmt"/>
        <line num="27" count="1" type="stmt"/>
        <line num="28" count="1" type="stmt"/>
        <line num="29" count="1" type="stmt"/>
        <line num="30" count="1" type="stmt"/>
      </file>
      <file name="VInboxMenu.tsx" path="C:\Dev\OC2-prep\TypescriptTest\ts-test\src\components\Messaging\VInboxMenu.tsx">
        <metrics statements="21" coveredstatements="21" conditionals="4" coveredconditionals="4" methods="4" coveredmethods="4"/>
        <line num="1" count="1" type="stmt"/>
        <line num="2" count="1" type="stmt"/>
        <line num="3" count="1" type="stmt"/>
        <line num="4" count="1" type="stmt"/>
        <line num="5" count="1" type="stmt"/>
        <line num="6" count="1" type="stmt"/>
        <line num="7" count="23" type="cond" truecount="1" falsecount="0"/>
        <line num="8" count="23" type="stmt"/>
        <line num="9" count="23" type="stmt"/>
        <line num="10" count="23" type="stmt"/>
        <line num="11" count="23" type="stmt"/>
        <line num="12" count="23" type="stmt"/>
        <line num="13" count="23" type="cond" truecount="1" falsecount="0"/>
        <line num="14" count="23" type="stmt"/>
        <line num="15" count="23" type="cond" truecount="1" falsecount="0"/>
        <line num="16" count="23" type="cond" truecount="1" falsecount="0"/>
        <line num="17" count="23" type="stmt"/>
        <line num="18" count="23" type="stmt"/>
        <line num="19" count="23" type="stmt"/>
        <line num="20" count="1" type="stmt"/>
        <line num="21" count="1" type="stmt"/>
      </file>
    </package>
    <package name="src.components.Settings">
      <metrics statements="149" coveredstatements="149" conditionals="18" coveredconditionals="18" methods="6" coveredmethods="6"/>
      <file name="BankInfos.tsx" path="C:\Dev\OC2-prep\TypescriptTest\ts-test\src\components\Settings\BankInfos.tsx">
        <metrics statements="40" coveredstatements="40" conditionals="1" coveredconditionals="1" methods="1" coveredmethods="1"/>
        <line num="1" count="1" type="stmt"/>
        <line num="2" count="1" type="stmt"/>
        <line num="3" count="1" type="stmt"/>
        <line num="4" count="1" type="stmt"/>
        <line num="5" count="4" type="cond" truecount="1" falsecount="0"/>
        <line num="6" count="4" type="stmt"/>
        <line num="7" count="4" type="stmt"/>
        <line num="8" count="4" type="stmt"/>
        <line num="9" count="4" type="stmt"/>
        <line num="10" count="4" type="stmt"/>
        <line num="11" count="4" type="stmt"/>
        <line num="12" count="4" type="stmt"/>
        <line num="13" count="4" type="stmt"/>
        <line num="14" count="4" type="stmt"/>
        <line num="15" count="4" type="stmt"/>
        <line num="16" count="4" type="stmt"/>
        <line num="17" count="4" type="stmt"/>
        <line num="18" count="4" type="stmt"/>
        <line num="19" count="4" type="stmt"/>
        <line num="20" count="4" type="stmt"/>
        <line num="21" count="4" type="stmt"/>
        <line num="22" count="4" type="stmt"/>
        <line num="23" count="4" type="stmt"/>
        <line num="24" count="4" type="stmt"/>
        <line num="25" count="4" type="stmt"/>
        <line num="26" count="4" type="stmt"/>
        <line num="27" count="4" type="stmt"/>
        <line num="28" count="4" type="stmt"/>
        <line num="29" count="4" type="stmt"/>
        <line num="30" count="4" type="stmt"/>
        <line num="31" count="4" type="stmt"/>
        <line num="32" count="4" type="stmt"/>
        <line num="33" count="4" type="stmt"/>
        <line num="34" count="4" type="stmt"/>
        <line num="35" count="4" type="stmt"/>
        <line num="36" count="4" type="stmt"/>
        <line num="37" count="4" type="stmt"/>
        <line num="38" count="4" type="stmt"/>
        <line num="39" count="1" type="stmt"/>
        <line num="40" count="1" type="stmt"/>
      </file>
      <file name="ContactlessPayment.tsx" path="C:\Dev\OC2-prep\TypescriptTest\ts-test\src\components\Settings\ContactlessPayment.tsx">
        <metrics statements="27" coveredstatements="27" conditionals="8" coveredconditionals="8" methods="2" coveredmethods="2"/>
        <line num="1" count="1" type="stmt"/>
        <line num="2" count="1" type="stmt"/>
        <line num="3" count="1" type="stmt"/>
        <line num="4" count="5" type="cond" truecount="1" falsecount="0"/>
        <line num="5" count="5" type="stmt"/>
        <line num="6" count="5" type="stmt"/>
        <line num="7" count="5" type="stmt"/>
        <line num="8" count="5" type="stmt"/>
        <line num="9" count="5" type="stmt"/>
        <line num="10" count="5" type="stmt"/>
        <line num="11" count="5" type="stmt"/>
        <line num="12" count="5" type="stmt"/>
        <line num="13" count="5" type="stmt"/>
        <line num="14" count="5" type="stmt"/>
        <line num="15" count="5" type="stmt"/>
        <line num="16" count="5" type="cond" truecount="4" falsecount="0"/>
        <line num="17" count="5" type="cond" truecount="1" falsecount="0"/>
        <line num="18" count="5" type="cond" truecount="2" falsecount="0"/>
        <line num="19" count="5" type="stmt"/>
        <line num="20" count="5" type="stmt"/>
        <line num="21" count="5" type="stmt"/>
        <line num="22" count="5" type="stmt"/>
        <line num="23" count="5" type="stmt"/>
        <line num="24" count="5" type="stmt"/>
        <line num="25" count="5" type="stmt"/>
        <line num="26" count="1" type="stmt"/>
        <line num="27" count="1" type="stmt"/>
      </file>
      <file name="CustomerInfos.tsx" path="C:\Dev\OC2-prep\TypescriptTest\ts-test\src\components\Settings\CustomerInfos.tsx">
        <metrics statements="55" coveredstatements="55" conditionals="1" coveredconditionals="1" methods="1" coveredmethods="1"/>
        <line num="1" count="1" type="stmt"/>
        <line num="2" count="1" type="stmt"/>
        <line num="3" count="4" type="cond" truecount="1" falsecount="0"/>
        <line num="4" count="4" type="stmt"/>
        <line num="5" count="4" type="stmt"/>
        <line num="6" count="4" type="stmt"/>
        <line num="7" count="4" type="stmt"/>
        <line num="8" count="4" type="stmt"/>
        <line num="9" count="4" type="stmt"/>
        <line num="10" count="4" type="stmt"/>
        <line num="11" count="4" type="stmt"/>
        <line num="12" count="4" type="stmt"/>
        <line num="13" count="4" type="stmt"/>
        <line num="14" count="4" type="stmt"/>
        <line num="15" count="4" type="stmt"/>
        <line num="16" count="4" type="stmt"/>
        <line num="17" count="4" type="stmt"/>
        <line num="18" count="4" type="stmt"/>
        <line num="19" count="4" type="stmt"/>
        <line num="20" count="4" type="stmt"/>
        <line num="21" count="4" type="stmt"/>
        <line num="22" count="4" type="stmt"/>
        <line num="23" count="4" type="stmt"/>
        <line num="24" count="4" type="stmt"/>
        <line num="25" count="4" type="stmt"/>
        <line num="26" count="4" type="stmt"/>
        <line num="27" count="4" type="stmt"/>
        <line num="28" count="4" type="stmt"/>
        <line num="29" count="4" type="stmt"/>
        <line num="30" count="4" type="stmt"/>
        <line num="31" count="4" type="stmt"/>
        <line num="32" count="4" type="stmt"/>
        <line num="33" count="4" type="stmt"/>
        <line num="34" count="4" type="stmt"/>
        <line num="35" count="4" type="stmt"/>
        <line num="36" count="4" type="stmt"/>
        <line num="37" count="4" type="stmt"/>
        <line num="38" count="4" type="stmt"/>
        <line num="39" count="4" type="stmt"/>
        <line num="40" count="4" type="stmt"/>
        <line num="41" count="4" type="stmt"/>
        <line num="42" count="4" type="stmt"/>
        <line num="43" count="4" type="stmt"/>
        <line num="44" count="4" type="stmt"/>
        <line num="45" count="4" type="stmt"/>
        <line num="46" count="4" type="stmt"/>
        <line num="47" count="4" type="stmt"/>
        <line num="48" count="4" type="stmt"/>
        <line num="49" count="4" type="stmt"/>
        <line num="50" count="4" type="stmt"/>
        <line num="51" count="4" type="stmt"/>
        <line num="52" count="4" type="stmt"/>
        <line num="53" count="4" type="stmt"/>
        <line num="54" count="1" type="stmt"/>
        <line num="55" count="1" type="stmt"/>
      </file>
      <file name="QuickDeactivation.tsx" path="C:\Dev\OC2-prep\TypescriptTest\ts-test\src\components\Settings\QuickDeactivation.tsx">
        <metrics statements="27" coveredstatements="27" conditionals="8" coveredconditionals="8" methods="2" coveredmethods="2"/>
        <line num="1" count="1" type="stmt"/>
        <line num="2" count="1" type="stmt"/>
        <line num="3" count="1" type="stmt"/>
        <line num="4" count="10" type="cond" truecount="1" falsecount="0"/>
        <line num="5" count="10" type="stmt"/>
        <line num="6" count="10" type="stmt"/>
        <line num="7" count="10" type="stmt"/>
        <line num="8" count="10" type="stmt"/>
        <line num="9" count="10" type="stmt"/>
        <line num="10" count="10" type="stmt"/>
        <line num="11" count="10" type="stmt"/>
        <line num="12" count="10" type="stmt"/>
        <line num="13" count="10" type="stmt"/>
        <line num="14" count="10" type="stmt"/>
        <line num="15" count="10" type="stmt"/>
        <line num="16" count="10" type="cond" truecount="4" falsecount="0"/>
        <line num="17" count="10" type="cond" truecount="1" falsecount="0"/>
        <line num="18" count="10" type="cond" truecount="2" falsecount="0"/>
        <line num="19" count="10" type="stmt"/>
        <line num="20" count="10" type="stmt"/>
        <line num="21" count="10" type="stmt"/>
        <line num="22" count="10" type="stmt"/>
        <line num="23" count="10" type="stmt"/>
        <line num="24" count="10" type="stmt"/>
        <line num="25" count="10" type="stmt"/>
        <line num="26" count="1" type="stmt"/>
        <line num="27" count="1" type="stmt"/>
      </file>
    </package>
    <package name="src.components.Stats">
      <metrics statements="550" coveredstatements="550" conditionals="45" coveredconditionals="45" methods="25" coveredmethods="25"/>
      <file name="BalanceBarsChart.tsx" path="C:\Dev\OC2-prep\TypescriptTest\ts-test\src\components\Stats\BalanceBarsChart.tsx">
        <metrics statements="134" coveredstatements="134" conditionals="7" coveredconditionals="7" methods="5" coveredmethods="5"/>
        <line num="1" count="1" type="stmt"/>
        <line num="2" count="1" type="stmt"/>
        <line num="3" count="1" type="stmt"/>
        <line num="4" count="1" type="stmt"/>
        <line num="5" count="1" type="stmt"/>
        <line num="6" count="1" type="stmt"/>
        <line num="7" count="1" type="stmt"/>
        <line num="8" count="1" type="stmt"/>
        <line num="9" count="1" type="stmt"/>
        <line num="10" count="1" type="stmt"/>
        <line num="11" count="1" type="stmt"/>
        <line num="12" count="1" type="stmt"/>
        <line num="13" count="1" type="stmt"/>
        <line num="14" count="1" type="stmt"/>
        <line num="15" count="1" type="stmt"/>
        <line num="16" count="1" type="stmt"/>
        <line num="17" count="1" type="stmt"/>
        <line num="18" count="1" type="stmt"/>
        <line num="19" count="1" type="stmt"/>
        <line num="20" count="5" type="cond" truecount="1" falsecount="0"/>
        <line num="21" count="5" type="stmt"/>
        <line num="22" count="5" type="stmt"/>
        <line num="23" count="5" type="stmt"/>
        <line num="24" count="5" type="stmt"/>
        <line num="25" count="5" type="stmt"/>
        <line num="26" count="5" type="stmt"/>
        <line num="27" count="5" type="stmt"/>
        <line num="28" count="5" type="stmt"/>
        <line num="29" count="5" type="stmt"/>
        <line num="30" count="5" type="stmt"/>
        <line num="31" count="5" type="stmt"/>
        <line num="32" count="5" type="stmt"/>
        <line num="33" count="5" type="stmt"/>
        <line num="34" count="5" type="stmt"/>
        <line num="35" count="5" type="stmt"/>
        <line num="36" count="5" type="stmt"/>
        <line num="37" count="5" type="stmt"/>
        <line num="38" count="5" type="stmt"/>
        <line num="39" count="5" type="stmt"/>
        <line num="40" count="5" type="stmt"/>
        <line num="41" count="5" type="stmt"/>
        <line num="42" count="5" type="stmt"/>
        <line num="43" count="5" type="stmt"/>
        <line num="44" count="5" type="stmt"/>
        <line num="45" count="5" type="stmt"/>
        <line num="46" count="5" type="stmt"/>
        <line num="47" count="5" type="stmt"/>
        <line num="48" count="5" type="stmt"/>
        <line num="49" count="5" type="stmt"/>
        <line num="50" count="5" type="stmt"/>
        <line num="51" count="5" type="stmt"/>
        <line num="52" count="5" type="stmt"/>
        <line num="53" count="5" type="stmt"/>
        <line num="54" count="5" type="stmt"/>
        <line num="55" count="5" type="stmt"/>
        <line num="56" count="5" type="stmt"/>
        <line num="57" count="5" type="stmt"/>
        <line num="58" count="5" type="stmt"/>
        <line num="59" count="5" type="stmt"/>
        <line num="60" count="5" type="stmt"/>
        <line num="61" count="5" type="stmt"/>
        <line num="62" count="5" type="stmt"/>
        <line num="63" count="5" type="stmt"/>
        <line num="64" count="5" type="stmt"/>
        <line num="65" count="5" type="stmt"/>
        <line num="66" count="5" type="stmt"/>
        <line num="67" count="1" type="stmt"/>
        <line num="68" count="1" type="cond" truecount="1" falsecount="0"/>
        <line num="69" count="6" type="cond" truecount="1" falsecount="0"/>
        <line num="70" count="1" type="stmt"/>
        <line num="71" count="1" type="stmt"/>
        <line num="72" count="1" type="stmt"/>
        <line num="73" count="1" type="stmt"/>
        <line num="74" count="1" type="stmt"/>
        <line num="75" count="1" type="stmt"/>
        <line num="76" count="6" type="cond" truecount="1" falsecount="0"/>
        <line num="77" count="5" type="stmt"/>
        <line num="78" count="5" type="stmt"/>
        <line num="79" count="5" type="stmt"/>
        <line num="80" count="5" type="stmt"/>
        <line num="81" count="6" type="stmt"/>
        <line num="82" count="1" type="stmt"/>
        <line num="83" count="60" type="cond" truecount="1" falsecount="0"/>
        <line num="84" count="60" type="stmt"/>
        <line num="85" count="60" type="stmt"/>
        <line num="86" count="60" type="stmt"/>
        <line num="87" count="60" type="stmt"/>
        <line num="88" count="60" type="stmt"/>
        <line num="89" count="60" type="stmt"/>
        <line num="90" count="60" type="stmt"/>
        <line num="91" count="60" type="stmt"/>
        <line num="92" count="1" type="stmt"/>
        <line num="93" count="35" type="cond" truecount="1" falsecount="0"/>
        <line num="94" count="35" type="stmt"/>
        <line num="95" count="35" type="stmt"/>
        <line num="96" count="35" type="stmt"/>
        <line num="97" count="35" type="stmt"/>
        <line num="98" count="35" type="stmt"/>
        <line num="99" count="35" type="stmt"/>
        <line num="100" count="35" type="stmt"/>
        <line num="101" count="35" type="stmt"/>
        <line num="102" count="1" type="stmt"/>
        <line num="103" count="1" type="stmt"/>
        <line num="104" count="1" type="stmt"/>
        <line num="105" count="1" type="stmt"/>
        <line num="106" count="1" type="stmt"/>
        <line num="107" count="1" type="cond" truecount="1" falsecount="0"/>
        <line num="108" count="10" type="stmt"/>
        <line num="109" count="10" type="stmt"/>
        <line num="110" count="1" type="stmt"/>
        <line num="111" count="1" type="stmt"/>
        <line num="112" count="1" type="stmt"/>
        <line num="113" count="1" type="stmt"/>
        <line num="114" count="1" type="stmt"/>
        <line num="115" count="1" type="stmt"/>
        <line num="116" count="1" type="stmt"/>
        <line num="117" count="1" type="stmt"/>
        <line num="118" count="1" type="stmt"/>
        <line num="119" count="1" type="stmt"/>
        <line num="120" count="1" type="stmt"/>
        <line num="121" count="1" type="stmt"/>
        <line num="122" count="1" type="stmt"/>
        <line num="123" count="1" type="stmt"/>
        <line num="124" count="1" type="stmt"/>
        <line num="125" count="1" type="stmt"/>
        <line num="126" count="1" type="stmt"/>
        <line num="127" count="1" type="stmt"/>
        <line num="128" count="1" type="stmt"/>
        <line num="129" count="1" type="stmt"/>
        <line num="130" count="1" type="stmt"/>
        <line num="131" count="1" type="stmt"/>
        <line num="132" count="1" type="stmt"/>
        <line num="133" count="1" type="stmt"/>
        <line num="134" count="1" type="stmt"/>
      </file>
      <file name="BalanceSubBarChart.tsx" path="C:\Dev\OC2-prep\TypescriptTest\ts-test\src\components\Stats\BalanceSubBarChart.tsx">
        <metrics statements="158" coveredstatements="158" conditionals="13" coveredconditionals="13" methods="7" coveredmethods="7"/>
        <line num="1" count="1" type="stmt"/>
        <line num="2" count="1" type="stmt"/>
        <line num="3" count="1" type="stmt"/>
        <line num="4" count="1" type="stmt"/>
        <line num="5" count="1" type="stmt"/>
        <line num="6" count="1" type="stmt"/>
        <line num="7" count="1" type="stmt"/>
        <line num="8" count="1" type="stmt"/>
        <line num="9" count="1" type="stmt"/>
        <line num="10" count="1" type="stmt"/>
        <line num="11" count="1" type="stmt"/>
        <line num="12" count="1" type="stmt"/>
        <line num="13" count="1" type="stmt"/>
        <line num="14" count="1" type="stmt"/>
        <line num="15" count="1" type="stmt"/>
        <line num="16" count="1" type="stmt"/>
        <line num="17" count="1" type="stmt"/>
        <line num="18" count="1" type="stmt"/>
        <line num="19" count="1" type="stmt"/>
        <line num="20" count="5" type="cond" truecount="1" falsecount="0"/>
        <line num="21" count="5" type="stmt"/>
        <line num="22" count="5" type="cond" truecount="1" falsecount="0"/>
        <line num="23" count="60" type="stmt"/>
        <line num="24" count="60" type="stmt"/>
        <line num="25" count="60" type="stmt"/>
        <line num="26" count="60" type="stmt"/>
        <line num="27" count="60" type="stmt"/>
        <line num="28" count="5" type="stmt"/>
        <line num="29" count="5" type="stmt"/>
        <line num="30" count="5" type="stmt"/>
        <line num="31" count="5" type="stmt"/>
        <line num="32" count="5" type="stmt"/>
        <line num="33" count="5" type="stmt"/>
        <line num="34" count="5" type="stmt"/>
        <line num="35" count="5" type="stmt"/>
        <line num="36" count="5" type="stmt"/>
        <line num="37" count="5" type="stmt"/>
        <line num="38" count="5" type="stmt"/>
        <line num="39" count="5" type="stmt"/>
        <line num="40" count="5" type="stmt"/>
        <line num="41" count="5" type="stmt"/>
        <line num="42" count="5" type="stmt"/>
        <line num="43" count="5" type="stmt"/>
        <line num="44" count="5" type="stmt"/>
        <line num="45" count="5" type="stmt"/>
        <line num="46" count="5" type="stmt"/>
        <line num="47" count="5" type="stmt"/>
        <line num="48" count="5" type="stmt"/>
        <line num="49" count="5" type="stmt"/>
        <line num="50" count="5" type="stmt"/>
        <line num="51" count="5" type="stmt"/>
        <line num="52" count="5" type="stmt"/>
        <line num="53" count="5" type="stmt"/>
        <line num="54" count="5" type="stmt"/>
        <line num="55" count="5" type="stmt"/>
        <line num="56" count="5" type="stmt"/>
        <line num="57" count="5" type="stmt"/>
        <line num="58" count="5" type="stmt"/>
        <line num="59" count="5" type="stmt"/>
        <line num="60" count="5" type="stmt"/>
        <line num="61" count="5" type="stmt"/>
        <line num="62" count="5" type="stmt"/>
        <line num="63" count="5" type="stmt"/>
        <line num="64" count="5" type="stmt"/>
        <line num="65" count="5" type="stmt"/>
        <line num="66" count="5" type="stmt"/>
        <line num="67" count="5" type="stmt"/>
        <line num="68" count="5" type="stmt"/>
        <line num="69" count="5" type="stmt"/>
        <line num="70" count="5" type="stmt"/>
        <line num="71" count="5" type="stmt"/>
        <line num="72" count="5" type="stmt"/>
        <line num="73" count="5" type="stmt"/>
        <line num="74" count="5" type="stmt"/>
        <line num="75" count="5" type="stmt"/>
        <line num="76" count="1" type="stmt"/>
        <line num="77" count="1" type="cond" truecount="1" falsecount="0"/>
        <line num="78" count="12" type="stmt"/>
        <line num="79" count="12" type="cond" truecount="1" falsecount="0"/>
        <line num="80" count="8" type="stmt"/>
        <line num="81" count="8" type="stmt"/>
        <line num="82" count="8" type="stmt"/>
        <line num="83" count="8" type="stmt"/>
        <line num="84" count="8" type="cond" truecount="1" falsecount="0"/>
        <line num="85" count="4" type="stmt"/>
        <line num="86" count="4" type="stmt"/>
        <line num="87" count="4" type="stmt"/>
        <line num="88" count="4" type="stmt"/>
        <line num="89" count="4" type="stmt"/>
        <line num="90" count="4" type="stmt"/>
        <line num="91" count="4" type="stmt"/>
        <line num="92" count="4" type="stmt"/>
        <line num="93" count="4" type="stmt"/>
        <line num="94" count="4" type="stmt"/>
        <line num="95" count="1" type="stmt"/>
        <line num="96" count="60" type="cond" truecount="1" falsecount="0"/>
        <line num="97" count="60" type="stmt"/>
        <line num="98" count="60" type="stmt"/>
        <line num="99" count="60" type="stmt"/>
        <line num="100" count="60" type="stmt"/>
        <line num="101" count="60" type="stmt"/>
        <line num="102" count="60" type="stmt"/>
        <line num="103" count="60" type="stmt"/>
        <line num="104" count="60" type="stmt"/>
        <line num="105" count="1" type="stmt"/>
        <line num="106" count="35" type="cond" truecount="1" falsecount="0"/>
        <line num="107" count="35" type="stmt"/>
        <line num="108" count="35" type="stmt"/>
        <line num="109" count="35" type="stmt"/>
        <line num="110" count="35" type="stmt"/>
        <line num="111" count="35" type="stmt"/>
        <line num="112" count="35" type="stmt"/>
        <line num="113" count="35" type="stmt"/>
        <line num="114" count="35" type="stmt"/>
        <line num="115" count="1" type="stmt"/>
        <line num="116" count="1" type="stmt"/>
        <line num="117" count="1" type="stmt"/>
        <line num="118" count="1" type="stmt"/>
        <line num="119" count="1" type="stmt"/>
        <line num="120" count="1" type="cond" truecount="1" falsecount="0"/>
        <line num="121" count="10" type="stmt"/>
        <line num="122" count="10" type="stmt"/>
        <line num="123" count="1" type="stmt"/>
        <line num="124" count="1" type="cond" truecount="1" falsecount="0"/>
        <line num="125" count="6" type="cond" truecount="1" falsecount="0"/>
        <line num="126" count="1" type="stmt"/>
        <line num="127" count="1" type="stmt"/>
        <line num="128" count="1" type="stmt"/>
        <line num="129" count="1" type="stmt"/>
        <line num="130" count="1" type="stmt"/>
        <line num="131" count="6" type="cond" truecount="1" falsecount="0"/>
        <line num="132" count="5" type="stmt"/>
        <line num="133" count="5" type="stmt"/>
        <line num="134" count="5" type="stmt"/>
        <line num="135" count="5" type="stmt"/>
        <line num="136" count="6" type="stmt"/>
        <line num="137" count="1" type="stmt"/>
        <line num="138" count="60" type="cond" truecount="1" falsecount="0"/>
        <line num="139" count="60" type="cond" truecount="1" falsecount="0"/>
        <line num="140" count="60" type="stmt"/>
        <line num="141" count="1" type="stmt"/>
        <line num="142" count="1" type="stmt"/>
        <line num="143" count="1" type="stmt"/>
        <line num="144" count="1" type="stmt"/>
        <line num="145" count="1" type="stmt"/>
        <line num="146" count="1" type="stmt"/>
        <line num="147" count="1" type="stmt"/>
        <line num="148" count="1" type="stmt"/>
        <line num="149" count="1" type="stmt"/>
        <line num="150" count="1" type="stmt"/>
        <line num="151" count="1" type="stmt"/>
        <line num="152" count="1" type="stmt"/>
        <line num="153" count="1" type="stmt"/>
        <line num="154" count="1" type="stmt"/>
        <line num="155" count="1" type="stmt"/>
        <line num="156" count="1" type="stmt"/>
        <line num="157" count="1" type="stmt"/>
        <line num="158" count="1" type="stmt"/>
      </file>
      <file name="ExpensesBarChart.tsx" path="C:\Dev\OC2-prep\TypescriptTest\ts-test\src\components\Stats\ExpensesBarChart.tsx">
        <metrics statements="119" coveredstatements="119" conditionals="8" coveredconditionals="8" methods="6" coveredmethods="6"/>
        <line num="1" count="1" type="stmt"/>
        <line num="2" count="1" type="stmt"/>
        <line num="3" count="1" type="stmt"/>
        <line num="4" count="1" type="stmt"/>
        <line num="5" count="1" type="stmt"/>
        <line num="6" count="1" type="stmt"/>
        <line num="7" count="1" type="stmt"/>
        <line num="8" count="1" type="stmt"/>
        <line num="9" count="1" type="stmt"/>
        <line num="10" count="1" type="stmt"/>
        <line num="11" count="1" type="stmt"/>
        <line num="12" count="1" type="stmt"/>
        <line num="13" count="1" type="stmt"/>
        <line num="14" count="1" type="stmt"/>
        <line num="15" count="1" type="stmt"/>
        <line num="16" count="1" type="stmt"/>
        <line num="17" count="1" type="stmt"/>
        <line num="18" count="1" type="stmt"/>
        <line num="19" count="1" type="stmt"/>
        <line num="20" count="5" type="cond" truecount="1" falsecount="0"/>
        <line num="21" count="5" type="stmt"/>
        <line num="22" count="5" type="stmt"/>
        <line num="23" count="5" type="stmt"/>
        <line num="24" count="5" type="stmt"/>
        <line num="25" count="5" type="stmt"/>
        <line num="26" count="5" type="stmt"/>
        <line num="27" count="5" type="stmt"/>
        <line num="28" count="5" type="stmt"/>
        <line num="29" count="5" type="stmt"/>
        <line num="30" count="5" type="stmt"/>
        <line num="31" count="5" type="stmt"/>
        <line num="32" count="5" type="stmt"/>
        <line num="33" count="5" type="stmt"/>
        <line num="34" count="5" type="stmt"/>
        <line num="35" count="5" type="stmt"/>
        <line num="36" count="5" type="stmt"/>
        <line num="37" count="5" type="stmt"/>
        <line num="38" count="5" type="stmt"/>
        <line num="39" count="5" type="stmt"/>
        <line num="40" count="5" type="stmt"/>
        <line num="41" count="5" type="stmt"/>
        <line num="42" count="5" type="stmt"/>
        <line num="43" count="5" type="stmt"/>
        <line num="44" count="5" type="stmt"/>
        <line num="45" count="5" type="stmt"/>
        <line num="46" count="5" type="stmt"/>
        <line num="47" count="5" type="stmt"/>
        <line num="48" count="5" type="stmt"/>
        <line num="49" count="5" type="stmt"/>
        <line num="50" count="5" type="stmt"/>
        <line num="51" count="5" type="stmt"/>
        <line num="52" count="5" type="stmt"/>
        <line num="53" count="5" type="stmt"/>
        <line num="54" count="5" type="stmt"/>
        <line num="55" count="5" type="stmt"/>
        <line num="56" count="5" type="stmt"/>
        <line num="57" count="5" type="stmt"/>
        <line num="58" count="5" type="stmt"/>
        <line num="59" count="5" type="stmt"/>
        <line num="60" count="5" type="stmt"/>
        <line num="61" count="5" type="stmt"/>
        <line num="62" count="5" type="stmt"/>
        <line num="63" count="5" type="stmt"/>
        <line num="64" count="5" type="stmt"/>
        <line num="65" count="5" type="stmt"/>
        <line num="66" count="1" type="stmt"/>
        <line num="67" count="12" type="cond" truecount="1" falsecount="0"/>
        <line num="68" count="12" type="stmt"/>
        <line num="69" count="12" type="stmt"/>
        <line num="70" count="12" type="stmt"/>
        <line num="71" count="12" type="stmt"/>
        <line num="72" count="12" type="stmt"/>
        <line num="73" count="12" type="stmt"/>
        <line num="74" count="12" type="stmt"/>
        <line num="75" count="12" type="stmt"/>
        <line num="76" count="1" type="stmt"/>
        <line num="77" count="60" type="cond" truecount="1" falsecount="0"/>
        <line num="78" count="60" type="stmt"/>
        <line num="79" count="60" type="stmt"/>
        <line num="80" count="60" type="stmt"/>
        <line num="81" count="60" type="stmt"/>
        <line num="82" count="60" type="stmt"/>
        <line num="83" count="60" type="stmt"/>
        <line num="84" count="60" type="stmt"/>
        <line num="85" count="60" type="stmt"/>
        <line num="86" count="1" type="stmt"/>
        <line num="87" count="35" type="cond" truecount="1" falsecount="0"/>
        <line num="88" count="35" type="stmt"/>
        <line num="89" count="35" type="stmt"/>
        <line num="90" count="35" type="stmt"/>
        <line num="91" count="35" type="stmt"/>
        <line num="92" count="35" type="stmt"/>
        <line num="93" count="35" type="stmt"/>
        <line num="94" count="35" type="stmt"/>
        <line num="95" count="35" type="stmt"/>
        <line num="96" count="1" type="stmt"/>
        <line num="97" count="1" type="stmt"/>
        <line num="98" count="1" type="stmt"/>
        <line num="99" count="1" type="stmt"/>
        <line num="100" count="1" type="stmt"/>
        <line num="101" count="1" type="cond" truecount="1" falsecount="0"/>
        <line num="102" count="5" type="stmt"/>
        <line num="103" count="5" type="stmt"/>
        <line num="104" count="1" type="stmt"/>
        <line num="105" count="1" type="cond" truecount="1" falsecount="0"/>
        <line num="106" count="6" type="cond" truecount="1" falsecount="0"/>
        <line num="107" count="1" type="stmt"/>
        <line num="108" count="1" type="stmt"/>
        <line num="109" count="1" type="stmt"/>
        <line num="110" count="1" type="stmt"/>
        <line num="111" count="1" type="stmt"/>
        <line num="112" count="6" type="cond" truecount="1" falsecount="0"/>
        <line num="113" count="5" type="stmt"/>
        <line num="114" count="5" type="stmt"/>
        <line num="115" count="5" type="stmt"/>
        <line num="116" count="5" type="stmt"/>
        <line num="117" count="6" type="stmt"/>
        <line num="118" count="1" type="stmt"/>
        <line num="119" count="1" type="stmt"/>
      </file>
      <file name="IncomeBarChart.tsx" path="C:\Dev\OC2-prep\TypescriptTest\ts-test\src\components\Stats\IncomeBarChart.tsx">
        <metrics statements="119" coveredstatements="119" conditionals="8" coveredconditionals="8" methods="6" coveredmethods="6"/>
        <line num="1" count="1" type="stmt"/>
        <line num="2" count="1" type="stmt"/>
        <line num="3" count="1" type="stmt"/>
        <line num="4" count="1" type="stmt"/>
        <line num="5" count="1" type="stmt"/>
        <line num="6" count="1" type="stmt"/>
        <line num="7" count="1" type="stmt"/>
        <line num="8" count="1" type="stmt"/>
        <line num="9" count="1" type="stmt"/>
        <line num="10" count="1" type="stmt"/>
        <line num="11" count="1" type="stmt"/>
        <line num="12" count="1" type="stmt"/>
        <line num="13" count="1" type="stmt"/>
        <line num="14" count="1" type="stmt"/>
        <line num="15" count="1" type="stmt"/>
        <line num="16" count="1" type="stmt"/>
        <line num="17" count="1" type="stmt"/>
        <line num="18" count="1" type="stmt"/>
        <line num="19" count="1" type="stmt"/>
        <line num="20" count="5" type="cond" truecount="1" falsecount="0"/>
        <line num="21" count="5" type="stmt"/>
        <line num="22" count="5" type="cond" truecount="1" falsecount="0"/>
        <line num="23" count="12" type="stmt"/>
        <line num="24" count="12" type="stmt"/>
        <line num="25" count="12" type="stmt"/>
        <line num="26" count="12" type="stmt"/>
        <line num="27" count="12" type="stmt"/>
        <line num="28" count="12" type="stmt"/>
        <line num="29" count="12" type="stmt"/>
        <line num="30" count="12" type="stmt"/>
        <line num="31" count="5" type="stmt"/>
        <line num="32" count="5" type="stmt"/>
        <line num="33" count="5" type="stmt"/>
        <line num="34" count="5" type="stmt"/>
        <line num="35" count="5" type="stmt"/>
        <line num="36" count="5" type="stmt"/>
        <line num="37" count="5" type="stmt"/>
        <line num="38" count="5" type="stmt"/>
        <line num="39" count="5" type="stmt"/>
        <line num="40" count="5" type="stmt"/>
        <line num="41" count="5" type="stmt"/>
        <line num="42" count="5" type="stmt"/>
        <line num="43" count="5" type="stmt"/>
        <line num="44" count="5" type="stmt"/>
        <line num="45" count="5" type="stmt"/>
        <line num="46" count="5" type="stmt"/>
        <line num="47" count="5" type="stmt"/>
        <line num="48" count="5" type="stmt"/>
        <line num="49" count="5" type="stmt"/>
        <line num="50" count="5" type="stmt"/>
        <line num="51" count="5" type="stmt"/>
        <line num="52" count="5" type="stmt"/>
        <line num="53" count="5" type="stmt"/>
        <line num="54" count="5" type="stmt"/>
        <line num="55" count="5" type="stmt"/>
        <line num="56" count="5" type="stmt"/>
        <line num="57" count="5" type="stmt"/>
        <line num="58" count="5" type="stmt"/>
        <line num="59" count="5" type="stmt"/>
        <line num="60" count="5" type="stmt"/>
        <line num="61" count="5" type="stmt"/>
        <line num="62" count="5" type="stmt"/>
        <line num="63" count="5" type="stmt"/>
        <line num="64" count="5" type="stmt"/>
        <line num="65" count="5" type="stmt"/>
        <line num="66" count="5" type="stmt"/>
        <line num="67" count="5" type="stmt"/>
        <line num="68" count="5" type="stmt"/>
        <line num="69" count="5" type="stmt"/>
        <line num="70" count="5" type="stmt"/>
        <line num="71" count="5" type="stmt"/>
        <line num="72" count="5" type="stmt"/>
        <line num="73" count="5" type="stmt"/>
        <line num="74" count="5" type="stmt"/>
        <line num="75" count="5" type="stmt"/>
        <line num="76" count="1" type="stmt"/>
        <line num="77" count="60" type="cond" truecount="1" falsecount="0"/>
        <line num="78" count="60" type="stmt"/>
        <line num="79" count="60" type="stmt"/>
        <line num="80" count="60" type="stmt"/>
        <line num="81" count="60" type="stmt"/>
        <line num="82" count="60" type="stmt"/>
        <line num="83" count="60" type="stmt"/>
        <line num="84" count="60" type="stmt"/>
        <line num="85" count="60" type="stmt"/>
        <line num="86" count="1" type="stmt"/>
        <line num="87" count="35" type="cond" truecount="1" falsecount="0"/>
        <line num="88" count="35" type="stmt"/>
        <line num="89" count="35" type="stmt"/>
        <line num="90" count="35" type="stmt"/>
        <line num="91" count="35" type="stmt"/>
        <line num="92" count="35" type="stmt"/>
        <line num="93" count="35" type="stmt"/>
        <line num="94" count="35" type="stmt"/>
        <line num="95" count="35" type="stmt"/>
        <line num="96" count="1" type="stmt"/>
        <line num="97" count="1" type="stmt"/>
        <line num="98" count="1" type="stmt"/>
        <line num="99" count="1" type="stmt"/>
        <line num="100" count="1" type="stmt"/>
        <line num="101" count="1" type="cond" truecount="1" falsecount="0"/>
        <line num="102" count="5" type="stmt"/>
        <line num="103" count="5" type="stmt"/>
        <line num="104" count="1" type="stmt"/>
        <line num="105" count="1" type="cond" truecount="1" falsecount="0"/>
        <line num="106" count="6" type="cond" truecount="1" falsecount="0"/>
        <line num="107" count="1" type="stmt"/>
        <line num="108" count="1" type="stmt"/>
        <line num="109" count="1" type="stmt"/>
        <line num="110" count="1" type="stmt"/>
        <line num="111" count="1" type="stmt"/>
        <line num="112" count="6" type="cond" truecount="1" falsecount="0"/>
        <line num="113" count="5" type="stmt"/>
        <line num="114" count="5" type="stmt"/>
        <line num="115" count="5" type="stmt"/>
        <line num="116" count="5" type="stmt"/>
        <line num="117" count="6" type="stmt"/>
        <line num="118" count="1" type="stmt"/>
        <line num="119" count="1" type="stmt"/>
      </file>
      <file name="StatsHorizontalMenu.tsx" path="C:\Dev\OC2-prep\TypescriptTest\ts-test\src\components\Stats\StatsHorizontalMenu.tsx">
        <metrics statements="20" coveredstatements="20" conditionals="9" coveredconditionals="9" methods="1" coveredmethods="1"/>
        <line num="1" count="1" type="stmt"/>
        <line num="2" count="1" type="stmt"/>
        <line num="3" count="1" type="stmt"/>
        <line num="4" count="5" type="cond" truecount="1" falsecount="0"/>
        <line num="5" count="5" type="stmt"/>
        <line num="6" count="5" type="stmt"/>
        <line num="7" count="5" type="cond" truecount="2" falsecount="0"/>
        <line num="8" count="5" type="cond" truecount="2" falsecount="0"/>
        <line num="9" count="5" type="cond" truecount="2" falsecount="0"/>
        <line num="10" count="5" type="cond" truecount="2" falsecount="0"/>
        <line num="11" count="5" type="stmt"/>
        <line num="12" count="5" type="stmt"/>
        <line num="13" count="5" type="stmt"/>
        <line num="14" count="5" type="stmt"/>
        <line num="15" count="1" type="stmt"/>
        <line num="16" count="1" type="stmt"/>
        <line num="17" count="1" type="stmt"/>
        <line num="18" count="1" type="stmt"/>
        <line num="19" count="1" type="stmt"/>
        <line num="20" count="1" type="stmt"/>
      </file>
    </package>
    <package name="src.components.Trading">
      <metrics statements="105" coveredstatements="105" conditionals="14" coveredconditionals="14" methods="4" coveredmethods="4"/>
      <file name="CryptoAreaChart.tsx" path="C:\Dev\OC2-prep\TypescriptTest\ts-test\src\components\Trading\CryptoAreaChart.tsx">
        <metrics statements="66" coveredstatements="66" conditionals="6" coveredconditionals="6" methods="3" coveredmethods="3"/>
        <line num="1" count="1" type="stmt"/>
        <line num="2" count="1" type="stmt"/>
        <line num="3" count="1" type="stmt"/>
        <line num="4" count="1" type="stmt"/>
        <line num="5" count="1" type="stmt"/>
        <line num="6" count="1" type="stmt"/>
        <line num="7" count="1" type="stmt"/>
        <line num="8" count="1" type="stmt"/>
        <line num="9" count="1" type="stmt"/>
        <line num="10" count="1" type="stmt"/>
        <line num="11" count="24" type="cond" truecount="1" falsecount="0"/>
        <line num="12" count="24" type="stmt"/>
        <line num="13" count="24" type="stmt"/>
        <line num="14" count="24" type="stmt"/>
        <line num="15" count="24" type="stmt"/>
        <line num="16" count="1" type="stmt"/>
        <line num="17" count="2" type="cond" truecount="1" falsecount="0"/>
        <line num="18" count="2" type="stmt"/>
        <line num="19" count="2" type="stmt"/>
        <line num="20" count="2" type="stmt"/>
        <line num="21" count="2" type="stmt"/>
        <line num="22" count="2" type="stmt"/>
        <line num="23" count="2" type="stmt"/>
        <line num="24" count="2" type="stmt"/>
        <line num="25" count="2" type="stmt"/>
        <line num="26" count="2" type="stmt"/>
        <line num="27" count="2" type="stmt"/>
        <line num="28" count="2" type="stmt"/>
        <line num="29" count="2" type="stmt"/>
        <line num="30" count="2" type="stmt"/>
        <line num="31" count="2" type="stmt"/>
        <line num="32" count="2" type="stmt"/>
        <line num="33" count="2" type="stmt"/>
        <line num="34" count="2" type="stmt"/>
        <line num="35" count="2" type="stmt"/>
        <line num="36" count="2" type="stmt"/>
        <line num="37" count="2" type="stmt"/>
        <line num="38" count="2" type="stmt"/>
        <line num="39" count="2" type="stmt"/>
        <line num="40" count="2" type="stmt"/>
        <line num="41" count="2" type="stmt"/>
        <line num="42" count="2" type="stmt"/>
        <line num="43" count="2" type="stmt"/>
        <line num="44" count="2" type="stmt"/>
        <line num="45" count="1" type="stmt"/>
        <line num="46" count="1" type="stmt"/>
        <line num="47" count="1" type="stmt"/>
        <line num="48" count="1" type="cond" truecount="1" falsecount="0"/>
[...]
        <line num="30" count="5" type="stmt"/>
        <line num="31" count="5" type="stmt"/>
        <line num="32" count="5" type="stmt"/>
        <line num="33" count="5" type="stmt"/>
        <line num="34" count="5" type="stmt"/>
        <line num="35" count="5" type="cond" truecount="1" falsecount="0"/>
        <line num="36" count="5" type="cond" truecount="1" falsecount="0"/>
        <line num="37" count="5" type="cond" truecount="1" falsecount="0"/>
        <line num="38" count="5" type="cond" truecount="1" falsecount="0"/>
        <line num="39" count="5" type="stmt"/>
        <line num="40" count="5" type="stmt"/>
        <line num="41" count="5" type="stmt"/>
        <line num="42" count="5" type="stmt"/>
        <line num="43" count="1" type="stmt"/>
        <line num="44" count="1" type="stmt"/>
        <line num="45" count="1" type="stmt"/>
        <line num="46" count="1" type="stmt"/>
        <line num="47" count="1" type="stmt"/>
        <line num="48" count="1" type="stmt"/>
        <line num="49" count="1" type="stmt"/>
        <line num="50" count="1" type="stmt"/>
        <line num="51" count="1" type="stmt"/>
      </file>
      <file name="Trading.tsx" path="C:\Dev\OC2-prep\TypescriptTest\ts-test\src\pages\Trading.tsx">
        <metrics statements="70" coveredstatements="70" conditionals="1" coveredconditionals="1" methods="1" coveredmethods="1"/>
        <line num="1" count="1" type="stmt"/>
        <line num="2" count="1" type="stmt"/>
        <line num="3" count="1" type="stmt"/>
        <line num="4" count="1" type="stmt"/>
        <line num="5" count="1" type="stmt"/>
        <line num="6" count="1" type="stmt"/>
        <line num="7" count="1" type="cond" truecount="1" falsecount="0"/>
        <line num="8" count="1" type="stmt"/>
        <line num="9" count="1" type="stmt"/>
        <line num="10" count="1" type="stmt"/>
        <line num="11" count="1" type="stmt"/>
        <line num="12" count="1" type="stmt"/>
        <line num="13" count="1" type="stmt"/>
        <line num="14" count="1" type="stmt"/>
        <line num="15" count="1" type="stmt"/>
        <line num="16" count="1" type="stmt"/>
        <line num="17" count="1" type="stmt"/>
        <line num="18" count="1" type="stmt"/>
        <line num="19" count="1" type="stmt"/>
        <line num="20" count="1" type="stmt"/>
        <line num="21" count="1" type="stmt"/>
        <line num="22" count="1" type="stmt"/>
        <line num="23" count="1" type="stmt"/>
        <line num="24" count="1" type="stmt"/>
        <line num="25" count="1" type="stmt"/>
        <line num="26" count="1" type="stmt"/>
        <line num="27" count="1" type="stmt"/>
        <line num="28" count="1" type="stmt"/>
        <line num="29" count="1" type="stmt"/>
        <line num="30" count="1" type="stmt"/>
        <line num="31" count="1" type="stmt"/>
        <line num="32" count="1" type="stmt"/>
        <line num="33" count="1" type="stmt"/>
        <line num="34" count="1" type="stmt"/>
        <line num="35" count="1" type="stmt"/>
        <line num="36" count="1" type="stmt"/>
        <line num="37" count="1" type="stmt"/>
        <line num="38" count="1" type="stmt"/>
        <line num="39" count="1" type="stmt"/>
        <line num="40" count="1" type="stmt"/>
        <line num="41" count="1" type="stmt"/>
        <line num="42" count="1" type="stmt"/>
        <line num="43" count="1" type="stmt"/>
        <line num="44" count="1" type="stmt"/>
        <line num="45" count="1" type="stmt"/>
        <line num="46" count="1" type="stmt"/>
        <line num="47" count="1" type="stmt"/>
        <line num="48" count="1" type="stmt"/>
        <line num="49" count="1" type="stmt"/>
        <line num="50" count="1" type="stmt"/>
        <line num="51" count="1" type="stmt"/>
        <line num="52" count="1" type="stmt"/>
        <line num="53" count="1" type="stmt"/>
        <line num="54" count="1" type="stmt"/>
        <line num="55" count="1" type="stmt"/>
        <line num="56" count="1" type="stmt"/>
        <line num="57" count="1" type="stmt"/>
        <line num="58" count="1" type="stmt"/>
        <line num="59" count="1" type="stmt"/>
        <line num="60" count="1" type="stmt"/>
        <line num="61" count="1" type="stmt"/>
        <line num="62" count="1" type="stmt"/>
        <line num="63" count="1" type="stmt"/>
        <line num="64" count="1" type="stmt"/>
        <line num="65" count="1" type="stmt"/>
        <line num="66" count="1" type="stmt"/>
        <line num="67" count="1" type="stmt"/>
        <line num="68" count="1" type="stmt"/>
        <line num="69" count="1" type="stmt"/>
        <line num="70" count="1" type="stmt"/>
      </file>
    </package>
    <package name="src.redux">
      <metrics statements="252" coveredstatements="252" conditionals="70" coveredconditionals="59" methods="17" coveredmethods="17"/>
      <file name="messagingSlice.ts" path="C:\Dev\OC2-prep\TypescriptTest\ts-test\src\redux\messagingSlice.ts">
        <metrics statements="189" coveredstatements="189" conditionals="60" coveredconditionals="49" methods="15" coveredmethods="15"/>
        <line num="1" count="1" type="stmt"/>
        <line num="2" count="1" type="stmt"/>
        <line num="3" count="1" type="stmt"/>
        <line num="4" count="1" type="stmt"/>
        <line num="5" count="1" type="stmt"/>
        <line num="6" count="1" type="cond" truecount="1" falsecount="0"/>
        <line num="7" count="1" type="stmt"/>
        <line num="8" count="1" type="stmt"/>
        <line num="9" count="1" type="stmt"/>
        <line num="10" count="1" type="stmt"/>
        <line num="11" count="1" type="cond" truecount="1" falsecount="0"/>
        <line num="12" count="1" type="stmt"/>
        <line num="13" count="1" type="stmt"/>
        <line num="14" count="1" type="stmt"/>
        <line num="15" count="1" type="stmt"/>
        <line num="16" count="1" type="stmt"/>
        <line num="17" count="1" type="stmt"/>
        <line num="18" count="1" type="stmt"/>
        <line num="19" count="1" type="stmt"/>
        <line num="20" count="1" type="stmt"/>
        <line num="21" count="1" type="stmt"/>
        <line num="22" count="1" type="stmt"/>
        <line num="23" count="1" type="stmt"/>
        <line num="24" count="1" type="cond" truecount="1" falsecount="0"/>
        <line num="25" count="6" type="cond" truecount="0" falsecount="1"/>
        <line num="26" count="6" type="cond" truecount="0" falsecount="1"/>
        <line num="27" count="6" type="stmt"/>
        <line num="28" count="6" type="stmt"/>
        <line num="29" count="6" type="cond" truecount="0" falsecount="1"/>
        <line num="30" count="6" type="stmt"/>
        <line num="31" count="1" type="stmt"/>
        <line num="32" count="1" type="cond" truecount="1" falsecount="0"/>
        <line num="33" count="1" type="stmt"/>
        <line num="34" count="1" type="stmt"/>
        <line num="35" count="6" type="stmt"/>
        <line num="36" count="6" type="stmt"/>
        <line num="37" count="6" type="cond" truecount="1" falsecount="0"/>
        <line num="38" count="3" type="stmt"/>
        <line num="39" count="3" type="stmt"/>
        <line num="40" count="6" type="cond" truecount="2" falsecount="0"/>
        <line num="41" count="2" type="stmt"/>
        <line num="42" count="6" type="stmt"/>
        <line num="43" count="1" type="stmt"/>
        <line num="44" count="1" type="stmt"/>
        <line num="45" count="1" type="cond" truecount="1" falsecount="0"/>
        <line num="46" count="15" type="stmt"/>
        <line num="47" count="15" type="cond" truecount="1" falsecount="0"/>
        <line num="48" count="673" type="cond" truecount="2" falsecount="0"/>
        <line num="49" count="628" type="cond" truecount="2" falsecount="0"/>
        <line num="50" count="494" type="stmt"/>
        <line num="51" count="673" type="stmt"/>
        <line num="52" count="15" type="cond" truecount="1" falsecount="0"/>
        <line num="53" count="15" type="stmt"/>
        <line num="54" count="15" type="cond" truecount="1" falsecount="0"/>
        <line num="55" count="7" type="cond" truecount="1" falsecount="0"/>
        <line num="56" count="1" type="cond" truecount="2" falsecount="0"/>
        <line num="57" count="6" type="cond" truecount="1" falsecount="0"/>
        <line num="58" count="7" type="stmt"/>
        <line num="59" count="7" type="cond" truecount="2" falsecount="0"/>
        <line num="60" count="8" type="cond" truecount="1" falsecount="0"/>
        <line num="61" count="2" type="cond" truecount="2" falsecount="0"/>
        <line num="62" count="6" type="cond" truecount="1" falsecount="0"/>
        <line num="63" count="15" type="stmt"/>
        <line num="64" count="15" type="stmt"/>
        <line num="65" count="1" type="stmt"/>
        <line num="66" count="1" type="stmt"/>
        <line num="67" count="1" type="cond" truecount="1" falsecount="0"/>
        <line num="68" count="2" type="cond" truecount="0" falsecount="1"/>
        <line num="69" count="2" type="cond" truecount="0" falsecount="1"/>
        <line num="70" count="2" type="cond" truecount="1" falsecount="0"/>
        <line num="71" count="2" type="stmt"/>
        <line num="72" count="2" type="stmt"/>
        <line num="73" count="1" type="stmt"/>
        <line num="74" count="1" type="stmt"/>
        <line num="75" count="1" type="stmt"/>
        <line num="76" count="1" type="cond" truecount="1" falsecount="0"/>
        <line num="77" count="18" type="cond" truecount="0" falsecount="1"/>
        <line num="78" count="18" type="stmt"/>
        <line num="79" count="18" type="stmt"/>
        <line num="80" count="1" type="stmt"/>
        <line num="81" count="1" type="stmt"/>
        <line num="82" count="1" type="cond" truecount="1" falsecount="0"/>
        <line num="83" count="11" type="stmt"/>
        <line num="84" count="11" type="cond" truecount="0" falsecount="1"/>
        <line num="85" count="11" type="cond" truecount="1" falsecount="0"/>
        <line num="86" count="11" type="stmt"/>
        <line num="87" count="11" type="stmt"/>
        <line num="88" count="1" type="stmt"/>
        <line num="89" count="1" type="stmt"/>
        <line num="90" count="1" type="cond" truecount="1" falsecount="0"/>
        <line num="91" count="2" type="stmt"/>
        <line num="92" count="2" type="cond" truecount="1" falsecount="0"/>
        <line num="93" count="90" type="cond" truecount="2" falsecount="0"/>
        <line num="94" count="2" type="stmt"/>
        <line num="95" count="2" type="stmt"/>
        <line num="96" count="2" type="cond" truecount="0" falsecount="1"/>
        <line num="97" count="1" type="stmt"/>
        <line num="98" count="1" type="stmt"/>
        <line num="99" count="2" type="stmt"/>
        <line num="100" count="1" type="stmt"/>
        <line num="101" count="1" type="stmt"/>
        <line num="102" count="1" type="cond" truecount="1" falsecount="0"/>
        <line num="103" count="3" type="cond" truecount="0" falsecount="1"/>
        <line num="104" count="3" type="stmt"/>
        <line num="105" count="3" type="stmt"/>
        <line num="106" count="3" type="cond" truecount="1" falsecount="0"/>
        <line num="107" count="3" type="cond" truecount="1" falsecount="0"/>
        <line num="108" count="1" type="stmt"/>
        <line num="109" count="1" type="cond" truecount="1" falsecount="0"/>
        <line num="110" count="1" type="stmt"/>
        <line num="111" count="3" type="stmt"/>
        <line num="112" count="3" type="stmt"/>
        <line num="113" count="3" type="stmt"/>
        <line num="114" count="3" type="stmt"/>
        <line num="115" count="3" type="stmt"/>
        <line num="116" count="1" type="stmt"/>
        <line num="117" count="1" type="stmt"/>
        <line num="118" count="1" type="stmt"/>
        <line num="119" count="1" type="stmt"/>
        <line num="120" count="1" type="stmt"/>
        <line num="121" count="1" type="stmt"/>
        <line num="122" count="1" type="stmt"/>
        <line num="123" count="1" type="cond" truecount="1" falsecount="0"/>
        <line num="124" count="1" type="cond" truecount="0" falsecount="1"/>
        <line num="125" count="1" type="cond" truecount="1" falsecount="0"/>
        <line num="126" count="1" type="cond" truecount="1" falsecount="0"/>
        <line num="127" count="1" type="stmt"/>
        <line num="128" count="1" type="stmt"/>
        <line num="129" count="1" type="stmt"/>
        <line num="130" count="1" type="stmt"/>
        <line num="131" count="1" type="cond" truecount="1" falsecount="0"/>
        <line num="132" count="2" type="cond" truecount="1" falsecount="0"/>
        <line num="133" count="2" type="stmt"/>
        <line num="134" count="2" type="stmt"/>
        <line num="135" count="1" type="stmt"/>
        <line num="136" count="1" type="stmt"/>
        <line num="137" count="1" type="stmt"/>
        <line num="138" count="1" type="stmt"/>
        <line num="139" count="1" type="stmt"/>
        <line num="140" count="1" type="stmt"/>
        <line num="141" count="1" type="stmt"/>
        <line num="142" count="1" type="stmt"/>
        <line num="143" count="1" type="stmt"/>
        <line num="144" count="1" type="stmt"/>
        <line num="145" count="1" type="stmt"/>
        <line num="146" count="1" type="stmt"/>
        <line num="147" count="1" type="stmt"/>
        <line num="148" count="1" type="stmt"/>
        <line num="149" count="1" type="stmt"/>
        <line num="150" count="1" type="stmt"/>
        <line num="151" count="1" type="stmt"/>
        <line num="152" count="1" type="stmt"/>
        <line num="153" count="1" type="stmt"/>
        <line num="154" count="1" type="stmt"/>
        <line num="155" count="1" type="stmt"/>
        <line num="156" count="1" type="stmt"/>
        <line num="157" count="1" type="stmt"/>
        <line num="158" count="1" type="stmt"/>
        <line num="159" count="1" type="stmt"/>
        <line num="160" count="1" type="stmt"/>
        <line num="161" count="1" type="stmt"/>
        <line num="162" count="1" type="stmt"/>
        <line num="163" count="1" type="stmt"/>
        <line num="164" count="3" type="cond" truecount="1" falsecount="0"/>
        <line num="165" count="3" type="cond" truecount="2" falsecount="0"/>
        <line num="166" count="3" type="stmt"/>
        <line num="167" count="1" type="stmt"/>
        <line num="168" count="6124" type="cond" truecount="1" falsecount="0"/>
        <line num="169" count="6124" type="stmt"/>
        <line num="170" count="6124" type="stmt"/>
        <line num="171" count="6124" type="stmt"/>
        <line num="172" count="1" type="stmt"/>
        <line num="173" count="1" type="cond" truecount="1" falsecount="0"/>
        <line num="174" count="6" type="stmt"/>
        <line num="175" count="6" type="cond" truecount="1" falsecount="0"/>
        <line num="176" count="90" type="stmt"/>
        <line num="177" count="90" type="cond" truecount="0" falsecount="1"/>
        <line num="178" count="90" type="stmt"/>
        <line num="179" count="6" type="stmt"/>
        <line num="180" count="6" type="stmt"/>
        <line num="181" count="1" type="stmt"/>
        <line num="182" count="1" type="stmt"/>
        <line num="183" count="1" type="stmt"/>
        <line num="184" count="1" type="stmt"/>
        <line num="185" count="1" type="stmt"/>
        <line num="186" count="1" type="stmt"/>
        <line num="187" count="1" type="stmt"/>
        <line num="188" count="1" type="stmt"/>
        <line num="189" count="1" type="stmt"/>
      </file>
      <file name="store.ts" path="C:\Dev\OC2-prep\TypescriptTest\ts-test\src\redux\store.ts">
        <metrics statements="63" coveredstatements="63" conditionals="10" coveredconditionals="10" methods="2" coveredmethods="2"/>
        <line num="1" count="1" type="stmt"/>
        <line num="2" count="1" type="stmt"/>
        <line num="3" count="1" type="stmt"/>
        <line num="4" count="1" type="stmt"/>
        <line num="5" count="1" type="stmt"/>
        <line num="6" count="1" type="stmt"/>
        <line num="7" count="1" type="stmt"/>
        <line num="8" count="1" type="stmt"/>
        <line num="9" count="1" type="stmt"/>
        <line num="10" count="1" type="stmt"/>
        <line num="11" count="1" type="stmt"/>
        <line num="12" count="1" type="stmt"/>
        <line num="13" count="1" type="stmt"/>
        <line num="14" count="1" type="stmt"/>
        <line num="15" count="1" type="stmt"/>
        <line num="16" count="1" type="stmt"/>
        <line num="17" count="1" type="stmt"/>
        <line num="18" count="1" type="cond" truecount="1" falsecount="0"/>
        <line num="19" count="60" type="stmt"/>
        <line num="20" count="60" type="stmt"/>
        <line num="21" count="1" type="stmt"/>
        <line num="22" count="1" type="stmt"/>
        <line num="23" count="1" type="stmt"/>
        <line num="24" count="60" type="cond" truecount="1" falsecount="0"/>
        <line num="25" count="60" type="stmt"/>
        <line num="26" count="60" type="stmt"/>
        <line num="27" count="60" type="stmt"/>
        <line num="28" count="60" type="stmt"/>
        <line num="29" count="60" type="cond" truecount="1" falsecount="0"/>
        <line num="30" count="3" type="stmt"/>
        <line num="31" count="3" type="stmt"/>
        <line num="32" count="60" type="stmt"/>
        <line num="33" count="60" type="stmt"/>
        <line num="34" count="60" type="cond" truecount="1" falsecount="0"/>
        <line num="35" count="7" type="stmt"/>
        <line num="36" count="7" type="stmt"/>
        <line num="37" count="7" type="stmt"/>
        <line num="38" count="7" type="stmt"/>
        <line num="39" count="60" type="stmt"/>
        <line num="40" count="60" type="stmt"/>
        <line num="41" count="60" type="cond" truecount="1" falsecount="0"/>
        <line num="42" count="6" type="stmt"/>
        <line num="43" count="6" type="stmt"/>
        <line num="44" count="6" type="stmt"/>
        <line num="45" count="6" type="stmt"/>
        <line num="46" count="60" type="stmt"/>
        <line num="47" count="60" type="cond" truecount="1" falsecount="0"/>
        <line num="48" count="2" type="stmt"/>
        <line num="49" count="2" type="stmt"/>
        <line num="50" count="2" type="stmt"/>
        <line num="51" count="2" type="stmt"/>
        <line num="52" count="60" type="stmt"/>
        <line num="53" count="1" type="stmt"/>
        <line num="54" count="1" type="cond" truecount="1" falsecount="0"/>
        <line num="55" count="18" type="stmt"/>
        <line num="56" count="18" type="cond" truecount="1" falsecount="0"/>
        <line num="57" count="266" type="stmt"/>
        <line num="58" count="266" type="cond" truecount="2" falsecount="0"/>
        <line num="59" count="266" type="stmt"/>
        <line num="60" count="18" type="stmt"/>
        <line num="61" count="18" type="stmt"/>
        <line num="62" count="1" type="stmt"/>
        <line num="63" count="1" type="stmt"/>
      </file>
    </package>
    <package name="src.services">
      <metrics statements="6" coveredstatements="6" conditionals="3" coveredconditionals="3" methods="1" coveredmethods="1"/>
      <file name="formatter.tsx" path="C:\Dev\OC2-prep\TypescriptTest\ts-test\src\services\formatter.tsx">
        <metrics statements="6" coveredstatements="6" conditionals="3" coveredconditionals="3" methods="1" coveredmethods="1"/>
        <line num="1" count="1" type="stmt"/>
        <line num="2" count="1" type="stmt"/>
        <line num="3" count="1" type="cond" truecount="1" falsecount="0"/>
        <line num="4" count="260" type="cond" truecount="2" falsecount="0"/>
        <line num="5" count="260" type="stmt"/>
        <line num="6" count="1" type="stmt"/>
      </file>
    </package>
  </project>
</coverage>
