{"C:\\Dev\\OC2-prep\\TypescriptTest\\ts-test\\src\\App.tsx": {"path":"C:\\Dev\\OC2-prep\\TypescriptTest\\ts-test\\src\\App.tsx","all":false,"statementMap":{"0":{"start":{"line":1,"column":0},"end":{"line":1,"column":18}},"1":{"start":{"line":2,"column":0},"end":{"line":2,"column":34}},"2":{"start":{"line":3,"column":0},"end":{"line":3,"column":52}},"3":{"start":{"line":4,"column":0},"end":{"line":4,"column":58}},"4":{"start":{"line":5,"column":0},"end":{"line":5,"column":42}},"5":{"start":{"line":6,"column":0},"end":{"line":6,"column":44}},"6":{"start":{"line":7,"column":0},"end":{"line":7,"column":42}},"7":{"start":{"line":8,"column":0},"end":{"line":8,"column":40}},"8":{"start":{"line":9,"column":0},"end":{"line":9,"column":38}},"9":{"start":{"line":10,"column":0},"end":{"line":10,"column":50}},"10":{"start":{"line":11,"column":0},"end":{"line":11,"column":38}},"11":{"start":{"line":12,"column":0},"end":{"line":12,"column":53}},"12":{"start":{"line":13,"column":0},"end":{"line":13,"column":82}},"13":{"start":{"line":14,"column":0},"end":{"line":14,"column":78}},"14":{"start":{"line":15,"column":0},"end":{"line":15,"column":32}},"15":{"start":{"line":16,"column":0},"end":{"line":16,"column":36}},"16":{"start":{"line":17,"column":0},"end":{"line":17,"column":0}},"17":{"start":{"line":18,"column":0},"end":{"line":18,"column":41}},"18":{"start":{"line":19,"column":0},"end":{"line":19,"column":70}},"19":{"start":{"line":20,"column":0},"end":{"line":20,"column":32}},"20":{"start":{"line":21,"column":0},"end":{"line":21,"column":3}},"21":{"start":{"line":22,"column":0},"end":{"line":22,"column":0}},"22":{"start":{"line":23,"column":0},"end":{"line":23,"column":15}},"23":{"start":{"line":24,"column":0},"end":{"line":24,"column":19}},"24":{"start":{"line":25,"column":0},"end":{"line":25,"column":1}},"25":{"start":{"line":26,"column":0},"end":{"line":26,"column":0}},"26":{"start":{"line":27,"column":0},"end":{"line":27,"column":26}},"27":{"start":{"line":28,"column":0},"end":{"line":28,"column":20}},"28":{"start":{"line":29,"column":0},"end":{"line":29,"column":90}},"29":{"start":{"line":30,"column":0},"end":{"line":30,"column":102}},"30":{"start":{"line":31,"column":0},"end":{"line":31,"column":35}},"31":{"start":{"line":32,"column":0},"end":{"line":32,"column":40}},"32":{"start":{"line":33,"column":0},"end":{"line":33,"column":35}},"33":{"start":{"line":34,"column":0},"end":{"line":34,"column":12}},"34":{"start":{"line":35,"column":0},"end":{"line":35,"column":63}},"35":{"start":{"line":36,"column":0},"end":{"line":36,"column":9}},"36":{"start":{"line":37,"column":0},"end":{"line":37,"column":3}},"37":{"start":{"line":38,"column":0},"end":{"line":38,"column":0}},"38":{"start":{"line":39,"column":0},"end":{"line":39,"column":16}},"39":{"start":{"line":40,"column":0},"end":{"line":40,"column":0}},"40":{"start":{"line":41,"column":0},"end":{"line":41,"column":49}},"41":{"start":{"line":42,"column":0},"end":{"line":42,"column":85}},"42":{"start":{"line":43,"column":0},"end":{"line":43,"column":85}},"43":{"start":{"line":44,"column":0},"end":{"line":44,"column":91}},"44":{"start":{"line":45,"column":0},"end":{"line":45,"column":89}},"45":{"start":{"line":46,"column":0},"end":{"line":46,"column":85}},"46":{"start":{"line":47,"column":0},"end":{"line":47,"column":85}},"47":{"start":{"line":48,"column":0},"end":{"line":48,"column":82}},"48":{"start":{"line":49,"column":0},"end":{"line":49,"column":84}},"49":{"start":{"line":50,"column":0},"end":{"line":50,"column":4}},"50":{"start":{"line":51,"column":0},"end":{"line":51,"column":0}},"51":{"start":{"line":52,"column":0},"end":{"line":52,"column":177}},"52":{"start":{"line":53,"column":0},"end":{"line":53,"column":0}},"53":{"start":{"line":54,"column":0},"end":{"line":54,"column":0}},"54":{"start":{"line":55,"column":0},"end":{"line":55,"column":0}},"55":{"start":{"line":56,"column":0},"end":{"line":56,"column":10}},"56":{"start":{"line":57,"column":0},"end":{"line":57,"column":26}},"57":{"start":{"line":58,"column":0},"end":{"line":58,"column":32}},"58":{"start":{"line":59,"column":0},"end":{"line":59,"column":65}},"59":{"start":{"line":60,"column":0},"end":{"line":60,"column":109}},"60":{"start":{"line":61,"column":0},"end":{"line":61,"column":81}},"61":{"start":{"line":62,"column":0},"end":{"line":62,"column":22}},"62":{"start":{"line":63,"column":0},"end":{"line":63,"column":54}},"63":{"start":{"line":64,"column":0},"end":{"line":64,"column":113}},"64":{"start":{"line":65,"column":0},"end":{"line":65,"column":22}},"65":{"start":{"line":66,"column":0},"end":{"line":66,"column":14}},"66":{"start":{"line":67,"column":0},"end":{"line":67,"column":12}},"67":{"start":{"line":68,"column":0},"end":{"line":68,"column":59}},"68":{"start":{"line":69,"column":0},"end":{"line":69,"column":23}},"69":{"start":{"line":70,"column":0},"end":{"line":70,"column":26}},"70":{"start":{"line":71,"column":0},"end":{"line":71,"column":16}},"71":{"start":{"line":72,"column":0},"end":{"line":72,"column":8}},"72":{"start":{"line":73,"column":0},"end":{"line":73,"column":25}},"73":{"start":{"line":74,"column":0},"end":{"line":74,"column":29}},"74":{"start":{"line":75,"column":0},"end":{"line":75,"column":8}},"75":{"start":{"line":76,"column":0},"end":{"line":76,"column":8}},"76":{"start":{"line":77,"column":0},"end":{"line":77,"column":34}},"77":{"start":{"line":78,"column":0},"end":{"line":78,"column":89}},"78":{"start":{"line":79,"column":0},"end":{"line":79,"column":103}},"79":{"start":{"line":80,"column":0},"end":{"line":80,"column":17}},"80":{"start":{"line":81,"column":0},"end":{"line":81,"column":30}},"81":{"start":{"line":82,"column":0},"end":{"line":82,"column":89}},"82":{"start":{"line":83,"column":0},"end":{"line":83,"column":101}},"83":{"start":{"line":84,"column":0},"end":{"line":84,"column":17}},"84":{"start":{"line":85,"column":0},"end":{"line":85,"column":25}},"85":{"start":{"line":86,"column":0},"end":{"line":86,"column":30}},"86":{"start":{"line":87,"column":0},"end":{"line":87,"column":91}},"87":{"start":{"line":88,"column":0},"end":{"line":88,"column":105}},"88":{"start":{"line":89,"column":0},"end":{"line":89,"column":18}},"89":{"start":{"line":90,"column":0},"end":{"line":90,"column":7}},"90":{"start":{"line":91,"column":0},"end":{"line":91,"column":11}},"91":{"start":{"line":92,"column":0},"end":{"line":92,"column":3}},"92":{"start":{"line":93,"column":0},"end":{"line":93,"column":1}},"93":{"start":{"line":94,"column":0},"end":{"line":94,"column":0}},"94":{"start":{"line":95,"column":0},"end":{"line":95,"column":18}}},"s":{"0":1,"1":1,"2":1,"3":1,"4":1,"5":1,"6":1,"7":1,"8":1,"9":1,"10":1,"11":1,"12":1,"13":1,"14":1,"15":1,"16":1,"17":1,"18":1,"19":1,"20":1,"21":1,"22":1,"23":1,"24":1,"25":1,"26":1,"27":1,"28":1,"29":1,"30":1,"31":1,"32":1,"33":1,"34":1,"35":1,"36":1,"37":1,"38":15,"39":15,"40":15,"41":15,"42":15,"43":15,"44":15,"45":15,"46":15,"47":15,"48":15,"49":15,"50":15,"51":15,"52":15,"53":15,"54":15,"55":15,"56":15,"57":15,"58":15,"59":15,"60":15,"61":15,"62":15,"63":15,"64":15,"65":15,"66":15,"67":15,"68":15,"69":15,"70":15,"71":15,"72":15,"73":4,"74":4,"75":4,"76":4,"77":4,"78":4,"79":4,"80":4,"81":4,"82":4,"83":4,"84":4,"85":11,"86":11,"87":11,"88":11,"89":15,"90":15,"91":15,"92":15,"93":1,"94":1},"branchMap":{"0":{"type":"branch","line":39,"loc":{"start":{"line":39,"column":0},"end":{"line":93,"column":1}},"locations":[{"start":{"line":39,"column":0},"end":{"line":93,"column":1}}]},"1":{"type":"branch","line":73,"loc":{"start":{"line":73,"column":6},"end":{"line":85,"column":25}},"locations":[{"start":{"line":73,"column":6},"end":{"line":85,"column":25}}]},"2":{"type":"branch","line":85,"loc":{"start":{"line":85,"column":23},"end":{"line":89,"column":18}},"locations":[{"start":{"line":85,"column":23},"end":{"line":89,"column":18}}]}},"b":{"0":[15],"1":[4],"2":[11]},"fnMap":{"0":{"name":"App","decl":{"start":{"line":39,"column":0},"end":{"line":93,"column":1}},"loc":{"start":{"line":39,"column":0},"end":{"line":93,"column":1}},"line":39}},"f":{"0":15}}
,"C:\\Dev\\OC2-prep\\TypescriptTest\\ts-test\\src\\components\\Balance.tsx": {"path":"C:\\Dev\\OC2-prep\\TypescriptTest\\ts-test\\src\\components\\Balance.tsx","all":false,"statementMap":{"0":{"start":{"line":1,"column":0},"end":{"line":1,"column":30}},"1":{"start":{"line":2,"column":0},"end":{"line":2,"column":0}},"2":{"start":{"line":3,"column":0},"end":{"line":3,"column":49}},"3":{"start":{"line":4,"column":0},"end":{"line":4,"column":11}},"4":{"start":{"line":5,"column":0},"end":{"line":5,"column":44}},"5":{"start":{"line":6,"column":0},"end":{"line":6,"column":49}},"6":{"start":{"line":7,"column":0},"end":{"line":7,"column":63}},"7":{"start":{"line":8,"column":0},"end":{"line":8,"column":83}},"8":{"start":{"line":9,"column":0},"end":{"line":9,"column":159}},"9":{"start":{"line":10,"column":0},"end":{"line":10,"column":22}},"10":{"start":{"line":11,"column":0},"end":{"line":11,"column":54}},"11":{"start":{"line":12,"column":0},"end":{"line":12,"column":49}},"12":{"start":{"line":13,"column":0},"end":{"line":13,"column":62}},"13":{"start":{"line":14,"column":0},"end":{"line":14,"column":82}},"14":{"start":{"line":15,"column":0},"end":{"line":15,"column":159}},"15":{"start":{"line":16,"column":0},"end":{"line":16,"column":22}},"16":{"start":{"line":17,"column":0},"end":{"line":17,"column":54}},"17":{"start":{"line":18,"column":0},"end":{"line":18,"column":49}},"18":{"start":{"line":19,"column":0},"end":{"line":19,"column":64}},"19":{"start":{"line":20,"column":0},"end":{"line":20,"column":84}},"20":{"start":{"line":21,"column":0},"end":{"line":21,"column":159}},"21":{"start":{"line":22,"column":0},"end":{"line":22,"column":22}},"22":{"start":{"line":23,"column":0},"end":{"line":23,"column":42}},"23":{"start":{"line":24,"column":0},"end":{"line":24,"column":14}},"24":{"start":{"line":25,"column":0},"end":{"line":25,"column":5}},"25":{"start":{"line":26,"column":0},"end":{"line":26,"column":1}},"26":{"start":{"line":27,"column":0},"end":{"line":27,"column":0}},"27":{"start":{"line":28,"column":0},"end":{"line":28,"column":22}},"28":{"start":{"line":29,"column":0},"end":{"line":29,"column":0}},"29":{"start":{"line":30,"column":0},"end":{"line":30,"column":17}},"30":{"start":{"line":31,"column":0},"end":{"line":31,"column":23}},"31":{"start":{"line":32,"column":0},"end":{"line":32,"column":30}},"32":{"start":{"line":33,"column":0},"end":{"line":33,"column":29}},"33":{"start":{"line":34,"column":0},"end":{"line":34,"column":31}},"34":{"start":{"line":35,"column":0},"end":{"line":35,"column":5}},"35":{"start":{"line":36,"column":0},"end":{"line":36,"column":1}}},"s":{"0":1,"1":1,"2":1,"3":15,"4":15,"5":15,"6":15,"7":15,"8":15,"9":15,"10":15,"11":15,"12":15,"13":15,"14":15,"15":15,"16":15,"17":15,"18":15,"19":15,"20":15,"21":15,"22":15,"23":15,"24":15,"25":15,"26":1,"27":1,"28":1,"29":1,"30":1,"31":1,"32":1,"33":1,"34":1,"35":1},"branchMap":{"0":{"type":"branch","line":3,"loc":{"start":{"line":3,"column":16},"end":{"line":26,"column":1}},"locations":[{"start":{"line":3,"column":16},"end":{"line":26,"column":1}}]}},"b":{"0":[15]},"fnMap":{"0":{"name":"Balance","decl":{"start":{"line":3,"column":16},"end":{"line":26,"column":1}},"loc":{"start":{"line":3,"column":16},"end":{"line":26,"column":1}},"line":3}},"f":{"0":15}}
,"C:\\Dev\\OC2-prep\\TypescriptTest\\ts-test\\src\\components\\CreditCards.tsx": {"path":"C:\\Dev\\OC2-prep\\TypescriptTest\\ts-test\\src\\components\\CreditCards.tsx","all":false,"statementMap":{"0":{"start":{"line":1,"column":0},"end":{"line":1,"column":34}},"1":{"start":{"line":2,"column":0},"end":{"line":2,"column":53}},"2":{"start":{"line":3,"column":0},"end":{"line":3,"column":0}},"3":{"start":{"line":4,"column":0},"end":{"line":4,"column":23}},"4":{"start":{"line":5,"column":0},"end":{"line":5,"column":12}},"5":{"start":{"line":6,"column":0},"end":{"line":6,"column":55}},"6":{"start":{"line":7,"column":0},"end":{"line":7,"column":56}},"7":{"start":{"line":8,"column":0},"end":{"line":8,"column":62}},"8":{"start":{"line":9,"column":0},"end":{"line":9,"column":72}},"9":{"start":{"line":10,"column":0},"end":{"line":10,"column":74}},"10":{"start":{"line":11,"column":0},"end":{"line":11,"column":22}},"11":{"start":{"line":12,"column":0},"end":{"line":12,"column":49}},"12":{"start":{"line":13,"column":0},"end":{"line":13,"column":61}},"13":{"start":{"line":14,"column":0},"end":{"line":14,"column":99}},"14":{"start":{"line":15,"column":0},"end":{"line":15,"column":63}},"15":{"start":{"line":16,"column":0},"end":{"line":16,"column":59}},"16":{"start":{"line":17,"column":0},"end":{"line":17,"column":68}},"17":{"start":{"line":18,"column":0},"end":{"line":18,"column":99}},"18":{"start":{"line":19,"column":0},"end":{"line":19,"column":97}},"19":{"start":{"line":20,"column":0},"end":{"line":20,"column":34}},"20":{"start":{"line":21,"column":0},"end":{"line":21,"column":72}},"21":{"start":{"line":22,"column":0},"end":{"line":22,"column":30}},"22":{"start":{"line":23,"column":0},"end":{"line":23,"column":26}},"23":{"start":{"line":24,"column":0},"end":{"line":24,"column":22}},"24":{"start":{"line":25,"column":0},"end":{"line":25,"column":22}},"25":{"start":{"line":26,"column":0},"end":{"line":26,"column":59}},"26":{"start":{"line":27,"column":0},"end":{"line":27,"column":62}},"27":{"start":{"line":28,"column":0},"end":{"line":28,"column":68}},"28":{"start":{"line":29,"column":0},"end":{"line":29,"column":66}},"29":{"start":{"line":30,"column":0},"end":{"line":30,"column":18}},"30":{"start":{"line":31,"column":0},"end":{"line":31,"column":14}},"31":{"start":{"line":32,"column":0},"end":{"line":32,"column":5}},"32":{"start":{"line":33,"column":0},"end":{"line":33,"column":1}},"33":{"start":{"line":34,"column":0},"end":{"line":34,"column":0}},"34":{"start":{"line":35,"column":0},"end":{"line":35,"column":26}}},"s":{"0":1,"1":1,"2":1,"3":15,"4":15,"5":15,"6":15,"7":15,"8":15,"9":15,"10":15,"11":15,"12":15,"13":15,"14":15,"15":15,"16":15,"17":15,"18":15,"19":15,"20":15,"21":15,"22":15,"23":15,"24":15,"25":15,"26":15,"27":15,"28":15,"29":15,"30":15,"31":15,"32":15,"33":1,"34":1},"branchMap":{"0":{"type":"branch","line":4,"loc":{"start":{"line":4,"column":0},"end":{"line":33,"column":1}},"locations":[{"start":{"line":4,"column":0},"end":{"line":33,"column":1}}]}},"b":{"0":[15]},"fnMap":{"0":{"name":"CreditCards","decl":{"start":{"line":4,"column":0},"end":{"line":33,"column":1}},"loc":{"start":{"line":4,"column":0},"end":{"line":33,"column":1}},"line":4}},"f":{"0":15}}
,"C:\\Dev\\OC2-prep\\TypescriptTest\\ts-test\\src\\components\\CreditCardsOptions.tsx": {"path":"C:\\Dev\\OC2-prep\\TypescriptTest\\ts-test\\src\\components\\CreditCardsOptions.tsx","all":false,"statementMap":{"0":{"start":{"line":1,"column":0},"end":{"line":1,"column":41}},"1":{"start":{"line":2,"column":0},"end":{"line":2,"column":0}},"2":{"start":{"line":3,"column":0},"end":{"line":3,"column":17}},"3":{"start":{"line":4,"column":0},"end":{"line":4,"column":25}},"4":{"start":{"line":5,"column":0},"end":{"line":5,"column":1}},"5":{"start":{"line":6,"column":0},"end":{"line":6,"column":0}},"6":{"start":{"line":7,"column":0},"end":{"line":7,"column":53}},"7":{"start":{"line":8,"column":0},"end":{"line":8,"column":66}},"8":{"start":{"line":9,"column":0},"end":{"line":9,"column":50}},"9":{"start":{"line":10,"column":0},"end":{"line":10,"column":11}},"10":{"start":{"line":11,"column":0},"end":{"line":11,"column":1}},"11":{"start":{"line":12,"column":0},"end":{"line":12,"column":0}},"12":{"start":{"line":13,"column":0},"end":{"line":13,"column":33}}},"s":{"0":1,"1":1,"2":1,"3":1,"4":1,"5":1,"6":45,"7":45,"8":45,"9":45,"10":45,"11":1,"12":1},"branchMap":{"0":{"type":"branch","line":7,"loc":{"start":{"line":7,"column":0},"end":{"line":11,"column":1}},"locations":[{"start":{"line":7,"column":0},"end":{"line":11,"column":1}}]}},"b":{"0":[45]},"fnMap":{"0":{"name":"CreditCardsOptions","decl":{"start":{"line":7,"column":0},"end":{"line":11,"column":1}},"loc":{"start":{"line":7,"column":0},"end":{"line":11,"column":1}},"line":7}},"f":{"0":45}}
,"C:\\Dev\\OC2-prep\\TypescriptTest\\ts-test\\src\\components\\CryptoAreaChart.tsx": {"path":"C:\\Dev\\OC2-prep\\TypescriptTest\\ts-test\\src\\components\\CryptoAreaChart.tsx","all":false,"statementMap":{"0":{"start":{"line":1,"column":0},"end":{"line":1,"column":101}},"1":{"start":{"line":2,"column":0},"end":{"line":2,"column":38}},"2":{"start":{"line":3,"column":0},"end":{"line":3,"column":0}},"3":{"start":{"line":4,"column":0},"end":{"line":4,"column":30}},"4":{"start":{"line":5,"column":0},"end":{"line":5,"column":31}},"5":{"start":{"line":6,"column":0},"end":{"line":6,"column":31}},"6":{"start":{"line":7,"column":0},"end":{"line":7,"column":31}},"7":{"start":{"line":8,"column":0},"end":{"line":8,"column":31}},"8":{"start":{"line":9,"column":0},"end":{"line":9,"column":1}},"9":{"start":{"line":10,"column":0},"end":{"line":10,"column":0}},"10":{"start":{"line":11,"column":0},"end":{"line":11,"column":47}},"11":{"start":{"line":12,"column":0},"end":{"line":12,"column":11}},"12":{"start":{"line":13,"column":0},"end":{"line":13,"column":35}},"13":{"start":{"line":14,"column":0},"end":{"line":14,"column":5}},"14":{"start":{"line":15,"column":0},"end":{"line":15,"column":1}},"15":{"start":{"line":16,"column":0},"end":{"line":16,"column":0}},"16":{"start":{"line":17,"column":0},"end":{"line":17,"column":27}},"17":{"start":{"line":18,"column":0},"end":{"line":18,"column":11}},"18":{"start":{"line":19,"column":0},"end":{"line":19,"column":94}},"19":{"start":{"line":20,"column":0},"end":{"line":20,"column":99}},"20":{"start":{"line":21,"column":0},"end":{"line":21,"column":22}},"21":{"start":{"line":22,"column":0},"end":{"line":22,"column":109}},"22":{"start":{"line":23,"column":0},"end":{"line":23,"column":83}},"23":{"start":{"line":24,"column":0},"end":{"line":24,"column":82}},"24":{"start":{"line":25,"column":0},"end":{"line":25,"column":37}},"25":{"start":{"line":26,"column":0},"end":{"line":26,"column":23}},"26":{"start":{"line":27,"column":0},"end":{"line":27,"column":71}},"27":{"start":{"line":28,"column":0},"end":{"line":28,"column":84}},"28":{"start":{"line":29,"column":0},"end":{"line":29,"column":163}},"29":{"start":{"line":30,"column":0},"end":{"line":30,"column":25}},"30":{"start":{"line":31,"column":0},"end":{"line":31,"column":34}},"31":{"start":{"line":32,"column":0},"end":{"line":32,"column":66}},"32":{"start":{"line":33,"column":0},"end":{"line":33,"column":63}},"33":{"start":{"line":34,"column":0},"end":{"line":34,"column":62}},"34":{"start":{"line":35,"column":0},"end":{"line":35,"column":43}},"35":{"start":{"line":36,"column":0},"end":{"line":36,"column":18}},"36":{"start":{"line":37,"column":0},"end":{"line":37,"column":111}},"37":{"start":{"line":38,"column":0},"end":{"line":38,"column":122}},"38":{"start":{"line":39,"column":0},"end":{"line":39,"column":29}},"39":{"start":{"line":40,"column":0},"end":{"line":40,"column":27}},"40":{"start":{"line":41,"column":0},"end":{"line":41,"column":24}},"41":{"start":{"line":42,"column":0},"end":{"line":42,"column":30}},"42":{"start":{"line":43,"column":0},"end":{"line":43,"column":5}},"43":{"start":{"line":44,"column":0},"end":{"line":44,"column":1}},"44":{"start":{"line":45,"column":0},"end":{"line":45,"column":0}},"45":{"start":{"line":46,"column":0},"end":{"line":46,"column":30}},"46":{"start":{"line":47,"column":0},"end":{"line":47,"column":0}},"47":{"start":{"line":48,"column":0},"end":{"line":48,"column":44}},"48":{"start":{"line":49,"column":0},"end":{"line":49,"column":37}},"49":{"start":{"line":50,"column":0},"end":{"line":50,"column":15}},"50":{"start":{"line":51,"column":0},"end":{"line":51,"column":48}},"51":{"start":{"line":52,"column":0},"end":{"line":52,"column":58}},"52":{"start":{"line":53,"column":0},"end":{"line":53,"column":87}},"53":{"start":{"line":54,"column":0},"end":{"line":54,"column":18}},"54":{"start":{"line":55,"column":0},"end":{"line":55,"column":9}},"55":{"start":{"line":56,"column":0},"end":{"line":56,"column":5}},"56":{"start":{"line":57,"column":0},"end":{"line":57,"column":1}},"57":{"start":{"line":58,"column":0},"end":{"line":58,"column":0}},"58":{"start":{"line":59,"column":0},"end":{"line":59,"column":17}},"59":{"start":{"line":60,"column":0},"end":{"line":60,"column":17}},"60":{"start":{"line":61,"column":0},"end":{"line":61,"column":18}},"61":{"start":{"line":62,"column":0},"end":{"line":62,"column":1}}},"s":{"0":1,"1":1,"2":1,"3":1,"4":1,"5":1,"6":1,"7":1,"8":1,"9":1,"10":12,"11":12,"12":12,"13":12,"14":12,"15":1,"16":1,"17":1,"18":1,"19":1,"20":1,"21":1,"22":1,"23":1,"24":1,"25":1,"26":1,"27":1,"28":1,"29":1,"30":1,"31":1,"32":1,"33":1,"34":1,"35":1,"36":1,"37":1,"38":1,"39":1,"40":1,"41":1,"42":1,"43":1,"44":1,"45":1,"46":1,"47":1,"48":1,"49":0,"50":0,"51":0,"52":0,"53":0,"54":0,"55":0,"56":1,"57":1,"58":1,"59":1,"60":1,"61":1},"branchMap":{"0":{"type":"branch","line":11,"loc":{"start":{"line":11,"column":0},"end":{"line":15,"column":1}},"locations":[{"start":{"line":11,"column":0},"end":{"line":15,"column":1}}]},"1":{"type":"branch","line":17,"loc":{"start":{"line":17,"column":0},"end":{"line":44,"column":1}},"locations":[{"start":{"line":17,"column":0},"end":{"line":44,"column":1}}]},"2":{"type":"branch","line":48,"loc":{"start":{"line":48,"column":22},"end":{"line":57,"column":1}},"locations":[{"start":{"line":48,"column":22},"end":{"line":57,"column":1}}]},"3":{"type":"branch","line":49,"loc":{"start":{"line":49,"column":16},"end":{"line":49,"column":36}},"locations":[{"start":{"line":49,"column":16},"end":{"line":49,"column":36}}]},"4":{"type":"branch","line":49,"loc":{"start":{"line":49,"column":36},"end":{"line":56,"column":5}},"locations":[{"start":{"line":49,"column":36},"end":{"line":56,"column":5}}]}},"b":{"0":[12],"1":[1],"2":[1],"3":[0],"4":[0]},"fnMap":{"0":{"name":"CustomYTicks","decl":{"start":{"line":11,"column":0},"end":{"line":15,"column":1}},"loc":{"start":{"line":11,"column":0},"end":{"line":15,"column":1}},"line":11},"1":{"name":"CryptoAreaChart","decl":{"start":{"line":17,"column":0},"end":{"line":44,"column":1}},"loc":{"start":{"line":17,"column":0},"end":{"line":44,"column":1}},"line":17},"2":{"name":"CustomTooltip","decl":{"start":{"line":48,"column":22},"end":{"line":57,"column":1}},"loc":{"start":{"line":48,"column":22},"end":{"line":57,"column":1}},"line":48}},"f":{"0":12,"1":1,"2":1}}
,"C:\\Dev\\OC2-prep\\TypescriptTest\\ts-test\\src\\components\\Cryptos.tsx": {"path":"C:\\Dev\\OC2-prep\\TypescriptTest\\ts-test\\src\\components\\Cryptos.tsx","all":false,"statementMap":{"0":{"start":{"line":1,"column":0},"end":{"line":1,"column":30}},"1":{"start":{"line":2,"column":0},"end":{"line":2,"column":49}},"2":{"start":{"line":3,"column":0},"end":{"line":3,"column":45}},"3":{"start":{"line":4,"column":0},"end":{"line":4,"column":44}},"4":{"start":{"line":5,"column":0},"end":{"line":5,"column":0}},"5":{"start":{"line":6,"column":0},"end":{"line":6,"column":23}},"6":{"start":{"line":7,"column":0},"end":{"line":7,"column":11}},"7":{"start":{"line":8,"column":0},"end":{"line":8,"column":48}},"8":{"start":{"line":9,"column":0},"end":{"line":9,"column":56}},"9":{"start":{"line":10,"column":0},"end":{"line":10,"column":46}},"10":{"start":{"line":11,"column":0},"end":{"line":11,"column":20}},"11":{"start":{"line":12,"column":0},"end":{"line":12,"column":36}},"12":{"start":{"line":13,"column":0},"end":{"line":13,"column":33}},"13":{"start":{"line":14,"column":0},"end":{"line":14,"column":35}},"14":{"start":{"line":15,"column":0},"end":{"line":15,"column":37}},"15":{"start":{"line":16,"column":0},"end":{"line":16,"column":41}},"16":{"start":{"line":17,"column":0},"end":{"line":17,"column":42}},"17":{"start":{"line":18,"column":0},"end":{"line":18,"column":18}},"18":{"start":{"line":19,"column":0},"end":{"line":19,"column":5}},"19":{"start":{"line":20,"column":0},"end":{"line":20,"column":0}},"20":{"start":{"line":21,"column":0},"end":{"line":21,"column":1}},"21":{"start":{"line":22,"column":0},"end":{"line":22,"column":0}},"22":{"start":{"line":23,"column":0},"end":{"line":23,"column":66}},"23":{"start":{"line":24,"column":0},"end":{"line":24,"column":11}},"24":{"start":{"line":25,"column":0},"end":{"line":25,"column":98}},"25":{"start":{"line":26,"column":0},"end":{"line":26,"column":181}},"26":{"start":{"line":27,"column":0},"end":{"line":27,"column":261}},"27":{"start":{"line":28,"column":0},"end":{"line":28,"column":217}},"28":{"start":{"line":29,"column":0},"end":{"line":29,"column":98}},"29":{"start":{"line":30,"column":0},"end":{"line":30,"column":72}},"30":{"start":{"line":31,"column":0},"end":{"line":31,"column":18}},"31":{"start":{"line":32,"column":0},"end":{"line":32,"column":5}},"32":{"start":{"line":33,"column":0},"end":{"line":33,"column":1}},"33":{"start":{"line":34,"column":0},"end":{"line":34,"column":0}},"34":{"start":{"line":35,"column":0},"end":{"line":35,"column":22}}},"s":{"0":1,"1":1,"2":1,"3":1,"4":1,"5":1,"6":15,"7":15,"8":15,"9":15,"10":30,"11":30,"12":30,"13":30,"14":30,"15":15,"16":15,"17":15,"18":15,"19":15,"20":15,"21":1,"22":1,"23":30,"24":30,"25":30,"26":30,"27":30,"28":30,"29":30,"30":30,"31":30,"32":30,"33":1,"34":1},"branchMap":{"0":{"type":"branch","line":6,"loc":{"start":{"line":6,"column":16},"end":{"line":21,"column":1}},"locations":[{"start":{"line":6,"column":16},"end":{"line":21,"column":1}}]},"1":{"type":"branch","line":10,"loc":{"start":{"line":10,"column":29},"end":{"line":16,"column":39}},"locations":[{"start":{"line":10,"column":29},"end":{"line":16,"column":39}}]},"2":{"type":"branch","line":23,"loc":{"start":{"line":23,"column":15},"end":{"line":33,"column":1}},"locations":[{"start":{"line":23,"column":15},"end":{"line":33,"column":1}}]},"3":{"type":"branch","line":25,"loc":{"start":{"line":25,"column":39},"end":{"line":25,"column":69}},"locations":[{"start":{"line":25,"column":39},"end":{"line":25,"column":69}}]},"4":{"type":"branch","line":25,"loc":{"start":{"line":25,"column":46},"end":{"line":25,"column":98}},"locations":[{"start":{"line":25,"column":46},"end":{"line":25,"column":98}}]},"5":{"type":"branch","line":27,"loc":{"start":{"line":27,"column":41},"end":{"line":27,"column":82}},"locations":[{"start":{"line":27,"column":41},"end":{"line":27,"column":82}}]},"6":{"type":"branch","line":28,"loc":{"start":{"line":28,"column":114},"end":{"line":28,"column":139}},"locations":[{"start":{"line":28,"column":114},"end":{"line":28,"column":139}}]},"7":{"type":"branch","line":29,"loc":{"start":{"line":29,"column":39},"end":{"line":29,"column":65}},"locations":[{"start":{"line":29,"column":39},"end":{"line":29,"column":65}}]},"8":{"type":"branch","line":29,"loc":{"start":{"line":29,"column":46},"end":{"line":29,"column":88}},"locations":[{"start":{"line":29,"column":46},"end":{"line":29,"column":88}}]},"9":{"type":"branch","line":30,"loc":{"start":{"line":30,"column":24},"end":{"line":30,"column":72}},"locations":[{"start":{"line":30,"column":24},"end":{"line":30,"column":72}}]}},"b":{"0":[15],"1":[30],"2":[30],"3":[15],"4":[15],"5":[0],"6":[0],"7":[15],"8":[15],"9":[15]},"fnMap":{"0":{"name":"Cryptos","decl":{"start":{"line":6,"column":16},"end":{"line":21,"column":1}},"loc":{"start":{"line":6,"column":16},"end":{"line":21,"column":1}},"line":6},"1":{"name":"Crypto","decl":{"start":{"line":23,"column":15},"end":{"line":33,"column":1}},"loc":{"start":{"line":23,"column":15},"end":{"line":33,"column":1}},"line":23}},"f":{"0":15,"1":30}}
,"C:\\Dev\\OC2-prep\\TypescriptTest\\ts-test\\src\\components\\Header.tsx": {"path":"C:\\Dev\\OC2-prep\\TypescriptTest\\ts-test\\src\\components\\Header.tsx","all":false,"statementMap":{"0":{"start":{"line":1,"column":0},"end":{"line":1,"column":29}},"1":{"start":{"line":2,"column":0},"end":{"line":2,"column":36}},"2":{"start":{"line":3,"column":0},"end":{"line":3,"column":45}},"3":{"start":{"line":4,"column":0},"end":{"line":4,"column":48}},"4":{"start":{"line":5,"column":0},"end":{"line":5,"column":0}},"5":{"start":{"line":6,"column":0},"end":{"line":6,"column":61}},"6":{"start":{"line":7,"column":0},"end":{"line":7,"column":12}},"7":{"start":{"line":8,"column":0},"end":{"line":8,"column":108}},"8":{"start":{"line":9,"column":0},"end":{"line":9,"column":52}},"9":{"start":{"line":10,"column":0},"end":{"line":10,"column":39}},"10":{"start":{"line":11,"column":0},"end":{"line":11,"column":54}},"11":{"start":{"line":12,"column":0},"end":{"line":12,"column":61}},"12":{"start":{"line":13,"column":0},"end":{"line":13,"column":76}},"13":{"start":{"line":14,"column":0},"end":{"line":14,"column":89}},"14":{"start":{"line":15,"column":0},"end":{"line":15,"column":22}},"15":{"start":{"line":16,"column":0},"end":{"line":16,"column":18}},"16":{"start":{"line":17,"column":0},"end":{"line":17,"column":52}},"17":{"start":{"line":18,"column":0},"end":{"line":18,"column":37}},"18":{"start":{"line":19,"column":0},"end":{"line":19,"column":21}},"19":{"start":{"line":20,"column":0},"end":{"line":20,"column":47}},"20":{"start":{"line":21,"column":0},"end":{"line":21,"column":18}},"21":{"start":{"line":22,"column":0},"end":{"line":22,"column":47}},"22":{"start":{"line":23,"column":0},"end":{"line":23,"column":53}},"23":{"start":{"line":24,"column":0},"end":{"line":24,"column":36}},"24":{"start":{"line":25,"column":0},"end":{"line":25,"column":18}},"25":{"start":{"line":26,"column":0},"end":{"line":26,"column":17}},"26":{"start":{"line":27,"column":0},"end":{"line":27,"column":5}},"27":{"start":{"line":28,"column":0},"end":{"line":28,"column":1}},"28":{"start":{"line":29,"column":0},"end":{"line":29,"column":0}},"29":{"start":{"line":30,"column":0},"end":{"line":30,"column":21}},"30":{"start":{"line":31,"column":0},"end":{"line":31,"column":0}},"31":{"start":{"line":32,"column":0},"end":{"line":32,"column":18}},"32":{"start":{"line":33,"column":0},"end":{"line":33,"column":20}},"33":{"start":{"line":34,"column":0},"end":{"line":34,"column":21}},"34":{"start":{"line":35,"column":0},"end":{"line":35,"column":17}},"35":{"start":{"line":36,"column":0},"end":{"line":36,"column":21}},"36":{"start":{"line":37,"column":0},"end":{"line":37,"column":1}}},"s":{"0":1,"1":1,"2":1,"3":1,"4":1,"5":30,"6":30,"7":30,"8":30,"9":30,"10":30,"11":30,"12":30,"13":30,"14":30,"15":30,"16":30,"17":30,"18":30,"19":30,"20":30,"21":30,"22":30,"23":30,"24":30,"25":30,"26":30,"27":30,"28":1,"29":1,"30":1,"31":1,"32":1,"33":1,"34":1,"35":1,"36":1},"branchMap":{"0":{"type":"branch","line":6,"loc":{"start":{"line":6,"column":0},"end":{"line":28,"column":1}},"locations":[{"start":{"line":6,"column":0},"end":{"line":28,"column":1}}]},"1":{"type":"branch","line":8,"loc":{"start":{"line":8,"column":38},"end":{"line":8,"column":87}},"locations":[{"start":{"line":8,"column":38},"end":{"line":8,"column":87}}]},"2":{"type":"branch","line":8,"loc":{"start":{"line":8,"column":53},"end":{"line":8,"column":108}},"locations":[{"start":{"line":8,"column":53},"end":{"line":8,"column":108}}]}},"b":{"0":[30],"1":[16],"2":[14]},"fnMap":{"0":{"name":"Header","decl":{"start":{"line":6,"column":0},"end":{"line":28,"column":1}},"loc":{"start":{"line":6,"column":0},"end":{"line":28,"column":1}},"line":6}},"f":{"0":30}}
,"C:\\Dev\\OC2-prep\\TypescriptTest\\ts-test\\src\\components\\MessagingHorizontalMenu.tsx": {"path":"C:\\Dev\\OC2-prep\\TypescriptTest\\ts-test\\src\\components\\MessagingHorizontalMenu.tsx","all":false,"statementMap":{"0":{"start":{"line":1,"column":0},"end":{"line":1,"column":39}},"1":{"start":{"line":2,"column":0},"end":{"line":2,"column":46}},"2":{"start":{"line":3,"column":0},"end":{"line":3,"column":0}},"3":{"start":{"line":4,"column":0},"end":{"line":4,"column":68}},"4":{"start":{"line":5,"column":0},"end":{"line":5,"column":11}},"5":{"start":{"line":6,"column":0},"end":{"line":6,"column":46}},"6":{"start":{"line":7,"column":0},"end":{"line":7,"column":207}},"7":{"start":{"line":8,"column":0},"end":{"line":8,"column":198}},"8":{"start":{"line":9,"column":0},"end":{"line":9,"column":196}},"9":{"start":{"line":10,"column":0},"end":{"line":10,"column":11}},"10":{"start":{"line":11,"column":0},"end":{"line":11,"column":1}},"11":{"start":{"line":12,"column":0},"end":{"line":12,"column":0}},"12":{"start":{"line":13,"column":0},"end":{"line":13,"column":38}},"13":{"start":{"line":14,"column":0},"end":{"line":14,"column":0}},"14":{"start":{"line":15,"column":0},"end":{"line":15,"column":17}},"15":{"start":{"line":16,"column":0},"end":{"line":16,"column":34}},"16":{"start":{"line":17,"column":0},"end":{"line":17,"column":1}}},"s":{"0":1,"1":1,"2":1,"3":10,"4":10,"5":10,"6":10,"7":10,"8":10,"9":10,"10":10,"11":1,"12":1,"13":1,"14":1,"15":1,"16":1},"branchMap":{"0":{"type":"branch","line":4,"loc":{"start":{"line":4,"column":0},"end":{"line":11,"column":1}},"locations":[{"start":{"line":4,"column":0},"end":{"line":11,"column":1}}]},"1":{"type":"branch","line":7,"loc":{"start":{"line":7,"column":94},"end":{"line":7,"column":158}},"locations":[{"start":{"line":7,"column":94},"end":{"line":7,"column":158}}]},"2":{"type":"branch","line":7,"loc":{"start":{"line":7,"column":106},"end":{"line":7,"column":182}},"locations":[{"start":{"line":7,"column":106},"end":{"line":7,"column":182}}]},"3":{"type":"branch","line":8,"loc":{"start":{"line":8,"column":92},"end":{"line":8,"column":154}},"locations":[{"start":{"line":8,"column":92},"end":{"line":8,"column":154}}]},"4":{"type":"branch","line":8,"loc":{"start":{"line":8,"column":102},"end":{"line":8,"column":178}},"locations":[{"start":{"line":8,"column":102},"end":{"line":8,"column":178}}]},"5":{"type":"branch","line":9,"loc":{"start":{"line":9,"column":91},"end":{"line":9,"column":152}},"locations":[{"start":{"line":9,"column":91},"end":{"line":9,"column":152}}]},"6":{"type":"branch","line":9,"loc":{"start":{"line":9,"column":100},"end":{"line":9,"column":176}},"locations":[{"start":{"line":9,"column":100},"end":{"line":9,"column":176}}]}},"b":{"0":[10],"1":[1],"2":[9],"3":[8],"4":[2],"5":[1],"6":[9]},"fnMap":{"0":{"name":"MessagingHorizontalMenu","decl":{"start":{"line":4,"column":0},"end":{"line":11,"column":1}},"loc":{"start":{"line":4,"column":0},"end":{"line":11,"column":1}},"line":4}},"f":{"0":10}}
,"C:\\Dev\\OC2-prep\\TypescriptTest\\ts-test\\src\\components\\Modal.tsx": {"path":"C:\\Dev\\OC2-prep\\TypescriptTest\\ts-test\\src\\components\\Modal.tsx","all":false,"statementMap":{"0":{"start":{"line":1,"column":0},"end":{"line":1,"column":52}},"1":{"start":{"line":2,"column":0},"end":{"line":2,"column":28}},"2":{"start":{"line":3,"column":0},"end":{"line":3,"column":0}},"3":{"start":{"line":4,"column":0},"end":{"line":4,"column":110}},"4":{"start":{"line":5,"column":0},"end":{"line":5,"column":0}},"5":{"start":{"line":6,"column":0},"end":{"line":6,"column":53}},"6":{"start":{"line":7,"column":0},"end":{"line":7,"column":63}},"7":{"start":{"line":8,"column":0},"end":{"line":8,"column":4}},"8":{"start":{"line":9,"column":0},"end":{"line":9,"column":21}},"9":{"start":{"line":10,"column":0},"end":{"line":10,"column":96}},"10":{"start":{"line":11,"column":0},"end":{"line":11,"column":92}},"11":{"start":{"line":12,"column":0},"end":{"line":12,"column":6}},"12":{"start":{"line":13,"column":0},"end":{"line":13,"column":4}},"13":{"start":{"line":14,"column":0},"end":{"line":14,"column":55}},"14":{"start":{"line":15,"column":0},"end":{"line":15,"column":12}},"15":{"start":{"line":16,"column":0},"end":{"line":16,"column":24}},"16":{"start":{"line":17,"column":0},"end":{"line":17,"column":137}},"17":{"start":{"line":18,"column":0},"end":{"line":18,"column":22}},"18":{"start":{"line":19,"column":0},"end":{"line":19,"column":18}},"19":{"start":{"line":20,"column":0},"end":{"line":20,"column":15}},"20":{"start":{"line":21,"column":0},"end":{"line":21,"column":5}},"21":{"start":{"line":22,"column":0},"end":{"line":22,"column":1}},"22":{"start":{"line":23,"column":0},"end":{"line":23,"column":0}},"23":{"start":{"line":24,"column":0},"end":{"line":24,"column":20}},"24":{"start":{"line":25,"column":0},"end":{"line":25,"column":0}},"25":{"start":{"line":26,"column":0},"end":{"line":26,"column":17}},"26":{"start":{"line":27,"column":0},"end":{"line":27,"column":23}},"27":{"start":{"line":28,"column":0},"end":{"line":28,"column":29}},"28":{"start":{"line":29,"column":0},"end":{"line":29,"column":33}},"29":{"start":{"line":30,"column":0},"end":{"line":30,"column":31}},"30":{"start":{"line":31,"column":0},"end":{"line":31,"column":49}},"31":{"start":{"line":32,"column":0},"end":{"line":32,"column":1}}},"s":{"0":1,"1":1,"2":1,"3":15,"4":15,"5":15,"6":15,"7":15,"8":15,"9":15,"10":15,"11":15,"12":15,"13":15,"14":15,"15":15,"16":4,"17":4,"18":4,"19":11,"20":15,"21":15,"22":1,"23":1,"24":1,"25":1,"26":1,"27":1,"28":1,"29":1,"30":1,"31":1},"branchMap":{"0":{"type":"branch","line":4,"loc":{"start":{"line":4,"column":0},"end":{"line":22,"column":1}},"locations":[{"start":{"line":4,"column":0},"end":{"line":22,"column":1}}]},"1":{"type":"branch","line":16,"loc":{"start":{"line":16,"column":8},"end":{"line":19,"column":18}},"locations":[{"start":{"line":16,"column":8},"end":{"line":19,"column":18}}]},"2":{"type":"branch","line":19,"loc":{"start":{"line":19,"column":8},"end":{"line":20,"column":15}},"locations":[{"start":{"line":19,"column":8},"end":{"line":20,"column":15}}]},"3":{"type":"branch","line":9,"loc":{"start":{"line":9,"column":14},"end":{"line":12,"column":5}},"locations":[{"start":{"line":9,"column":14},"end":{"line":12,"column":5}}]},"4":{"type":"branch","line":10,"loc":{"start":{"line":10,"column":44},"end":{"line":10,"column":59}},"locations":[{"start":{"line":10,"column":44},"end":{"line":10,"column":59}}]},"5":{"type":"branch","line":10,"loc":{"start":{"line":10,"column":76},"end":{"line":10,"column":95}},"locations":[{"start":{"line":10,"column":76},"end":{"line":10,"column":95}}]},"6":{"type":"branch","line":10,"loc":{"start":{"line":10,"column":95},"end":{"line":11,"column":59}},"locations":[{"start":{"line":10,"column":95},"end":{"line":11,"column":59}}]},"7":{"type":"branch","line":11,"loc":{"start":{"line":11,"column":59},"end":{"line":11,"column":92}},"locations":[{"start":{"line":11,"column":59},"end":{"line":11,"column":92}}]},"8":{"type":"branch","line":17,"loc":{"start":{"line":17,"column":63},"end":{"line":17,"column":137}},"locations":[{"start":{"line":17,"column":63},"end":{"line":17,"column":137}}]},"9":{"type":"branch","line":17,"loc":{"start":{"line":17,"column":108},"end":{"line":17,"column":134}},"locations":[{"start":{"line":17,"column":108},"end":{"line":17,"column":134}}]}},"b":{"0":[15],"1":[4],"2":[11],"3":[15],"4":[4],"5":[4],"6":[0],"7":[0],"8":[2],"9":[0]},"fnMap":{"0":{"name":"Modal","decl":{"start":{"line":4,"column":0},"end":{"line":22,"column":1}},"loc":{"start":{"line":4,"column":0},"end":{"line":22,"column":1}},"line":4},"1":{"name":"onClick","decl":{"start":{"line":17,"column":63},"end":{"line":17,"column":137}},"loc":{"start":{"line":17,"column":63},"end":{"line":17,"column":137}},"line":17}},"f":{"0":15,"1":2}}
,"C:\\Dev\\OC2-prep\\TypescriptTest\\ts-test\\src\\components\\OwnedCurrencyList.tsx": {"path":"C:\\Dev\\OC2-prep\\TypescriptTest\\ts-test\\src\\components\\OwnedCurrencyList.tsx","all":false,"statementMap":{"0":{"start":{"line":1,"column":0},"end":{"line":1,"column":40}},"1":{"start":{"line":2,"column":0},"end":{"line":2,"column":0}},"2":{"start":{"line":3,"column":0},"end":{"line":3,"column":43}},"3":{"start":{"line":4,"column":0},"end":{"line":4,"column":82}},"4":{"start":{"line":5,"column":0},"end":{"line":5,"column":79}},"5":{"start":{"line":6,"column":0},"end":{"line":6,"column":82}},"6":{"start":{"line":7,"column":0},"end":{"line":7,"column":79}},"7":{"start":{"line":8,"column":0},"end":{"line":8,"column":82}},"8":{"start":{"line":9,"column":0},"end":{"line":9,"column":79}},"9":{"start":{"line":10,"column":0},"end":{"line":10,"column":82}},"10":{"start":{"line":11,"column":0},"end":{"line":11,"column":79}},"11":{"start":{"line":12,"column":0},"end":{"line":12,"column":82}},"12":{"start":{"line":13,"column":0},"end":{"line":13,"column":1}},"13":{"start":{"line":14,"column":0},"end":{"line":14,"column":0}},"14":{"start":{"line":15,"column":0},"end":{"line":15,"column":29}},"15":{"start":{"line":16,"column":0},"end":{"line":16,"column":11}},"16":{"start":{"line":17,"column":0},"end":{"line":17,"column":58}},"17":{"start":{"line":18,"column":0},"end":{"line":18,"column":32}},"18":{"start":{"line":19,"column":0},"end":{"line":19,"column":19}},"19":{"start":{"line":20,"column":0},"end":{"line":20,"column":227}},"20":{"start":{"line":21,"column":0},"end":{"line":21,"column":23}},"21":{"start":{"line":22,"column":0},"end":{"line":22,"column":690}},"22":{"start":{"line":23,"column":0},"end":{"line":23,"column":24}},"23":{"start":{"line":24,"column":0},"end":{"line":24,"column":20}},"24":{"start":{"line":25,"column":0},"end":{"line":25,"column":18}},"25":{"start":{"line":26,"column":0},"end":{"line":26,"column":5}},"26":{"start":{"line":27,"column":0},"end":{"line":27,"column":1}},"27":{"start":{"line":28,"column":0},"end":{"line":28,"column":0}},"28":{"start":{"line":29,"column":0},"end":{"line":29,"column":29}},"29":{"start":{"line":30,"column":0},"end":{"line":30,"column":21}},"30":{"start":{"line":31,"column":0},"end":{"line":31,"column":19}},"31":{"start":{"line":32,"column":0},"end":{"line":32,"column":18}},"32":{"start":{"line":33,"column":0},"end":{"line":33,"column":26}},"33":{"start":{"line":34,"column":0},"end":{"line":34,"column":1}},"34":{"start":{"line":35,"column":0},"end":{"line":35,"column":0}},"35":{"start":{"line":36,"column":0},"end":{"line":36,"column":32}}},"s":{"0":1,"1":1,"2":1,"3":1,"4":1,"5":1,"6":1,"7":1,"8":1,"9":1,"10":1,"11":1,"12":1,"13":1,"14":1,"15":1,"16":1,"17":1,"18":1,"19":1,"20":1,"21":1,"22":1,"23":1,"24":1,"25":1,"26":1,"27":1,"28":1,"29":1,"30":1,"31":1,"32":1,"33":1,"34":1,"35":1},"branchMap":{"0":{"type":"branch","line":15,"loc":{"start":{"line":15,"column":0},"end":{"line":27,"column":1}},"locations":[{"start":{"line":15,"column":0},"end":{"line":27,"column":1}}]},"1":{"type":"branch","line":22,"loc":{"start":{"line":22,"column":37},"end":{"line":22,"column":688}},"locations":[{"start":{"line":22,"column":37},"end":{"line":22,"column":688}}]},"2":{"type":"branch","line":22,"loc":{"start":{"line":22,"column":171},"end":{"line":22,"column":230}},"locations":[{"start":{"line":22,"column":171},"end":{"line":22,"column":230}}]},"3":{"type":"branch","line":22,"loc":{"start":{"line":22,"column":226},"end":{"line":22,"column":233}},"locations":[{"start":{"line":22,"column":226},"end":{"line":22,"column":233}}]},"4":{"type":"branch","line":22,"loc":{"start":{"line":22,"column":257},"end":{"line":22,"column":292}},"locations":[{"start":{"line":22,"column":257},"end":{"line":22,"column":292}}]},"5":{"type":"branch","line":22,"loc":{"start":{"line":22,"column":261},"end":{"line":22,"column":326}},"locations":[{"start":{"line":22,"column":261},"end":{"line":22,"column":326}}]},"6":{"type":"branch","line":22,"loc":{"start":{"line":22,"column":555},"end":{"line":22,"column":586}},"locations":[{"start":{"line":22,"column":555},"end":{"line":22,"column":586}}]},"7":{"type":"branch","line":22,"loc":{"start":{"line":22,"column":652},"end":{"line":22,"column":676}},"locations":[{"start":{"line":22,"column":652},"end":{"line":22,"column":676}}]}},"b":{"0":[1],"1":[9],"2":[1],"3":[8],"4":[5],"5":[4],"6":[0],"7":[0]},"fnMap":{"0":{"name":"OwnedCurrencyList","decl":{"start":{"line":15,"column":0},"end":{"line":27,"column":1}},"loc":{"start":{"line":15,"column":0},"end":{"line":27,"column":1}},"line":15}},"f":{"0":1}}
,"C:\\Dev\\OC2-prep\\TypescriptTest\\ts-test\\src\\components\\RecurringDebits.tsx": {"path":"C:\\Dev\\OC2-prep\\TypescriptTest\\ts-test\\src\\components\\RecurringDebits.tsx","all":false,"statementMap":{"0":{"start":{"line":1,"column":0},"end":{"line":1,"column":38}},"1":{"start":{"line":2,"column":0},"end":{"line":2,"column":49}},"2":{"start":{"line":3,"column":0},"end":{"line":3,"column":43}},"3":{"start":{"line":4,"column":0},"end":{"line":4,"column":43}},"4":{"start":{"line":5,"column":0},"end":{"line":5,"column":0}},"5":{"start":{"line":6,"column":0},"end":{"line":6,"column":31}},"6":{"start":{"line":7,"column":0},"end":{"line":7,"column":0}},"7":{"start":{"line":8,"column":0},"end":{"line":8,"column":12}},"8":{"start":{"line":9,"column":0},"end":{"line":9,"column":50}},"9":{"start":{"line":10,"column":0},"end":{"line":10,"column":63}},"10":{"start":{"line":11,"column":0},"end":{"line":11,"column":46}},"11":{"start":{"line":12,"column":0},"end":{"line":12,"column":23}},"12":{"start":{"line":13,"column":0},"end":{"line":13,"column":42}},"13":{"start":{"line":14,"column":0},"end":{"line":14,"column":62}},"14":{"start":{"line":15,"column":0},"end":{"line":15,"column":41}},"15":{"start":{"line":16,"column":0},"end":{"line":16,"column":41}},"16":{"start":{"line":17,"column":0},"end":{"line":17,"column":22}},"17":{"start":{"line":18,"column":0},"end":{"line":18,"column":14}},"18":{"start":{"line":19,"column":0},"end":{"line":19,"column":42}},"19":{"start":{"line":20,"column":0},"end":{"line":20,"column":18}},"20":{"start":{"line":21,"column":0},"end":{"line":21,"column":5}},"21":{"start":{"line":22,"column":0},"end":{"line":22,"column":1}},"22":{"start":{"line":23,"column":0},"end":{"line":23,"column":0}},"23":{"start":{"line":24,"column":0},"end":{"line":24,"column":59}},"24":{"start":{"line":25,"column":0},"end":{"line":25,"column":0}},"25":{"start":{"line":26,"column":0},"end":{"line":26,"column":73}},"26":{"start":{"line":27,"column":0},"end":{"line":27,"column":0}},"27":{"start":{"line":28,"column":0},"end":{"line":28,"column":11}},"28":{"start":{"line":29,"column":0},"end":{"line":29,"column":89}},"29":{"start":{"line":30,"column":0},"end":{"line":30,"column":42}},"30":{"start":{"line":31,"column":0},"end":{"line":31,"column":59}},"31":{"start":{"line":32,"column":0},"end":{"line":32,"column":71}},"32":{"start":{"line":33,"column":0},"end":{"line":33,"column":112}},"33":{"start":{"line":34,"column":0},"end":{"line":34,"column":22}},"34":{"start":{"line":35,"column":0},"end":{"line":35,"column":65}},"35":{"start":{"line":36,"column":0},"end":{"line":36,"column":65}},"36":{"start":{"line":37,"column":0},"end":{"line":37,"column":18}},"37":{"start":{"line":38,"column":0},"end":{"line":38,"column":52}},"38":{"start":{"line":39,"column":0},"end":{"line":39,"column":18}},"39":{"start":{"line":40,"column":0},"end":{"line":40,"column":5}},"40":{"start":{"line":41,"column":0},"end":{"line":41,"column":1}},"41":{"start":{"line":42,"column":0},"end":{"line":42,"column":0}},"42":{"start":{"line":43,"column":0},"end":{"line":43,"column":30}}},"s":{"0":1,"1":1,"2":1,"3":1,"4":1,"5":1,"6":15,"7":15,"8":15,"9":15,"10":15,"11":30,"12":30,"13":30,"14":30,"15":30,"16":30,"17":15,"18":15,"19":15,"20":15,"21":15,"22":1,"23":1,"24":30,"25":30,"26":30,"27":30,"28":30,"29":30,"30":30,"31":30,"32":30,"33":30,"34":30,"35":30,"36":30,"37":30,"38":30,"39":30,"40":30,"41":1,"42":1},"branchMap":{"0":{"type":"branch","line":6,"loc":{"start":{"line":6,"column":24},"end":{"line":22,"column":1}},"locations":[{"start":{"line":6,"column":24},"end":{"line":22,"column":1}}]},"1":{"type":"branch","line":11,"loc":{"start":{"line":11,"column":28},"end":{"line":17,"column":22}},"locations":[{"start":{"line":11,"column":28},"end":{"line":17,"column":22}}]},"2":{"type":"branch","line":24,"loc":{"start":{"line":24,"column":14},"end":{"line":41,"column":1}},"locations":[{"start":{"line":24,"column":14},"end":{"line":41,"column":1}}]},"3":{"type":"branch","line":29,"loc":{"start":{"line":29,"column":28},"end":{"line":29,"column":61}},"locations":[{"start":{"line":29,"column":28},"end":{"line":29,"column":61}}]},"4":{"type":"branch","line":29,"loc":{"start":{"line":29,"column":37},"end":{"line":29,"column":89}},"locations":[{"start":{"line":29,"column":37},"end":{"line":29,"column":89}}]},"5":{"type":"branch","line":33,"loc":{"start":{"line":33,"column":51},"end":{"line":33,"column":90}},"locations":[{"start":{"line":33,"column":51},"end":{"line":33,"column":90}}]},"6":{"type":"branch","line":36,"loc":{"start":{"line":36,"column":17},"end":{"line":36,"column":65}},"locations":[{"start":{"line":36,"column":17},"end":{"line":36,"column":65}}]}},"b":{"0":[15],"1":[30],"2":[30],"3":[15],"4":[15],"5":[0],"6":[15]},"fnMap":{"0":{"name":"RecurringDebits","decl":{"start":{"line":6,"column":24},"end":{"line":22,"column":1}},"loc":{"start":{"line":6,"column":24},"end":{"line":22,"column":1}},"line":6},"1":{"name":"Debit","decl":{"start":{"line":24,"column":14},"end":{"line":41,"column":1}},"loc":{"start":{"line":24,"column":14},"end":{"line":41,"column":1}},"line":24}},"f":{"0":15,"1":30}}
,"C:\\Dev\\OC2-prep\\TypescriptTest\\ts-test\\src\\components\\StatsHorizontalMenu.tsx": {"path":"C:\\Dev\\OC2-prep\\TypescriptTest\\ts-test\\src\\components\\StatsHorizontalMenu.tsx","all":false,"statementMap":{"0":{"start":{"line":1,"column":0},"end":{"line":1,"column":39}},"1":{"start":{"line":2,"column":0},"end":{"line":2,"column":42}},"2":{"start":{"line":3,"column":0},"end":{"line":3,"column":0}},"3":{"start":{"line":4,"column":0},"end":{"line":4,"column":53}},"4":{"start":{"line":5,"column":0},"end":{"line":5,"column":11}},"5":{"start":{"line":6,"column":0},"end":{"line":6,"column":69}},"6":{"start":{"line":7,"column":0},"end":{"line":7,"column":166}},"7":{"start":{"line":8,"column":0},"end":{"line":8,"column":171}},"8":{"start":{"line":9,"column":0},"end":{"line":9,"column":180}},"9":{"start":{"line":10,"column":0},"end":{"line":10,"column":175}},"10":{"start":{"line":11,"column":0},"end":{"line":11,"column":56}},"11":{"start":{"line":12,"column":0},"end":{"line":12,"column":14}},"12":{"start":{"line":13,"column":0},"end":{"line":13,"column":5}},"13":{"start":{"line":14,"column":0},"end":{"line":14,"column":1}},"14":{"start":{"line":15,"column":0},"end":{"line":15,"column":0}},"15":{"start":{"line":16,"column":0},"end":{"line":16,"column":34}},"16":{"start":{"line":17,"column":0},"end":{"line":17,"column":0}},"17":{"start":{"line":18,"column":0},"end":{"line":18,"column":17}},"18":{"start":{"line":19,"column":0},"end":{"line":19,"column":23}},"19":{"start":{"line":20,"column":0},"end":{"line":20,"column":1}}},"s":{"0":1,"1":1,"2":1,"3":5,"4":5,"5":5,"6":5,"7":5,"8":5,"9":5,"10":5,"11":5,"12":5,"13":5,"14":1,"15":1,"16":1,"17":1,"18":1,"19":1},"branchMap":{"0":{"type":"branch","line":4,"loc":{"start":{"line":4,"column":0},"end":{"line":14,"column":1}},"locations":[{"start":{"line":4,"column":0},"end":{"line":14,"column":1}}]},"1":{"type":"branch","line":7,"loc":{"start":{"line":7,"column":78},"end":{"line":7,"column":133}},"locations":[{"start":{"line":7,"column":78},"end":{"line":7,"column":133}}]},"2":{"type":"branch","line":7,"loc":{"start":{"line":7,"column":89},"end":{"line":7,"column":153}},"locations":[{"start":{"line":7,"column":89},"end":{"line":7,"column":153}}]},"3":{"type":"branch","line":8,"loc":{"start":{"line":8,"column":80},"end":{"line":8,"column":137}},"locations":[{"start":{"line":8,"column":80},"end":{"line":8,"column":137}}]},"4":{"type":"branch","line":8,"loc":{"start":{"line":8,"column":93},"end":{"line":8,"column":157}},"locations":[{"start":{"line":8,"column":93},"end":{"line":8,"column":157}}]},"5":{"type":"branch","line":9,"loc":{"start":{"line":9,"column":79},"end":{"line":9,"column":135}},"locations":[{"start":{"line":9,"column":79},"end":{"line":9,"column":135}}]},"6":{"type":"branch","line":9,"loc":{"start":{"line":9,"column":91},"end":{"line":9,"column":155}},"locations":[{"start":{"line":9,"column":91},"end":{"line":9,"column":155}}]},"7":{"type":"branch","line":10,"loc":{"start":{"line":10,"column":82},"end":{"line":10,"column":141}},"locations":[{"start":{"line":10,"column":82},"end":{"line":10,"column":141}}]},"8":{"type":"branch","line":10,"loc":{"start":{"line":10,"column":97},"end":{"line":10,"column":161}},"locations":[{"start":{"line":10,"column":97},"end":{"line":10,"column":161}}]}},"b":{"0":[5],"1":[1],"2":[4],"3":[1],"4":[4],"5":[2],"6":[3],"7":[1],"8":[4]},"fnMap":{"0":{"name":"StatsHorizontalMenu","decl":{"start":{"line":4,"column":0},"end":{"line":14,"column":1}},"loc":{"start":{"line":4,"column":0},"end":{"line":14,"column":1}},"line":4}},"f":{"0":5}}
,"C:\\Dev\\OC2-prep\\TypescriptTest\\ts-test\\src\\components\\Transactions.tsx": {"path":"C:\\Dev\\OC2-prep\\TypescriptTest\\ts-test\\src\\components\\Transactions.tsx","all":false,"statementMap":{"0":{"start":{"line":1,"column":0},"end":{"line":1,"column":35}},"1":{"start":{"line":2,"column":0},"end":{"line":2,"column":49}},"2":{"start":{"line":3,"column":0},"end":{"line":3,"column":49}},"3":{"start":{"line":4,"column":0},"end":{"line":4,"column":49}},"4":{"start":{"line":5,"column":0},"end":{"line":5,"column":32}},"5":{"start":{"line":6,"column":0},"end":{"line":6,"column":0}},"6":{"start":{"line":7,"column":0},"end":{"line":7,"column":28}},"7":{"start":{"line":8,"column":0},"end":{"line":8,"column":0}},"8":{"start":{"line":9,"column":0},"end":{"line":9,"column":71}},"9":{"start":{"line":10,"column":0},"end":{"line":10,"column":0}},"10":{"start":{"line":11,"column":0},"end":{"line":11,"column":12}},"11":{"start":{"line":12,"column":0},"end":{"line":12,"column":53}},"12":{"start":{"line":13,"column":0},"end":{"line":13,"column":70}},"13":{"start":{"line":14,"column":0},"end":{"line":14,"column":54}},"14":{"start":{"line":15,"column":0},"end":{"line":15,"column":29}},"15":{"start":{"line":16,"column":0},"end":{"line":16,"column":38}},"16":{"start":{"line":17,"column":0},"end":{"line":17,"column":60}},"17":{"start":{"line":18,"column":0},"end":{"line":18,"column":36}},"18":{"start":{"line":19,"column":0},"end":{"line":19,"column":41}},"19":{"start":{"line":20,"column":0},"end":{"line":20,"column":14}},"20":{"start":{"line":21,"column":0},"end":{"line":21,"column":42}},"21":{"start":{"line":22,"column":0},"end":{"line":22,"column":18}},"22":{"start":{"line":23,"column":0},"end":{"line":23,"column":7}},"23":{"start":{"line":24,"column":0},"end":{"line":24,"column":1}},"24":{"start":{"line":25,"column":0},"end":{"line":25,"column":0}},"25":{"start":{"line":26,"column":0},"end":{"line":26,"column":69}},"26":{"start":{"line":27,"column":0},"end":{"line":27,"column":0}},"27":{"start":{"line":28,"column":0},"end":{"line":28,"column":73}},"28":{"start":{"line":29,"column":0},"end":{"line":29,"column":0}},"29":{"start":{"line":30,"column":0},"end":{"line":30,"column":11}},"30":{"start":{"line":31,"column":0},"end":{"line":31,"column":55}},"31":{"start":{"line":32,"column":0},"end":{"line":32,"column":48}},"32":{"start":{"line":33,"column":0},"end":{"line":33,"column":198}},"33":{"start":{"line":34,"column":0},"end":{"line":34,"column":56}},"34":{"start":{"line":35,"column":0},"end":{"line":35,"column":298}},"35":{"start":{"line":36,"column":0},"end":{"line":36,"column":22}},"36":{"start":{"line":37,"column":0},"end":{"line":37,"column":59}},"37":{"start":{"line":38,"column":0},"end":{"line":38,"column":18}},"38":{"start":{"line":39,"column":0},"end":{"line":39,"column":48}},"39":{"start":{"line":40,"column":0},"end":{"line":40,"column":16}},"40":{"start":{"line":41,"column":0},"end":{"line":41,"column":18}},"41":{"start":{"line":42,"column":0},"end":{"line":42,"column":18}},"42":{"start":{"line":43,"column":0},"end":{"line":43,"column":5}},"43":{"start":{"line":44,"column":0},"end":{"line":44,"column":1}},"44":{"start":{"line":45,"column":0},"end":{"line":45,"column":0}},"45":{"start":{"line":46,"column":0},"end":{"line":46,"column":27}}},"s":{"0":1,"1":1,"2":1,"3":1,"4":1,"5":1,"6":1,"7":15,"8":15,"9":15,"10":15,"11":15,"12":15,"13":15,"14":90,"15":90,"16":90,"17":90,"18":90,"19":15,"20":15,"21":15,"22":15,"23":15,"24":1,"25":1,"26":90,"27":90,"28":90,"29":90,"30":90,"31":90,"32":90,"33":90,"34":90,"35":90,"36":90,"37":90,"38":90,"39":90,"40":90,"41":90,"42":90,"43":90,"44":1,"45":1},"branchMap":{"0":{"type":"branch","line":7,"loc":{"start":{"line":7,"column":21},"end":{"line":24,"column":1}},"locations":[{"start":{"line":7,"column":21},"end":{"line":24,"column":1}}]},"1":{"type":"branch","line":14,"loc":{"start":{"line":14,"column":34},"end":{"line":19,"column":41}},"locations":[{"start":{"line":14,"column":34},"end":{"line":19,"column":41}}]},"2":{"type":"branch","line":26,"loc":{"start":{"line":26,"column":20},"end":{"line":44,"column":1}},"locations":[{"start":{"line":26,"column":20},"end":{"line":44,"column":1}}]},"3":{"type":"branch","line":35,"loc":{"start":{"line":35,"column":118},"end":{"line":35,"column":165}},"locations":[{"start":{"line":35,"column":118},"end":{"line":35,"column":165}}]},"4":{"type":"branch","line":35,"loc":{"start":{"line":35,"column":122},"end":{"line":35,"column":211}},"locations":[{"start":{"line":35,"column":122},"end":{"line":35,"column":211}}]}},"b":{"0":[15],"1":[90],"2":[90],"3":[60],"4":[30]},"fnMap":{"0":{"name":"Transactions","decl":{"start":{"line":7,"column":21},"end":{"line":24,"column":1}},"loc":{"start":{"line":7,"column":21},"end":{"line":24,"column":1}},"line":7},"1":{"name":"Transaction","decl":{"start":{"line":26,"column":20},"end":{"line":44,"column":1}},"loc":{"start":{"line":26,"column":20},"end":{"line":44,"column":1}},"line":26}},"f":{"0":15,"1":90}}
,"C:\\Dev\\OC2-prep\\TypescriptTest\\ts-test\\src\\components\\Transfer.tsx": {"path":"C:\\Dev\\OC2-prep\\TypescriptTest\\ts-test\\src\\components\\Transfer.tsx","all":false,"statementMap":{"0":{"start":{"line":1,"column":0},"end":{"line":1,"column":31}},"1":{"start":{"line":2,"column":0},"end":{"line":2,"column":49}},"2":{"start":{"line":3,"column":0},"end":{"line":3,"column":37}},"3":{"start":{"line":4,"column":0},"end":{"line":4,"column":32}},"4":{"start":{"line":5,"column":0},"end":{"line":5,"column":0}},"5":{"start":{"line":6,"column":0},"end":{"line":6,"column":76}},"6":{"start":{"line":7,"column":0},"end":{"line":7,"column":0}},"7":{"start":{"line":8,"column":0},"end":{"line":8,"column":38}},"8":{"start":{"line":9,"column":0},"end":{"line":9,"column":50}},"9":{"start":{"line":10,"column":0},"end":{"line":10,"column":5}},"10":{"start":{"line":11,"column":0},"end":{"line":11,"column":0}},"11":{"start":{"line":12,"column":0},"end":{"line":12,"column":142}},"12":{"start":{"line":13,"column":0},"end":{"line":13,"column":0}},"13":{"start":{"line":14,"column":0},"end":{"line":14,"column":80}},"14":{"start":{"line":15,"column":0},"end":{"line":15,"column":0}},"15":{"start":{"line":16,"column":0},"end":{"line":16,"column":46}},"16":{"start":{"line":17,"column":0},"end":{"line":17,"column":78}},"17":{"start":{"line":18,"column":0},"end":{"line":18,"column":5}},"18":{"start":{"line":19,"column":0},"end":{"line":19,"column":0}},"19":{"start":{"line":20,"column":0},"end":{"line":20,"column":11}},"20":{"start":{"line":21,"column":0},"end":{"line":21,"column":49}},"21":{"start":{"line":22,"column":0},"end":{"line":22,"column":68}},"22":{"start":{"line":23,"column":0},"end":{"line":23,"column":64}},"23":{"start":{"line":24,"column":0},"end":{"line":24,"column":50}},"24":{"start":{"line":25,"column":0},"end":{"line":25,"column":121}},"25":{"start":{"line":26,"column":0},"end":{"line":26,"column":22}},"26":{"start":{"line":27,"column":0},"end":{"line":27,"column":79}},"27":{"start":{"line":28,"column":0},"end":{"line":28,"column":32}},"28":{"start":{"line":29,"column":0},"end":{"line":29,"column":59}},"29":{"start":{"line":30,"column":0},"end":{"line":30,"column":44}},"30":{"start":{"line":31,"column":0},"end":{"line":31,"column":28}},"31":{"start":{"line":32,"column":0},"end":{"line":32,"column":18}},"32":{"start":{"line":33,"column":0},"end":{"line":33,"column":65}},"33":{"start":{"line":34,"column":0},"end":{"line":34,"column":17}},"34":{"start":{"line":35,"column":0},"end":{"line":35,"column":65}},"35":{"start":{"line":36,"column":0},"end":{"line":36,"column":117}},"36":{"start":{"line":37,"column":0},"end":{"line":37,"column":138}},"37":{"start":{"line":38,"column":0},"end":{"line":38,"column":75}},"38":{"start":{"line":39,"column":0},"end":{"line":39,"column":71}},"39":{"start":{"line":40,"column":0},"end":{"line":40,"column":17}},"40":{"start":{"line":41,"column":0},"end":{"line":41,"column":186}},"41":{"start":{"line":42,"column":0},"end":{"line":42,"column":80}},"42":{"start":{"line":43,"column":0},"end":{"line":43,"column":32}},"43":{"start":{"line":44,"column":0},"end":{"line":44,"column":61}},"44":{"start":{"line":45,"column":0},"end":{"line":45,"column":44}},"45":{"start":{"line":46,"column":0},"end":{"line":46,"column":19}},"46":{"start":{"line":47,"column":0},"end":{"line":47,"column":25}},"47":{"start":{"line":48,"column":0},"end":{"line":48,"column":18}},"48":{"start":{"line":49,"column":0},"end":{"line":49,"column":42}},"49":{"start":{"line":50,"column":0},"end":{"line":50,"column":18}},"50":{"start":{"line":51,"column":0},"end":{"line":51,"column":5}},"51":{"start":{"line":52,"column":0},"end":{"line":52,"column":0}},"52":{"start":{"line":53,"column":0},"end":{"line":53,"column":1}},"53":{"start":{"line":54,"column":0},"end":{"line":54,"column":0}},"54":{"start":{"line":55,"column":0},"end":{"line":55,"column":23}},"55":{"start":{"line":56,"column":0},"end":{"line":56,"column":0}},"56":{"start":{"line":57,"column":0},"end":{"line":57,"column":17}},"57":{"start":{"line":58,"column":0},"end":{"line":58,"column":49}},"58":{"start":{"line":59,"column":0},"end":{"line":59,"column":22}},"59":{"start":{"line":60,"column":0},"end":{"line":60,"column":47}},"60":{"start":{"line":61,"column":0},"end":{"line":61,"column":1}}},"s":{"0":1,"1":1,"2":1,"3":1,"4":1,"5":1,"6":15,"7":15,"8":30,"9":30,"10":15,"11":15,"12":15,"13":15,"14":15,"15":15,"16":15,"17":15,"18":15,"19":15,"20":15,"21":15,"22":15,"23":15,"24":15,"25":15,"26":15,"27":15,"28":2,"29":2,"30":15,"31":15,"32":15,"33":15,"34":15,"35":60,"36":60,"37":60,"38":15,"39":15,"40":15,"41":15,"42":15,"43":2,"44":2,"45":2,"46":15,"47":15,"48":15,"49":15,"50":15,"51":15,"52":15,"53":1,"54":1,"55":1,"56":1,"57":1,"58":1,"59":1,"60":1},"branchMap":{"0":{"type":"branch","line":6,"loc":{"start":{"line":6,"column":17},"end":{"line":53,"column":1}},"locations":[{"start":{"line":6,"column":17},"end":{"line":53,"column":1}}]},"1":{"type":"branch","line":8,"loc":{"start":{"line":8,"column":4},"end":{"line":10,"column":5}},"locations":[{"start":{"line":8,"column":4},"end":{"line":10,"column":5}}]},"2":{"type":"branch","line":9,"loc":{"start":{"line":9,"column":27},"end":{"line":9,"column":49}},"locations":[{"start":{"line":9,"column":27},"end":{"line":9,"column":49}}]},"3":{"type":"branch","line":16,"loc":{"start":{"line":16,"column":4},"end":{"line":18,"column":5}},"locations":[{"start":{"line":16,"column":4},"end":{"line":18,"column":5}}]},"4":{"type":"branch","line":28,"loc":{"start":{"line":28,"column":25},"end":{"line":31,"column":19}},"locations":[{"start":{"line":28,"column":25},"end":{"line":31,"column":19}}]},"5":{"type":"branch","line":35,"loc":{"start":{"line":35,"column":49},"end":{"line":39,"column":69}},"locations":[{"start":{"line":35,"column":49},"end":{"line":39,"column":69}}]},"6":{"type":"branch","line":37,"loc":{"start":{"line":37,"column":44},"end":{"line":37,"column":134}},"locations":[{"start":{"line":37,"column":44},"end":{"line":37,"column":134}}]},"7":{"type":"branch","line":41,"loc":{"start":{"line":41,"column":55},"end":{"line":41,"column":183}},"locations":[{"start":{"line":41,"column":55},"end":{"line":41,"column":183}}]},"8":{"type":"branch","line":43,"loc":{"start":{"line":43,"column":25},"end":{"line":46,"column":19}},"locations":[{"start":{"line":43,"column":25},"end":{"line":46,"column":19}}]}},"b":{"0":[15],"1":[30],"2":[240],"3":[15],"4":[2],"5":[60],"6":[0],"7":[15],"8":[2]},"fnMap":{"0":{"name":"Transfer","decl":{"start":{"line":6,"column":17},"end":{"line":53,"column":1}},"loc":{"start":{"line":6,"column":17},"end":{"line":53,"column":1}},"line":6},"1":{"name":"getContactsInQuicklist","decl":{"start":{"line":8,"column":4},"end":{"line":10,"column":5}},"loc":{"start":{"line":8,"column":4},"end":{"line":10,"column":5}},"line":8},"2":{"name":"getBlankAvatarsToFillQuicklist","decl":{"start":{"line":16,"column":4},"end":{"line":18,"column":5}},"loc":{"start":{"line":16,"column":4},"end":{"line":18,"column":5}},"line":16},"3":{"name":"onClick","decl":{"start":{"line":28,"column":25},"end":{"line":31,"column":19}},"loc":{"start":{"line":28,"column":25},"end":{"line":31,"column":19}},"line":28},"4":{"name":"onClick","decl":{"start":{"line":36,"column":73},"end":{"line":36,"column":117}},"loc":{"start":{"line":36,"column":73},"end":{"line":36,"column":117}},"line":36},"5":{"name":"onClick","decl":{"start":{"line":43,"column":25},"end":{"line":46,"column":19}},"loc":{"start":{"line":43,"column":25},"end":{"line":46,"column":19}},"line":43}},"f":{"0":15,"1":30,"2":15,"3":2,"4":0,"5":2}}
,"C:\\Dev\\OC2-prep\\TypescriptTest\\ts-test\\src\\components\\VMenu.tsx": {"path":"C:\\Dev\\OC2-prep\\TypescriptTest\\ts-test\\src\\components\\VMenu.tsx","all":false,"statementMap":{"0":{"start":{"line":1,"column":0},"end":{"line":1,"column":28}},"1":{"start":{"line":2,"column":0},"end":{"line":2,"column":51}},"2":{"start":{"line":3,"column":0},"end":{"line":3,"column":43}},"3":{"start":{"line":4,"column":0},"end":{"line":4,"column":51}},"4":{"start":{"line":5,"column":0},"end":{"line":5,"column":43}},"5":{"start":{"line":6,"column":0},"end":{"line":6,"column":45}},"6":{"start":{"line":7,"column":0},"end":{"line":7,"column":51}},"7":{"start":{"line":8,"column":0},"end":{"line":8,"column":39}},"8":{"start":{"line":9,"column":0},"end":{"line":9,"column":0}},"9":{"start":{"line":10,"column":0},"end":{"line":10,"column":38}},"10":{"start":{"line":11,"column":0},"end":{"line":11,"column":30}},"11":{"start":{"line":12,"column":0},"end":{"line":12,"column":11}},"12":{"start":{"line":13,"column":0},"end":{"line":13,"column":52}},"13":{"start":{"line":14,"column":0},"end":{"line":14,"column":126}},"14":{"start":{"line":15,"column":0},"end":{"line":15,"column":58}},"15":{"start":{"line":16,"column":0},"end":{"line":16,"column":19}},"16":{"start":{"line":17,"column":0},"end":{"line":17,"column":169}},"17":{"start":{"line":18,"column":0},"end":{"line":18,"column":214}},"18":{"start":{"line":19,"column":0},"end":{"line":19,"column":167}},"19":{"start":{"line":20,"column":0},"end":{"line":20,"column":173}},"20":{"start":{"line":21,"column":0},"end":{"line":21,"column":63}},"21":{"start":{"line":22,"column":0},"end":{"line":22,"column":14}},"22":{"start":{"line":23,"column":0},"end":{"line":23,"column":5}},"23":{"start":{"line":24,"column":0},"end":{"line":24,"column":1}},"24":{"start":{"line":25,"column":0},"end":{"line":25,"column":0}},"25":{"start":{"line":26,"column":0},"end":{"line":26,"column":20}},"26":{"start":{"line":27,"column":0},"end":{"line":27,"column":0}},"27":{"start":{"line":28,"column":0},"end":{"line":28,"column":17}},"28":{"start":{"line":29,"column":0},"end":{"line":29,"column":23}},"29":{"start":{"line":30,"column":0},"end":{"line":30,"column":1}}},"s":{"0":1,"1":1,"2":1,"3":1,"4":1,"5":1,"6":1,"7":1,"8":1,"9":29,"10":29,"11":29,"12":29,"13":29,"14":29,"15":29,"16":29,"17":29,"18":29,"19":29,"20":29,"21":29,"22":29,"23":29,"24":1,"25":1,"26":1,"27":1,"28":1,"29":1},"branchMap":{"0":{"type":"branch","line":10,"loc":{"start":{"line":10,"column":0},"end":{"line":24,"column":1}},"locations":[{"start":{"line":10,"column":0},"end":{"line":24,"column":1}}]},"1":{"type":"branch","line":14,"loc":{"start":{"line":14,"column":51},"end":{"line":14,"column":99}},"locations":[{"start":{"line":14,"column":51},"end":{"line":14,"column":99}}]},"2":{"type":"branch","line":14,"loc":{"start":{"line":14,"column":60},"end":{"line":14,"column":126}},"locations":[{"start":{"line":14,"column":60},"end":{"line":14,"column":126}}]},"3":{"type":"branch","line":17,"loc":{"start":{"line":17,"column":64},"end":{"line":17,"column":102}},"locations":[{"start":{"line":17,"column":64},"end":{"line":17,"column":102}}]},"4":{"type":"branch","line":17,"loc":{"start":{"line":17,"column":74},"end":{"line":17,"column":118}},"locations":[{"start":{"line":17,"column":74},"end":{"line":17,"column":118}}]},"5":{"type":"branch","line":18,"loc":{"start":{"line":18,"column":58},"end":{"line":18,"column":98}},"locations":[{"start":{"line":18,"column":58},"end":{"line":18,"column":98}}]},"6":{"type":"branch","line":18,"loc":{"start":{"line":18,"column":70},"end":{"line":18,"column":114}},"locations":[{"start":{"line":18,"column":70},"end":{"line":18,"column":114}}]},"7":{"type":"branch","line":19,"loc":{"start":{"line":19,"column":60},"end":{"line":19,"column":102}},"locations":[{"start":{"line":19,"column":60},"end":{"line":19,"column":102}}]},"8":{"type":"branch","line":19,"loc":{"start":{"line":19,"column":74},"end":{"line":19,"column":118}},"locations":[{"start":{"line":19,"column":74},"end":{"line":19,"column":118}}]},"9":{"type":"branch","line":20,"loc":{"start":{"line":20,"column":59},"end":{"line":20,"column":100}},"locations":[{"start":{"line":20,"column":59},"end":{"line":20,"column":100}}]},"10":{"type":"branch","line":20,"loc":{"start":{"line":20,"column":72},"end":{"line":20,"column":116}},"locations":[{"start":{"line":20,"column":72},"end":{"line":20,"column":116}}]}},"b":{"0":[29],"1":[15],"2":[14],"3":[5],"4":[24],"5":[1],"6":[28],"7":[7],"8":[22],"9":[1],"10":[28]},"fnMap":{"0":{"name":"VMenu","decl":{"start":{"line":10,"column":0},"end":{"line":24,"column":1}},"loc":{"start":{"line":10,"column":0},"end":{"line":24,"column":1}},"line":10}},"f":{"0":29}}
,"C:\\Dev\\OC2-prep\\TypescriptTest\\ts-test\\src\\components\\Settings\\BankInfos.tsx": {"path":"C:\\Dev\\OC2-prep\\TypescriptTest\\ts-test\\src\\components\\Settings\\BankInfos.tsx","all":false,"statementMap":{"0":{"start":{"line":1,"column":0},"end":{"line":1,"column":44}},"1":{"start":{"line":2,"column":0},"end":{"line":2,"column":39}},"2":{"start":{"line":3,"column":0},"end":{"line":3,"column":38}},"3":{"start":{"line":4,"column":0},"end":{"line":4,"column":0}},"4":{"start":{"line":5,"column":0},"end":{"line":5,"column":21}},"5":{"start":{"line":6,"column":0},"end":{"line":6,"column":9}},"6":{"start":{"line":7,"column":0},"end":{"line":7,"column":46}},"7":{"start":{"line":8,"column":0},"end":{"line":8,"column":26}},"8":{"start":{"line":9,"column":0},"end":{"line":9,"column":12}},"9":{"start":{"line":10,"column":0},"end":{"line":10,"column":52}},"10":{"start":{"line":11,"column":0},"end":{"line":11,"column":57}},"11":{"start":{"line":12,"column":0},"end":{"line":12,"column":48}},"12":{"start":{"line":13,"column":0},"end":{"line":13,"column":63}},"13":{"start":{"line":14,"column":0},"end":{"line":14,"column":46}},"14":{"start":{"line":15,"column":0},"end":{"line":15,"column":55}},"15":{"start":{"line":16,"column":0},"end":{"line":16,"column":13}},"16":{"start":{"line":17,"column":0},"end":{"line":17,"column":46}},"17":{"start":{"line":18,"column":0},"end":{"line":18,"column":34}},"18":{"start":{"line":19,"column":0},"end":{"line":19,"column":14}},"19":{"start":{"line":20,"column":0},"end":{"line":20,"column":45}},"20":{"start":{"line":21,"column":0},"end":{"line":21,"column":54}},"21":{"start":{"line":22,"column":0},"end":{"line":22,"column":45}},"22":{"start":{"line":23,"column":0},"end":{"line":23,"column":16}},"23":{"start":{"line":24,"column":0},"end":{"line":24,"column":55}},"24":{"start":{"line":25,"column":0},"end":{"line":25,"column":60}},"25":{"start":{"line":26,"column":0},"end":{"line":26,"column":48}},"26":{"start":{"line":27,"column":0},"end":{"line":27,"column":17}},"27":{"start":{"line":28,"column":0},"end":{"line":28,"column":45}},"28":{"start":{"line":29,"column":0},"end":{"line":29,"column":16}},"29":{"start":{"line":30,"column":0},"end":{"line":30,"column":62}},"30":{"start":{"line":31,"column":0},"end":{"line":31,"column":62}},"31":{"start":{"line":32,"column":0},"end":{"line":32,"column":50}},"32":{"start":{"line":33,"column":0},"end":{"line":33,"column":17}},"33":{"start":{"line":34,"column":0},"end":{"line":34,"column":0}},"34":{"start":{"line":35,"column":0},"end":{"line":35,"column":14}},"35":{"start":{"line":36,"column":0},"end":{"line":36,"column":14}},"36":{"start":{"line":37,"column":0},"end":{"line":37,"column":6}},"37":{"start":{"line":38,"column":0},"end":{"line":38,"column":1}},"38":{"start":{"line":39,"column":0},"end":{"line":39,"column":0}},"39":{"start":{"line":40,"column":0},"end":{"line":40,"column":24}}},"s":{"0":1,"1":1,"2":1,"3":1,"4":1,"5":1,"6":1,"7":1,"8":1,"9":1,"10":1,"11":1,"12":1,"13":1,"14":1,"15":1,"16":1,"17":1,"18":1,"19":1,"20":1,"21":1,"22":1,"23":1,"24":1,"25":1,"26":1,"27":1,"28":1,"29":1,"30":1,"31":1,"32":1,"33":1,"34":1,"35":1,"36":1,"37":1,"38":1,"39":1},"branchMap":{"0":{"type":"branch","line":5,"loc":{"start":{"line":5,"column":0},"end":{"line":38,"column":1}},"locations":[{"start":{"line":5,"column":0},"end":{"line":38,"column":1}}]}},"b":{"0":[1]},"fnMap":{"0":{"name":"BankInfos","decl":{"start":{"line":5,"column":0},"end":{"line":38,"column":1}},"loc":{"start":{"line":5,"column":0},"end":{"line":38,"column":1}},"line":5}},"f":{"0":1}}
,"C:\\Dev\\OC2-prep\\TypescriptTest\\ts-test\\src\\components\\Settings\\ContactlessPayment.tsx": {"path":"C:\\Dev\\OC2-prep\\TypescriptTest\\ts-test\\src\\components\\Settings\\ContactlessPayment.tsx","all":false,"statementMap":{"0":{"start":{"line":1,"column":0},"end":{"line":1,"column":32}},"1":{"start":{"line":2,"column":0},"end":{"line":2,"column":53}},"2":{"start":{"line":3,"column":0},"end":{"line":3,"column":0}},"3":{"start":{"line":4,"column":0},"end":{"line":4,"column":30}},"4":{"start":{"line":5,"column":0},"end":{"line":5,"column":0}},"5":{"start":{"line":6,"column":0},"end":{"line":6,"column":69}},"6":{"start":{"line":7,"column":0},"end":{"line":7,"column":0}},"7":{"start":{"line":8,"column":0},"end":{"line":8,"column":11}},"8":{"start":{"line":9,"column":0},"end":{"line":9,"column":59}},"9":{"start":{"line":10,"column":0},"end":{"line":10,"column":62}},"10":{"start":{"line":11,"column":0},"end":{"line":11,"column":44}},"11":{"start":{"line":12,"column":0},"end":{"line":12,"column":124}},"12":{"start":{"line":13,"column":0},"end":{"line":13,"column":128}},"13":{"start":{"line":14,"column":0},"end":{"line":14,"column":18}},"14":{"start":{"line":15,"column":0},"end":{"line":15,"column":62}},"15":{"start":{"line":16,"column":0},"end":{"line":16,"column":148}},"16":{"start":{"line":17,"column":0},"end":{"line":17,"column":98}},"17":{"start":{"line":18,"column":0},"end":{"line":18,"column":85}},"18":{"start":{"line":19,"column":0},"end":{"line":19,"column":0}},"19":{"start":{"line":20,"column":0},"end":{"line":20,"column":26}},"20":{"start":{"line":21,"column":0},"end":{"line":21,"column":22}},"21":{"start":{"line":22,"column":0},"end":{"line":22,"column":18}},"22":{"start":{"line":23,"column":0},"end":{"line":23,"column":18}},"23":{"start":{"line":24,"column":0},"end":{"line":24,"column":5}},"24":{"start":{"line":25,"column":0},"end":{"line":25,"column":1}},"25":{"start":{"line":26,"column":0},"end":{"line":26,"column":0}},"26":{"start":{"line":27,"column":0},"end":{"line":27,"column":33}}},"s":{"0":1,"1":1,"2":1,"3":1,"4":1,"5":1,"6":1,"7":1,"8":1,"9":1,"10":1,"11":1,"12":1,"13":1,"14":1,"15":1,"16":1,"17":1,"18":1,"19":1,"20":1,"21":1,"22":1,"23":1,"24":1,"25":1,"26":1},"branchMap":{"0":{"type":"branch","line":4,"loc":{"start":{"line":4,"column":0},"end":{"line":25,"column":1}},"locations":[{"start":{"line":4,"column":0},"end":{"line":25,"column":1}}]},"1":{"type":"branch","line":16,"loc":{"start":{"line":16,"column":72},"end":{"line":16,"column":111}},"locations":[{"start":{"line":16,"column":72},"end":{"line":16,"column":111}}]},"2":{"type":"branch","line":16,"loc":{"start":{"line":16,"column":128},"end":{"line":16,"column":141}},"locations":[{"start":{"line":16,"column":128},"end":{"line":16,"column":141}}]},"3":{"type":"branch","line":18,"loc":{"start":{"line":18,"column":53},"end":{"line":18,"column":85}},"locations":[{"start":{"line":18,"column":53},"end":{"line":18,"column":85}}]}},"b":{"0":[1],"1":[0],"2":[0],"3":[0]},"fnMap":{"0":{"name":"ContactlessPayment","decl":{"start":{"line":4,"column":0},"end":{"line":25,"column":1}},"loc":{"start":{"line":4,"column":0},"end":{"line":25,"column":1}},"line":4},"1":{"name":"onClick","decl":{"start":{"line":17,"column":58},"end":{"line":17,"column":98}},"loc":{"start":{"line":17,"column":58},"end":{"line":17,"column":98}},"line":17}},"f":{"0":1,"1":0}}
,"C:\\Dev\\OC2-prep\\TypescriptTest\\ts-test\\src\\components\\Settings\\CustomerInfos.tsx": {"path":"C:\\Dev\\OC2-prep\\TypescriptTest\\ts-test\\src\\components\\Settings\\CustomerInfos.tsx","all":false,"statementMap":{"0":{"start":{"line":1,"column":0},"end":{"line":1,"column":48}},"1":{"start":{"line":2,"column":0},"end":{"line":2,"column":0}},"2":{"start":{"line":3,"column":0},"end":{"line":3,"column":25}},"3":{"start":{"line":4,"column":0},"end":{"line":4,"column":11}},"4":{"start":{"line":5,"column":0},"end":{"line":5,"column":54}},"5":{"start":{"line":6,"column":0},"end":{"line":6,"column":30}},"6":{"start":{"line":7,"column":0},"end":{"line":7,"column":51}},"7":{"start":{"line":8,"column":0},"end":{"line":8,"column":42}},"8":{"start":{"line":9,"column":0},"end":{"line":9,"column":44}},"9":{"start":{"line":10,"column":0},"end":{"line":10,"column":39}},"10":{"start":{"line":11,"column":0},"end":{"line":11,"column":22}},"11":{"start":{"line":12,"column":0},"end":{"line":12,"column":42}},"12":{"start":{"line":13,"column":0},"end":{"line":13,"column":40}},"13":{"start":{"line":14,"column":0},"end":{"line":14,"column":40}},"14":{"start":{"line":15,"column":0},"end":{"line":15,"column":22}},"15":{"start":{"line":16,"column":0},"end":{"line":16,"column":42}},"16":{"start":{"line":17,"column":0},"end":{"line":17,"column":48}},"17":{"start":{"line":18,"column":0},"end":{"line":18,"column":46}},"18":{"start":{"line":19,"column":0},"end":{"line":19,"column":22}},"19":{"start":{"line":20,"column":0},"end":{"line":20,"column":42}},"20":{"start":{"line":21,"column":0},"end":{"line":21,"column":43}},"21":{"start":{"line":22,"column":0},"end":{"line":22,"column":38}},"22":{"start":{"line":23,"column":0},"end":{"line":23,"column":22}},"23":{"start":{"line":24,"column":0},"end":{"line":24,"column":52}},"24":{"start":{"line":25,"column":0},"end":{"line":25,"column":40}},"25":{"start":{"line":26,"column":0},"end":{"line":26,"column":21}},"26":{"start":{"line":27,"column":0},"end":{"line":27,"column":42}},"27":{"start":{"line":28,"column":0},"end":{"line":28,"column":41}},"28":{"start":{"line":29,"column":0},"end":{"line":29,"column":48}},"29":{"start":{"line":30,"column":0},"end":{"line":30,"column":22}},"30":{"start":{"line":31,"column":0},"end":{"line":31,"column":42}},"31":{"start":{"line":32,"column":0},"end":{"line":32,"column":45}},"32":{"start":{"line":33,"column":0},"end":{"line":33,"column":55}},"33":{"start":{"line":34,"column":0},"end":{"line":34,"column":22}},"34":{"start":{"line":35,"column":0},"end":{"line":35,"column":52}},"35":{"start":{"line":36,"column":0},"end":{"line":36,"column":39}},"36":{"start":{"line":37,"column":0},"end":{"line":37,"column":21}},"37":{"start":{"line":38,"column":0},"end":{"line":38,"column":42}},"38":{"start":{"line":39,"column":0},"end":{"line":39,"column":42}},"39":{"start":{"line":40,"column":0},"end":{"line":40,"column":39}},"40":{"start":{"line":41,"column":0},"end":{"line":41,"column":22}},"41":{"start":{"line":42,"column":0},"end":{"line":42,"column":42}},"42":{"start":{"line":43,"column":0},"end":{"line":43,"column":58}},"43":{"start":{"line":44,"column":0},"end":{"line":44,"column":54}},"44":{"start":{"line":45,"column":0},"end":{"line":45,"column":22}},"45":{"start":{"line":46,"column":0},"end":{"line":46,"column":64}},"46":{"start":{"line":47,"column":0},"end":{"line":47,"column":54}},"47":{"st
[...]
":0},"end":{"line":148,"column":6}},"148":{"start":{"line":149,"column":0},"end":{"line":149,"column":3}},"149":{"start":{"line":150,"column":0},"end":{"line":150,"column":0}},"150":{"start":{"line":151,"column":0},"end":{"line":151,"column":45}},"151":{"start":{"line":152,"column":0},"end":{"line":152,"column":47}},"152":{"start":{"line":153,"column":0},"end":{"line":153,"column":1}},"153":{"start":{"line":154,"column":0},"end":{"line":154,"column":0}},"154":{"start":{"line":155,"column":0},"end":{"line":155,"column":35}},"155":{"start":{"line":156,"column":0},"end":{"line":156,"column":46}},"156":{"start":{"line":157,"column":0},"end":{"line":157,"column":77}},"157":{"start":{"line":158,"column":0},"end":{"line":158,"column":1}},"158":{"start":{"line":159,"column":0},"end":{"line":159,"column":0}},"159":{"start":{"line":160,"column":0},"end":{"line":160,"column":94}},"160":{"start":{"line":161,"column":0},"end":{"line":161,"column":34}},"161":{"start":{"line":162,"column":0},"end":{"line":162,"column":44}},"162":{"start":{"line":163,"column":0},"end":{"line":163,"column":56}},"163":{"start":{"line":164,"column":0},"end":{"line":164,"column":52}},"164":{"start":{"line":165,"column":0},"end":{"line":165,"column":5}},"165":{"start":{"line":166,"column":0},"end":{"line":166,"column":30}},"166":{"start":{"line":167,"column":0},"end":{"line":167,"column":1}},"167":{"start":{"line":168,"column":0},"end":{"line":168,"column":0}},"168":{"start":{"line":169,"column":0},"end":{"line":169,"column":49}}},"s":{"0":1,"1":1,"2":1,"3":1,"4":1,"5":1,"6":1,"7":1,"8":1,"9":1,"10":1,"11":1,"12":1,"13":1,"14":1,"15":1,"16":1,"17":1,"18":1,"19":1,"20":1,"21":0,"22":0,"23":1,"24":4,"25":4,"26":4,"27":4,"28":4,"29":4,"30":4,"31":0,"32":0,"33":4,"34":4,"35":4,"36":2,"37":2,"38":4,"39":2,"40":4,"41":1,"42":4,"43":4,"44":180,"45":180,"46":180,"47":180,"48":4,"49":4,"50":4,"51":0,"52":0,"53":0,"54":0,"55":0,"56":4,"57":2,"58":2,"59":4,"60":4,"61":1,"62":0,"63":0,"64":0,"65":0,"66":0,"67":1,"68":4,"69":4,"70":4,"71":1,"72":4,"73":4,"74":4,"75":4,"76":4,"77":1,"78":0,"79":0,"80":0,"81":0,"82":0,"83":0,"84":0,"85":0,"86":1,"87":0,"88":0,"89":0,"90":0,"91":0,"92":0,"93":0,"94":0,"95":0,"96":0,"97":0,"98":0,"99":1,"100":0,"101":0,"102":0,"103":1,"104":0,"105":0,"106":0,"107":0,"108":0,"109":0,"110":1,"111":0,"112":0,"113":0,"114":1,"115":1,"116":1,"117":1,"118":1,"119":1,"120":1,"121":1,"122":1,"123":1,"124":1,"125":1,"126":1,"127":1,"128":1,"129":1,"130":1,"131":1,"132":1,"133":1,"134":1,"135":1,"136":1,"137":1,"138":1,"139":1,"140":1,"141":1,"142":1,"143":1,"144":1,"145":1,"146":1,"147":1,"148":1,"149":1,"150":2,"151":2,"152":2,"153":1,"154":1536,"155":1536,"156":1536,"157":1536,"158":1,"159":1,"160":2,"161":2,"162":30,"163":30,"164":30,"165":2,"166":2,"167":1,"168":1},"branchMap":{"0":{"type":"branch","line":7,"loc":{"start":{"line":7,"column":36},"end":{"line":7,"column":90}},"locations":[{"start":{"line":7,"column":36},"end":{"line":7,"column":90}}]},"1":{"type":"branch","line":13,"loc":{"start":{"line":13,"column":83},"end":{"line":13,"column":137}},"locations":[{"start":{"line":13,"column":83},"end":{"line":13,"column":137}}]},"2":{"type":"branch","line":24,"loc":{"start":{"line":24,"column":25},"end":{"line":41,"column":10}},"locations":[{"start":{"line":24,"column":25},"end":{"line":41,"column":10}}]},"3":{"type":"branch","line":25,"loc":{"start":{"line":25,"column":45},"end":{"line":25,"column":61}},"locations":[{"start":{"line":25,"column":45},"end":{"line":25,"column":61}}]},"4":{"type":"branch","line":26,"loc":{"start":{"line":26,"column":44},"end":{"line":26,"column":59}},"locations":[{"start":{"line":26,"column":44},"end":{"line":26,"column":59}}]},"5":{"type":"branch","line":29,"loc":{"start":{"line":29,"column":52},"end":{"line":29,"column":58}},"locations":[{"start":{"line":29,"column":52},"end":{"line":29,"column":58}}]},"6":{"type":"branch","line":31,"loc":{"start":{"line":31,"column":33},"end":{"line":33,"column":13}},"locations":[{"start":{"line":31,"column":33},"end":{"line":33,"column":13}}]},"7":{"type":"branch","line":36,"loc":{"start":{"line":36,"column":60},"end":{"line":39,"column":43}},"locations":[{"start":{"line":36,"column":60},"end":{"line":39,"column":43}}]},"8":{"type":"branch","line":39,"loc":{"start":{"line":39,"column":36},"end":{"line":39,"column":135}},"locations":[{"start":{"line":39,"column":36},"end":{"line":39,"column":135}}]},"9":{"type":"branch","line":39,"loc":{"start":{"line":39,"column":134},"end":{"line":40,"column":110}},"locations":[{"start":{"line":39,"column":134},"end":{"line":40,"column":110}}]},"10":{"type":"branch","line":42,"loc":{"start":{"line":42,"column":26},"end":{"line":61,"column":10}},"locations":[{"start":{"line":42,"column":26},"end":{"line":61,"column":10}}]},"11":{"type":"branch","line":51,"loc":{"start":{"line":51,"column":53},"end":{"line":56,"column":13}},"locations":[{"start":{"line":51,"column":53},"end":{"line":56,"column":13}}]},"12":{"type":"branch","line":57,"loc":{"start":{"line":57,"column":65},"end":{"line":58,"column":197}},"locations":[{"start":{"line":57,"column":65},"end":{"line":58,"column":197}}]},"13":{"type":"branch","line":58,"loc":{"start":{"line":58,"column":196},"end":{"line":59,"column":199}},"locations":[{"start":{"line":58,"column":196},"end":{"line":59,"column":199}}]},"14":{"type":"branch","line":44,"loc":{"start":{"line":44,"column":32},"end":{"line":48,"column":13}},"locations":[{"start":{"line":44,"column":32},"end":{"line":48,"column":13}}]},"15":{"type":"branch","line":45,"loc":{"start":{"line":45,"column":44},"end":{"line":45,"column":69}},"locations":[{"start":{"line":45,"column":44},"end":{"line":45,"column":69}}]},"16":{"type":"branch","line":46,"loc":{"start":{"line":46,"column":42},"end":{"line":46,"column":67}},"locations":[{"start":{"line":46,"column":42},"end":{"line":46,"column":67}}]},"17":{"type":"branch","line":49,"loc":{"start":{"line":49,"column":57},"end":{"line":49,"column":85}},"locations":[{"start":{"line":49,"column":57},"end":{"line":49,"column":85}}]},"18":{"type":"branch","line":58,"loc":{"start":{"line":58,"column":41},"end":{"line":58,"column":196}},"locations":[{"start":{"line":58,"column":41},"end":{"line":58,"column":196}}]},"19":{"type":"branch","line":59,"loc":{"start":{"line":59,"column":43},"end":{"line":59,"column":198}},"locations":[{"start":{"line":59,"column":43},"end":{"line":59,"column":198}}]},"20":{"type":"branch","line":68,"loc":{"start":{"line":68,"column":36},"end":{"line":71,"column":10}},"locations":[{"start":{"line":68,"column":36},"end":{"line":71,"column":10}}]},"21":{"type":"branch","line":69,"loc":{"start":{"line":69,"column":46},"end":{"line":69,"column":52}},"locations":[{"start":{"line":69,"column":46},"end":{"line":69,"column":52}}]},"22":{"type":"branch","line":72,"loc":{"start":{"line":72,"column":24},"end":{"line":77,"column":10}},"locations":[{"start":{"line":72,"column":24},"end":{"line":77,"column":10}}]},"23":{"type":"branch","line":74,"loc":{"start":{"line":74,"column":50},"end":{"line":74,"column":56}},"locations":[{"start":{"line":74,"column":50},"end":{"line":74,"column":56}}]},"24":{"type":"branch","line":75,"loc":{"start":{"line":75,"column":59},"end":{"line":75,"column":106}},"locations":[{"start":{"line":75,"column":59},"end":{"line":75,"column":106}}]},"25":{"type":"branch","line":151,"loc":{"start":{"line":151,"column":0},"end":{"line":153,"column":1}},"locations":[{"start":{"line":151,"column":0},"end":{"line":153,"column":1}}]},"26":{"type":"branch","line":152,"loc":{"start":{"line":152,"column":33},"end":{"line":152,"column":47}},"locations":[{"start":{"line":152,"column":33},"end":{"line":152,"column":47}}]},"27":{"type":"branch","line":155,"loc":{"start":{"line":155,"column":0},"end":{"line":158,"column":1}},"locations":[{"start":{"line":155,"column":0},"end":{"line":158,"column":1}}]},"28":{"type":"branch","line":160,"loc":{"start":{"line":160,"column":7},"end":{"line":167,"column":1}},"locations":[{"start":{"line":160,"column":7},"end":{"line":167,"column":1}}]},"29":{"type":"branch","line":162,"loc":{"start":{"line":162,"column":43},"end":{"line":165,"column":5}},"locations":[{"start":{"line":162,"column":43},"end":{"line":165,"column":5}}]},"30":{"type":"branch","line":164,"loc":{"start":{"line":164,"column":46},"end":{"line":164,"column":52}},"locations":[{"start":{"line":164,"column":46},"end":{"line":164,"column":52}}]}},"b":{"0":[384],"1":[384],"2":[4],"3":[0],"4":[0],"5":[0],"6":[0],"7":[2],"8":[0],"9":[2],"10":[4],"11":[0],"12":[2],"13":[2],"14":[180],"15":[0],"16":[0],"17":[180],"18":[382],"19":[375],"20":[4],"21":[0],"22":[4],"23":[0],"24":[180],"25":[2],"26":[0],"27":[1536],"28":[2],"29":[30],"30":[0]},"fnMap":{"0":{"name":"reset","decl":{"start":{"line":21,"column":16},"end":{"line":23,"column":10}},"loc":{"start":{"line":21,"column":16},"end":{"line":23,"column":10}},"line":21},"1":{"name":"setSortingRule","decl":{"start":{"line":24,"column":25},"end":{"line":41,"column":10}},"loc":{"start":{"line":24,"column":25},"end":{"line":41,"column":10}},"line":24},"2":{"name":"setSortedEmails","decl":{"start":{"line":42,"column":26},"end":{"line":61,"column":10}},"loc":{"start":{"line":42,"column":26},"end":{"line":61,"column":10}},"line":42},"3":{"name":"filteringFn","decl":{"start":{"line":44,"column":32},"end":{"line":48,"column":13}},"loc":{"start":{"line":44,"column":32},"end":{"line":48,"column":13}},"line":44},"4":{"name":"setFilter","decl":{"start":{"line":62,"column":20},"end":{"line":67,"column":10}},"loc":{"start":{"line":62,"column":20},"end":{"line":67,"column":10}},"line":62},"5":{"name":"setDisplayedEmails_IDList","decl":{"start":{"line":68,"column":36},"end":{"line":71,"column":10}},"loc":{"start":{"line":68,"column":36},"end":{"line":71,"column":10}},"line":68},"6":{"name":"setActivePage","decl":{"start":{"line":72,"column":24},"end":{"line":77,"column":10}},"loc":{"start":{"line":72,"column":24},"end":{"line":77,"column":10}},"line":72},"7":{"name":"switchSelectAllCheckboxStatus","decl":{"start":{"line":78,"column":40},"end":{"line":86,"column":10}},"loc":{"start":{"line":78,"column":40},"end":{"line":86,"column":10}},"line":78},"8":{"name":"setTargetEmailSelectStatus","decl":{"start":{"line":87,"column":37},"end":{"line":99,"column":10}},"loc":{"start":{"line":87,"column":37},"end":{"line":99,"column":10}},"line":87},"9":{"name":"unselectAllEmails","decl":{"start":{"line":100,"column":28},"end":{"line":103,"column":10}},"loc":{"start":{"line":100,"column":28},"end":{"line":103,"column":10}},"line":100},"10":{"name":"deleteEmail","decl":{"start":{"line":104,"column":22},"end":{"line":110,"column":10}},"loc":{"start":{"line":104,"column":22},"end":{"line":110,"column":10}},"line":104},"11":{"name":"deleteSelectedEmails","decl":{"start":{"line":111,"column":31},"end":{"line":114,"column":9}},"loc":{"start":{"line":111,"column":31},"end":{"line":114,"column":9}},"line":111},"12":{"name":"invertDirection","decl":{"start":{"line":151,"column":0},"end":{"line":153,"column":1}},"loc":{"start":{"line":151,"column":0},"end":{"line":153,"column":1}},"line":151},"13":{"name":"dateToTime","decl":{"start":{"line":155,"column":0},"end":{"line":158,"column":1}},"loc":{"start":{"line":155,"column":0},"end":{"line":158,"column":1}},"line":155},"14":{"name":"generateInitialDisplayedEmailsIDList","decl":{"start":{"line":160,"column":7},"end":{"line":167,"column":1}},"loc":{"start":{"line":160,"column":7},"end":{"line":167,"column":1}},"line":160}},"f":{"0":0,"1":4,"2":4,"3":180,"4":0,"5":4,"6":4,"7":0,"8":0,"9":0,"10":0,"11":0,"12":2,"13":1536,"14":2}}
,"C:\\Dev\\OC2-prep\\TypescriptTest\\ts-test\\src\\redux\\store.ts": {"path":"C:\\Dev\\OC2-prep\\TypescriptTest\\ts-test\\src\\redux\\store.ts","all":false,"statementMap":{"0":{"start":{"line":1,"column":0},"end":{"line":1,"column":49}},"1":{"start":{"line":2,"column":0},"end":{"line":2,"column":124}},"2":{"start":{"line":3,"column":0},"end":{"line":3,"column":55}},"3":{"start":{"line":4,"column":0},"end":{"line":4,"column":0}},"4":{"start":{"line":5,"column":0},"end":{"line":5,"column":37}},"5":{"start":{"line":6,"column":0},"end":{"line":6,"column":14}},"6":{"start":{"line":7,"column":0},"end":{"line":7,"column":36}},"7":{"start":{"line":8,"column":0},"end":{"line":8,"column":6}},"8":{"start":{"line":9,"column":0},"end":{"line":9,"column":20}},"9":{"start":{"line":10,"column":0},"end":{"line":10,"column":4}},"10":{"start":{"line":11,"column":0},"end":{"line":11,"column":0}},"11":{"start":{"line":12,"column":0},"end":{"line":12,"column":77}},"12":{"start":{"line":13,"column":0},"end":{"line":13,"column":57}},"13":{"start":{"line":14,"column":0},"end":{"line":14,"column":47}},"14":{"start":{"line":15,"column":0},"end":{"line":15,"column":0}},"15":{"start":{"line":16,"column":0},"end":{"line":16,"column":20}},"16":{"start":{"line":17,"column":0},"end":{"line":17,"column":0}},"17":{"start":{"line":18,"column":0},"end":{"line":18,"column":23}},"18":{"start":{"line":19,"column":0},"end":{"line":19,"column":21}},"19":{"start":{"line":20,"column":0},"end":{"line":20,"column":2}},"20":{"start":{"line":21,"column":0},"end":{"line":21,"column":0}},"21":{"start":{"line":22,"column":0},"end":{"line":22,"column":36}},"22":{"start":{"line":23,"column":0},"end":{"line":23,"column":0}},"23":{"start":{"line":24,"column":0},"end":{"line":24,"column":29}},"24":{"start":{"line":25,"column":0},"end":{"line":25,"column":41}},"25":{"start":{"line":26,"column":0},"end":{"line":26,"column":48}},"26":{"start":{"line":27,"column":0},"end":{"line":27,"column":0}},"27":{"start":{"line":28,"column":0},"end":{"line":28,"column":59}},"28":{"start":{"line":29,"column":0},"end":{"line":29,"column":64}},"29":{"start":{"line":30,"column":0},"end":{"line":30,"column":133}},"30":{"start":{"line":31,"column":0},"end":{"line":31,"column":3}},"31":{"start":{"line":32,"column":0},"end":{"line":32,"column":0}},"32":{"start":{"line":33,"column":0},"end":{"line":33,"column":55}},"33":{"start":{"line":34,"column":0},"end":{"line":34,"column":89}},"34":{"start":{"line":35,"column":0},"end":{"line":35,"column":33}},"35":{"start":{"line":36,"column":0},"end":{"line":36,"column":37}},"36":{"start":{"line":37,"column":0},"end":{"line":37,"column":133}},"37":{"start":{"line":38,"column":0},"end":{"line":38,"column":3}},"38":{"start":{"line":39,"column":0},"end":{"line":39,"column":0}},"39":{"start":{"line":40,"column":0},"end":{"line":40,"column":56}},"40":{"start":{"line":41,"column":0},"end":{"line":41,"column":99}},"41":{"start":{"line":42,"column":0},"end":{"line":42,"column":37}},"42":{"start":{"line":43,"column":0},"end":{"line":43,"column":133}},"43":{"start":{"line":44,"column":0},"end":{"line":44,"column":51}},"44":{"start":{"line":45,"column":0},"end":{"line":45,"column":3}},"45":{"start":{"line":46,"column":0},"end":{"line":46,"column":0}},"46":{"start":{"line":47,"column":0},"end":{"line":47,"column":56}},"47":{"start":{"line":48,"column":0},"end":{"line":48,"column":37}},"48":{"start":{"line":49,"column":0},"end":{"line":49,"column":133}},"49":{"start":{"line":50,"column":0},"end":{"line":50,"column":51}},"50":{"start":{"line":51,"column":0},"end":{"line":51,"column":3}},"51":{"start":{"line":52,"column":0},"end":{"line":52,"column":1}},"52":{"start":{"line":53,"column":0},"end":{"line":53,"column":0}},"53":{"start":{"line":54,"column":0},"end":{"line":54,"column":87}},"54":{"start":{"line":55,"column":0},"end":{"line":55,"column":32}},"55":{"start":{"line":56,"column":0},"end":{"line":56,"column":125}},"56":{"start":{"line":57,"column":0},"end":{"line":57,"column":54}},"57":{"start":{"line":58,"column":0},"end":{"line":58,"column":50}},"58":{"start":{"line":59,"column":0},"end":{"line":59,"column":3}},"59":{"start":{"line":60,"column":0},"end":{"line":60,"column":28}},"60":{"start":{"line":61,"column":0},"end":{"line":61,"column":1}},"61":{"start":{"line":62,"column":0},"end":{"line":62,"column":0}},"62":{"start":{"line":63,"column":0},"end":{"line":63,"column":49}}},"s":{"0":1,"1":1,"2":1,"3":1,"4":1,"5":1,"6":1,"7":1,"8":1,"9":1,"10":1,"11":1,"12":1,"13":1,"14":1,"15":1,"16":1,"17":1,"18":16,"19":16,"20":1,"21":1,"22":1,"23":16,"24":16,"25":16,"26":16,"27":16,"28":16,"29":0,"30":0,"31":16,"32":16,"33":16,"34":0,"35":0,"36":0,"37":0,"38":16,"39":16,"40":16,"41":4,"42":4,"43":4,"44":4,"45":16,"46":16,"47":0,"48":0,"49":0,"50":0,"51":16,"52":1,"53":1,"54":4,"55":4,"56":60,"57":60,"58":60,"59":4,"60":4,"61":1,"62":1},"branchMap":{"0":{"type":"branch","line":18,"loc":{"start":{"line":18,"column":16},"end":{"line":20,"column":2}},"locations":[{"start":{"line":18,"column":16},"end":{"line":20,"column":2}}]},"1":{"type":"branch","line":24,"loc":{"start":{"line":24,"column":0},"end":{"line":52,"column":1}},"locations":[{"start":{"line":24,"column":0},"end":{"line":52,"column":1}}]},"2":{"type":"branch","line":29,"loc":{"start":{"line":29,"column":63},"end":{"line":31,"column":3}},"locations":[{"start":{"line":29,"column":63},"end":{"line":31,"column":3}}]},"3":{"type":"branch","line":34,"loc":{"start":{"line":34,"column":88},"end":{"line":38,"column":3}},"locations":[{"start":{"line":34,"column":88},"end":{"line":38,"column":3}}]},"4":{"type":"branch","line":41,"loc":{"start":{"line":41,"column":98},"end":{"line":45,"column":3}},"locations":[{"start":{"line":41,"column":98},"end":{"line":45,"column":3}}]},"5":{"type":"branch","line":47,"loc":{"start":{"line":47,"column":55},"end":{"line":51,"column":3}},"locations":[{"start":{"line":47,"column":55},"end":{"line":51,"column":3}}]},"6":{"type":"branch","line":54,"loc":{"start":{"line":54,"column":7},"end":{"line":61,"column":1}},"locations":[{"start":{"line":54,"column":7},"end":{"line":61,"column":1}}]},"7":{"type":"branch","line":56,"loc":{"start":{"line":56,"column":124},"end":{"line":59,"column":3}},"locations":[{"start":{"line":56,"column":124},"end":{"line":59,"column":3}}]},"8":{"type":"branch","line":58,"loc":{"start":{"line":58,"column":44},"end":{"line":58,"column":50}},"locations":[{"start":{"line":58,"column":44},"end":{"line":58,"column":50}}]}},"b":{"0":[16],"1":[16],"2":[0],"3":[0],"4":[4],"5":[0],"6":[4],"7":[60],"8":[0]},"fnMap":{"0":{"name":"handleStateChange","decl":{"start":{"line":24,"column":0},"end":{"line":52,"column":1}},"loc":{"start":{"line":24,"column":0},"end":{"line":52,"column":1}},"line":24},"1":{"name":"generateDisplayedEmailsIDList","decl":{"start":{"line":54,"column":7},"end":{"line":61,"column":1}},"loc":{"start":{"line":54,"column":7},"end":{"line":61,"column":1}},"line":54}},"f":{"0":16,"1":4}}
,"C:\\Dev\\OC2-prep\\TypescriptTest\\ts-test\\src\\services\\formatter.tsx": {"path":"C:\\Dev\\OC2-prep\\TypescriptTest\\ts-test\\src\\services\\formatter.tsx","all":false,"statementMap":{"0":{"start":{"line":1,"column":0},"end":{"line":1,"column":24}},"1":{"start":{"line":2,"column":0},"end":{"line":2,"column":1}},"2":{"start":{"line":3,"column":0},"end":{"line":3,"column":78}},"3":{"start":{"line":4,"column":0},"end":{"line":4,"column":122}},"4":{"start":{"line":5,"column":0},"end":{"line":5,"column":5}},"5":{"start":{"line":6,"column":0},"end":{"line":6,"column":1}}},"s":{"0":1,"1":1,"2":1,"3":150,"4":150,"5":1},"branchMap":{"0":{"type":"branch","line":3,"loc":{"start":{"line":3,"column":4},"end":{"line":5,"column":5}},"locations":[{"start":{"line":3,"column":4},"end":{"line":5,"column":5}}]},"1":{"type":"branch","line":4,"loc":{"start":{"line":4,"column":25},"end":{"line":4,"column":64}},"locations":[{"start":{"line":4,"column":25},"end":{"line":4,"column":64}}]},"2":{"type":"branch","line":4,"loc":{"start":{"line":4,"column":60},"end":{"line":4,"column":122}},"locations":[{"start":{"line":4,"column":60},"end":{"line":4,"column":122}}]}},"b":{"0":[150],"1":[120],"2":[30]},"fnMap":{"0":{"name":"addCurrencySignToAmount","decl":{"start":{"line":3,"column":4},"end":{"line":5,"column":5}},"loc":{"start":{"line":3,"column":4},"end":{"line":5,"column":5}},"line":3}},"f":{"0":150}}
}
